"../../../IA/Content/Geometry/Meshes/CubeMaterial.uasset" 0
"../../../IA/Content/Geometry/Meshes/1M_Cube_Chamfer.uasset" 1
"../../../IA/Content/Geometry/Meshes/TemplateFloor.uasset" 2
"../../../IA/Content/StarterContent/Materials/M_Basic_Floor.uasset" 3
"../../../IA/Content/StarterContent/Architecture/Floor_400x400.uasset" 4
"../../../IA/Content/StarterContent/Materials/M_Basic_Wall.uasset" 5
"../../../IA/Content/StarterContent/Architecture/Pillar_50x500.uasset" 6
"../../../IA/Content/StarterContent/Materials/M_AssetPlatform.uasset" 7
"../../../IA/Content/StarterContent/Architecture/SM_AssetPlatform.uasset" 8
"../../../IA/Content/StarterContent/Architecture/Wall_400x200.uasset" 9
"../../../IA/Content/StarterContent/Architecture/Wall_400x300.uasset" 10
"../../../IA/Content/StarterContent/Architecture/Wall_400x400.uasset" 11
"../../../IA/Content/StarterContent/Architecture/Wall_500x500.uasset" 12
"../../../IA/Content/StarterContent/Architecture/Wall_Door_400x300.uasset" 13
"../../../IA/Content/StarterContent/Architecture/Wall_Door_400x400.uasset" 14
"../../../IA/Content/StarterContent/Architecture/Wall_Window_400x300.uasset" 15
"../../../IA/Content/StarterContent/Architecture/Wall_Window_400x400.uasset" 16
"../../../IA/Content/StarterContent/Audio/Collapse_Cue.uasset" 17
"../../../IA/Content/StarterContent/Audio/Light01_Cue.uasset" 18
"../../../IA/Content/StarterContent/Audio/Light02_Cue.uasset" 19
"../../../IA/Content/StarterContent/Audio/Starter_Background_Cue.uasset" 20
"../../../IA/Content/StarterContent/Audio/Starter_Music_Cue.uasset" 21
"../../../IA/Content/StarterContent/Audio/Explosion_Cue.uasset" 22
"../../../IA/Content/StarterContent/Textures/T_Burst_M.uasset" 23
"../../../IA/Content/StarterContent/Particles/Materials/M_Burst.uasset" 24
"../../../IA/Content/StarterContent/Textures/T_Explosion_SubUV.uasset" 25
"../../../IA/Content/StarterContent/Particles/Materials/M_explosion_subUV.uasset" 26
"../../../IA/Content/StarterContent/Particles/Materials/m_flare_01.uasset" 27
"../../../Engine/Content/Functions/Engine_MaterialFunctions01/Gradient/RadialGradient.uasset" 28
"../../../IA/Content/StarterContent/Particles/Materials/M_radial_ramp.uasset" 29
"../../../IA/Content/StarterContent/Textures/T_Smoke_SubUV.uasset" 30
"../../../IA/Content/StarterContent/Textures/T_Smoke_Tiled_D.uasset" 31
"../../../IA/Content/StarterContent/Particles/Materials/M_smoke_subUV.uasset" 32
"../../../IA/Content/StarterContent/Particles/P_Explosion.uasset" 33
"../../../IA/Content/StarterContent/Blueprints/Blueprint_Effect_Explosion.uasset" 34
"../../../IA/Content/StarterContent/Audio/Smoke01_Cue.uasset" 35
"../../../IA/Content/StarterContent/Particles/P_Smoke.uasset" 36
"../../../IA/Content/StarterContent/Blueprints/Blueprint_Effect_Smoke.uasset" 37
"../../../IA/Content/StarterContent/Audio/Fire_Sparks01_Cue.uasset" 38
"../../../IA/Content/StarterContent/Particles/Materials/M_Radial_Gradient.uasset" 39
"../../../IA/Content/StarterContent/Textures/T_Spark_Core.uasset" 40
"../../../IA/Content/StarterContent/Particles/Materials/M_Spark.uasset" 41
"../../../IA/Content/StarterContent/Particles/P_Sparks.uasset" 42
"../../../IA/Content/StarterContent/Blueprints/Blueprint_Effect_Sparks.uasset" 43
"../../../IA/Content/StarterContent/Audio/Steam01_Cue.uasset" 44
"../../../IA/Content/StarterContent/Particles/P_Steam_Lit.uasset" 45
"../../../IA/Content/StarterContent/Blueprints/Blueprint_Effect_Steam.uasset" 46
"../../../IA/Content/StarterContent/Blueprints/Assets/FogBrightnessLUT.uasset" 47
"../../../IA/Content/StarterContent/Blueprints/Assets/SunlightColorLUT.uasset" 48
"../../../IA/Content/StarterContent/Blueprints/Assets/M_LightStage_Arrows.uasset" 49
"../../../Engine/Content/MapTemplates/Sky/DaylightAmbientCubemap.uasset" 50
"../../../IA/Content/StarterContent/Blueprints/Assets/M_LightStage_Skybox_Master.uasset" 51
"../../../IA/Content/StarterContent/Blueprints/Assets/M_LightStage_Skybox_Black.uasset" 52
"../../../IA/Content/StarterContent/Blueprints/Assets/M_LightStage_Skybox_HDRI.uasset" 53
"../../../Engine/Content/EditorMaterials/Thumbnails/SkySphereMaterial.uasset" 54
"../../../IA/Content/StarterContent/Blueprints/Assets/Skybox.uasset" 55
"../../../Engine/Content/Functions/Engine_MaterialFunctions01/Opacity/CameraDepthFade.uasset" 56
"../../../Engine/Content/EngineMaterials/T_Default_Material_Grid_M.uasset" 57
"../../../Engine/Content/EngineMaterials/T_Default_Material_Grid_N.uasset" 58
"../../../Engine/Content/EngineMaterials/WorldGridMaterial.uasset" 59
"../../../IA/Content/StarterContent/Blueprints/Assets/SM_Arrows.uasset" 60
"../../../IA/Content/StarterContent/HDRI/HDRI_Epic_Courtyard_Daylight.uasset" 61
"../../../IA/Content/StarterContent/Blueprints/BP_LightStudio.uasset" 62
"../../../IA/Content/StarterContent/Textures/T_Brick_Clay_Beveled_D.uasset" 63
"../../../IA/Content/StarterContent/Textures/T_Brick_Clay_Beveled_M.uasset" 64
"../../../IA/Content/StarterContent/Textures/T_Brick_Clay_Beveled_N.uasset" 65
"../../../IA/Content/StarterContent/Textures/T_MacroVariation.uasset" 66
"../../../IA/Content/StarterContent/Materials/M_Brick_Clay_Beveled.uasset" 67
"../../../IA/Content/StarterContent/Textures/T_Brick_Clay_New_D.uasset" 68
"../../../IA/Content/StarterContent/Textures/T_Brick_Clay_New_M.uasset" 69
"../../../IA/Content/StarterContent/Textures/T_Brick_Clay_New_N.uasset" 70
"../../../IA/Content/StarterContent/Textures/T_Detail_Rocky_N.uasset" 71
"../../../IA/Content/StarterContent/Materials/M_Brick_Clay_New.uasset" 72
"../../../IA/Content/StarterContent/Textures/T_Brick_Clay_Old_D.uasset" 73
"../../../IA/Content/StarterContent/Textures/T_Brick_Clay_Old_N.uasset" 74
"../../../IA/Content/StarterContent/Textures/T_Perlin_Noise_M.uasset" 75
"../../../IA/Content/StarterContent/Materials/M_Brick_Clay_Old.uasset" 76
"../../../IA/Content/StarterContent/Textures/T_Brick_Cut_Stone_D.uasset" 77
"../../../IA/Content/StarterContent/Textures/T_Brick_Cut_Stone_N.uasset" 78
"../../../IA/Content/StarterContent/Materials/M_Brick_Cut_Stone.uasset" 79
"../../../IA/Content/StarterContent/Textures/T_Brick_Hewn_Stone_D.uasset" 80
"../../../IA/Content/StarterContent/Textures/T_Brick_Hewn_Stone_M.uasset" 81
"../../../IA/Content/StarterContent/Textures/T_Brick_Hewn_Stone_N.uasset" 82
"../../../IA/Content/StarterContent/Materials/M_Brick_Hewn_Stone.uasset" 83
"../../../IA/Content/StarterContent/Textures/T_Ceramic_Tile_M.uasset" 84
"../../../IA/Content/StarterContent/Textures/T_Ceramic_Tile_N.uasset" 85
"../../../IA/Content/StarterContent/Textures/T_Rock_Marble_Polished_D.uasset" 86
"../../../IA/Content/StarterContent/Materials/M_Ceramic_Tile_Checker.uasset" 87
"../../../IA/Content/StarterContent/Textures/T_CobbleStone_Pebble_D.uasset" 88
"../../../IA/Content/StarterContent/Textures/T_CobbleStone_Pebble_M.uasset" 89
"../../../IA/Content/StarterContent/Textures/T_CobbleStone_Pebble_N.uasset" 90
"../../../IA/Content/StarterContent/Materials/M_CobbleStone_Pebble.uasset" 91
"../../../IA/Content/StarterContent/Textures/T_CobbleStone_Rough_D.uasset" 92
"../../../IA/Content/StarterContent/Textures/T_CobbleStone_Rough_N.uasset" 93
"../../../IA/Content/StarterContent/Textures/T_Gradinet_01.uasset" 94
"../../../IA/Content/StarterContent/Textures/T_Rock_Smooth_Granite_D.uasset" 95
"../../../IA/Content/StarterContent/Materials/M_CobbleStone_Rough.uasset" 96
"../../../IA/Content/StarterContent/Textures/T_CobbleStone_Smooth_D.uasset" 97
"../../../IA/Content/StarterContent/Textures/T_CobbleStone_Smooth_M.uasset" 98
"../../../IA/Content/StarterContent/Textures/T_CobbleStone_Smooth_N.uasset" 99
"../../../IA/Content/StarterContent/Materials/M_CobbleStone_Smooth.uasset" 100
"../../../Engine/Content/EditorMeshes/ColorCalibrator/T_ColorGrid.uasset" 101
"../../../IA/Content/StarterContent/Materials/M_ColorGrid_LowSpec.uasset" 102
"../../../IA/Content/StarterContent/Textures/T_Concrete_Grime_D.uasset" 103
"../../../IA/Content/StarterContent/Textures/T_Metal_Rust_N.uasset" 104
"../../../IA/Content/StarterContent/Materials/M_Concrete_Grime.uasset" 105
"../../../IA/Content/StarterContent/Textures/T_Concrete_Panels_D.uasset" 106
"../../../IA/Content/StarterContent/Textures/T_Concrete_Panels_N.uasset" 107
"../../../IA/Content/StarterContent/Materials/M_Concrete_Panels.uasset" 108
"../../../IA/Content/StarterContent/Textures/T_Concrete_Poured_D.uasset" 109
"../../../IA/Content/StarterContent/Textures/T_Concrete_Poured_N.uasset" 110
"../../../IA/Content/StarterContent/Materials/M_Concrete_Poured.uasset" 111
"../../../IA/Content/StarterContent/Textures/T_Concrete_Tiles_D.uasset" 112
"../../../IA/Content/StarterContent/Textures/T_Concrete_Tiles_M.uasset" 113
"../../../IA/Content/StarterContent/Textures/T_Concrete_Tiles_N.uasset" 114
"../../../IA/Content/StarterContent/Textures/T_Concrete_Tiles_Variation_M.uasset" 115
"../../../IA/Content/StarterContent/Materials/M_Concrete_Tiles.uasset" 116
"../../../IA/Content/StarterContent/Materials/M_Glass.uasset" 117
"../../../IA/Content/StarterContent/Textures/T_Ground_Grass_D.uasset" 118
"../../../IA/Content/StarterContent/Textures/T_Ground_Grass_N.uasset" 119
"../../../IA/Content/StarterContent/Materials/M_Ground_Grass.uasset" 120
"../../../IA/Content/StarterContent/Textures/T_Ground_Gravel_D.uasset" 121
"../../../IA/Content/StarterContent/Textures/T_Ground_Gravel_N.uasset" 122
"../../../IA/Content/StarterContent/Materials/M_Ground_Gravel.uasset" 123
"../../../IA/Content/StarterContent/Textures/T_ground_Moss_D.uasset" 124
"../../../IA/Content/StarterContent/Textures/T_Ground_Moss_N.uasset" 125
"../../../IA/Content/StarterContent/Materials/M_Ground_Moss.uasset" 126
"../../../IA/Content/StarterContent/Textures/T_Metal_Aluminum_D.uasset" 127
"../../../IA/Content/StarterContent/Textures/T_Metal_Gold_N.uasset" 128
"../../../IA/Content/StarterContent/Materials/M_Metal_Burnished_Steel.uasset" 129
"../../../IA/Content/StarterContent/Textures/T_Metal_Copper_D.uasset" 130
"../../../IA/Content/StarterContent/Materials/M_Metal_Copper.uasset" 131
"../../../Engine/Content/Functions/Engine_MaterialFunctions02/Utility/BlendAngleCorrectedNormals.uasset" 132
"../../../IA/Content/StarterContent/Textures/T_Metal_Rust_D.uasset" 133
"../../../IA/Content/StarterContent/Materials/M_Metal_Rust.uasset" 134
"../../../IA/Content/StarterContent/Textures/T_Metal_Steel_D.uasset" 135
"../../../IA/Content/StarterContent/Textures/T_Metal_Steel_N.uasset" 136
"../../../IA/Content/StarterContent/Materials/M_Metal_Steel.uasset" 137
"../../../IA/Content/StarterContent/Materials/M_Metal_Steel_Re.uasset" 138
"../../../IA/Content/StarterContent/Textures/T_Rock_Basalt_D.uasset" 139
"../../../IA/Content/StarterContent/Textures/T_Rock_Basalt_N.uasset" 140
"../../../IA/Content/StarterContent/Materials/M_Rock_Basalt.uasset" 141
"../../../IA/Content/StarterContent/Materials/M_Rock_Marble_Polished.uasset" 142
"../../../IA/Content/StarterContent/Textures/T_Rock_Sandstone_D.uasset" 143
"../../../IA/Content/StarterContent/Textures/T_Rock_Sandstone_N.uasset" 144
"../../../IA/Content/StarterContent/Materials/M_Rock_Sandstone.uasset" 145
"../../../IA/Content/StarterContent/Textures/T_Rock_Slate_D.uasset" 146
"../../../IA/Content/StarterContent/Textures/T_Rock_Slate_N.uasset" 147
"../../../IA/Content/StarterContent/Materials/M_Rock_Slate.uasset" 148
"../../../IA/Content/StarterContent/Textures/T_Checker_Noise_M.uasset" 149
"../../../IA/Content/StarterContent/Textures/T_Single_Tile_N.uasset" 150
"../../../IA/Content/StarterContent/Textures/T_Tech_Dot_M.uasset" 151
"../../../IA/Content/StarterContent/Textures/T_Tech_Dot_N.uasset" 152
"../../../IA/Content/StarterContent/Materials/M_Tech_Checker_Dot.uasset" 153
"../../../IA/Content/StarterContent/Textures/T_Tech_Panel_M.uasset" 154
"../../../IA/Content/StarterContent/Textures/T_Tech_Panel_N.uasset" 155
"../../../IA/Content/StarterContent/Materials/M_Tech_Panel.uasset" 156
"../../../IA/Content/StarterContent/Textures/T_Water_N.uasset" 157
"../../../IA/Content/StarterContent/Materials/M_Water_Lake.uasset" 158
"../../../IA/Content/StarterContent/Textures/T_Water_M.uasset" 159
"../../../IA/Content/StarterContent/Materials/M_Water_Ocean.uasset" 160
"../../../IA/Content/StarterContent/Textures/T_Wood_Floor_Walnut_D.uasset" 161
"../../../IA/Content/StarterContent/Textures/T_Wood_Floor_Walnut_M.uasset" 162
"../../../IA/Content/StarterContent/Textures/T_Wood_Floor_Walnut_N.uasset" 163
"../../../IA/Content/StarterContent/Materials/M_Wood_Floor_Walnut_Polished.uasset" 164
"../../../Engine/Content/Functions/Engine_MaterialFunctions01/Opacity/AlphaOffset.uasset" 165
"../../../IA/Content/StarterContent/Materials/M_Wood_Floor_Walnut_Worn.uasset" 166
"../../../IA/Content/StarterContent/Textures/T_Wood_Oak_D.uasset" 167
"../../../IA/Content/StarterContent/Textures/T_Wood_Oak_N.uasset" 168
"../../../IA/Content/StarterContent/Materials/M_Wood_Oak.uasset" 169
"../../../IA/Content/StarterContent/Textures/T_Wood_Pine_D.uasset" 170
"../../../IA/Content/StarterContent/Textures/T_Wood_Pine_N.uasset" 171
"../../../IA/Content/StarterContent/Materials/M_Wood_Pine.uasset" 172
"../../../IA/Content/StarterContent/Textures/T_Dust_Particle_D.uasset" 173
"../../../IA/Content/StarterContent/Particles/Materials/M_Dust_Particle.uasset" 174
"../../../IA/Content/StarterContent/Particles/P_Ambient_Dust.uasset" 175
"../../../IA/Content/StarterContent/Props/MaterialSphere.uasset" 176
"../../../IA/Content/StarterContent/Textures/T_Bush_D.uasset" 177
"../../../IA/Content/StarterContent/Textures/T_Bush_N.uasset" 178
"../../../IA/Content/StarterContent/Props/Materials/M_Bush.uasset" 179
"../../../IA/Content/StarterContent/Props/SM_Bush.uasset" 180
"../../../IA/Content/StarterContent/Textures/T_Chair_M.uasset" 181
"../../../IA/Content/StarterContent/Textures/T_Chair_N.uasset" 182
"../../../IA/Content/StarterContent/Props/Materials/M_Chair.uasset" 183
"../../../IA/Content/StarterContent/Textures/T_Door_M.uasset" 184
"../../../IA/Content/StarterContent/Textures/T_Door_N.uasset" 185
"../../../IA/Content/StarterContent/Props/Materials/M_Door.uasset" 186
"../../../IA/Content/StarterContent/Textures/T_Frame_M.uasset" 187
"../../../IA/Content/StarterContent/Textures/T_Frame_N.uasset" 188
"../../../IA/Content/StarterContent/Props/Materials/M_Frame.uasset" 189
"../../../IA/Content/StarterContent/Textures/T_Lamp_M.uasset" 190
"../../../IA/Content/StarterContent/Textures/T_Lamp_N.uasset" 191
"../../../IA/Content/StarterContent/Props/Materials/M_Lamp.uasset" 192
"../../../IA/Content/StarterContent/Props/Materials/M_MaterialSphere.uasset" 193
"../../../IA/Content/StarterContent/Props/Materials/M_MaterialSphere_Plain.uasset" 194
"../../../IA/Content/StarterContent/Textures/T_RockMesh_M.uasset" 195
"../../../IA/Content/StarterContent/Textures/T_RockMesh_N.uasset" 196
"../../../IA/Content/StarterContent/Props/Materials/M_Rock.uasset" 197
"../../../IA/Content/StarterContent/Textures/T_Shelf_M.uasset" 198
"../../../IA/Content/StarterContent/Textures/T_Shelf_N.uasset" 199
"../../../IA/Content/StarterContent/Props/Materials/M_Shelf.uasset" 200
"../../../IA/Content/StarterContent/Textures/T_Statue_M.uasset" 201
"../../../IA/Content/StarterContent/Textures/T_Statue_N.uasset" 202
"../../../IA/Content/StarterContent/Props/Materials/M_StatueGlass.uasset" 203
"../../../IA/Content/StarterContent/Textures/T_TableRound_M.uasset" 204
"../../../IA/Content/StarterContent/Textures/T_TableRound_N.uasset" 205
"../../../IA/Content/StarterContent/Props/Materials/M_TableRound.uasset" 206
"../../../IA/Content/StarterContent/Shapes/Shape_NarrowCapsule.uasset" 207
"../../../IA/Content/StarterContent/Shapes/Shape_Pipe.uasset" 208
"../../../IA/Content/StarterContent/Shapes/Shape_Pipe_180.uasset" 209
"../../../IA/Content/StarterContent/Shapes/Shape_Pipe_90.uasset" 210
"../../../IA/Content/StarterContent/Shapes/Shape_Plane.uasset" 211
"../../../IA/Content/StarterContent/Shapes/Shape_QuadPyramid.uasset" 212
"../../../IA/Content/StarterContent/Shapes/Shape_Torus.uasset" 213
"../../../IA/Content/StarterContent/Shapes/Shape_Trim.uasset" 214
"../../../IA/Content/StarterContent/Shapes/Shape_Trim_90_In.uasset" 215
"../../../IA/Content/StarterContent/Shapes/Shape_Trim_90_Out.uasset" 216
"../../../IA/Content/StarterContent/Shapes/Shape_TriPyramid.uasset" 217
"../../../IA/Content/StarterContent/Shapes/Shape_Tube.uasset" 218
"../../../IA/Content/StarterContent/Shapes/Shape_Wedge_A.uasset" 219
"../../../IA/Content/StarterContent/Shapes/Shape_Wedge_B.uasset" 220
"../../../IA/Content/StarterContent/Shapes/Shape_WideCapsule.uasset" 221
"../../../IA/Content/TwinStick/Meshes/BaseMaterial.uasset" 222
"../../../IA/Content/TwinStick/Meshes/BlueMaterial.uasset" 223
"../../../Engine/Content/EngineMaterials/DefaultMaterial.uasset" 224
"../../../Engine/Content/BasicShapes/Cone.uasset" 225
"../../../Engine/Content/BasicShapes/Cube.uasset" 226
"../../../Engine/Content/BasicShapes/Plane.uasset" 227
"../../../Engine/Content/BasicShapes/Sphere.uasset" 228
"../../../Engine/Content/EditorLandscapeResources/DataLayer.uasset" 229
"../../../Engine/Content/EditorMaterials/GizmoMaterial.uasset" 230
"../../../Engine/Content/EditorMaterials/MAT_Groups_Toggle.uasset" 231
"../../../Engine/Content/EditorMaterials/MAT_Groups_Visibility.uasset" 232
"../../../Engine/Content/EditorMaterials/PreviewShadowIndicator.uasset" 233
"../../../Engine/Content/EditorMaterials/PreviewShadowIndicatorMaterial.uasset" 234
"../../../Engine/Content/EditorMaterials/AssetViewer/EpicQuadPanorama_CC+EV1.uasset" 235
"../../../Engine/Content/EditorMaterials/MatineeGroups/MAT_ColorTrack.uasset" 236
"../../../Engine/Content/EditorMaterials/MatineeGroups/MAT_Groups_Anim.uasset" 237
"../../../Engine/Content/EditorMaterials/MatineeGroups/MAT_Groups_AudioMaster.uasset" 238
"../../../Engine/Content/EditorMaterials/MatineeGroups/MAT_Groups_Director.uasset" 239
"../../../Engine/Content/EditorMaterials/MatineeGroups/MAT_Groups_Event.uasset" 240
"../../../Engine/Content/EditorMaterials/MatineeGroups/MAT_Groups_Fade.uasset" 241
"../../../Engine/Content/EditorMaterials/MatineeGroups/MAT_Groups_Float.uasset" 242
"../../../Engine/Content/EditorMaterials/MatineeGroups/MAT_Groups_Move.uasset" 243
"../../../Engine/Content/EditorMaterials/MatineeGroups/MAT_Groups_Slomo.uasset" 244
"../../../Engine/Content/EditorMaterials/MatineeGroups/MAT_Groups_Sound.uasset" 245
"../../../Engine/Content/EditorMaterials/MatineeGroups/MAT_Groups_Vector.uasset" 246
"../../../Engine/Content/EditorMaterials/ParticleSystems/PSysThumbnail_NoImage.uasset" 247
"../../../Engine/Content/EditorMaterials/ParticleSystems/PSysThumbnail_OOD.uasset" 248
"../../../Engine/Content/EditorMaterials/Camera/CineMat.uasset" 249
"../../../Engine/Content/EditorMaterials/Camera/MI_CineMat_Rig.uasset" 250
"../../../Engine/Content/EditorMeshes/Camera/SM_CraneRig_Arm.uasset" 251
"../../../Engine/Content/EditorMeshes/Camera/SM_CraneRig_Base.uasset" 252
"../../../Engine/Content/EditorMeshes/Camera/SM_CraneRig_Body.uasset" 253
"../../../Engine/Content/EditorMeshes/Camera/SM_CraneRig_Mount.uasset" 254
"../../../Engine/Content/EditorMeshes/Camera/SM_RailRig_Mount.uasset" 255
"../../../Engine/Content/EditorMeshes/Camera/SM_RailRig_Track.uasset" 256
"../../../Engine/Content/EditorMeshes/ColorCalibrator/M_ChromeBall.uasset" 257
"../../../Engine/Content/EditorMeshes/ColorCalibrator/M_ClearCoat.uasset" 258
"../../../Engine/Content/EditorMeshes/ColorCalibrator/M_ClearCoatBlack.uasset" 259
"../../../Engine/Content/EditorMeshes/ColorCalibrator/M_ColorGrid.uasset" 260
"../../../Engine/Content/EditorMeshes/ColorCalibrator/M_GreyBall.uasset" 261
"../../../Engine/Content/EditorMeshes/ColorCalibrator/SM_ColorCalibrator.uasset" 262
"../../../Engine/Content/EditorResources/BSPVertex.uasset" 263
"../../../Engine/Content/EditorResources/EmptyActor.uasset" 264
"../../../Engine/Content/EditorResources/S_Actor.uasset" 265
"../../../Engine/Content/EditorResources/S_Trigger.uasset" 266
"../../../Engine/Content/EditorResources/LightIcons/S_LightError.uasset" 267
"../../../Engine/Content/EditorResources/SequenceRecorder/Countdown.uasset" 268
"../../../Engine/Content/EditorResources/SequenceRecorder/RecordingIndicator.uasset" 269
"../../../Engine/Content/EditorSounds/Notifications/CompileFailed.uasset" 270
"../../../Engine/Content/EditorSounds/Notifications/CompileFailed_Cue.uasset" 271
"../../../Engine/Content/EditorSounds/Notifications/CompileSuccess.uasset" 272
"../../../Engine/Content/EditorSounds/Notifications/CompileStart_Cue.uasset" 273
"../../../Engine/Content/EditorSounds/Notifications/CompileSuccess_Cue.uasset" 274
"../../../Engine/Content/EngineDamageTypes/DmgTypeBP_Environmental.uasset" 275
"../../../Engine/Content/EngineDebugMaterials/HeatmapGradient.uasset" 276
"../../../Engine/Content/EngineDebugMaterials/BoneWeightMaterial.uasset" 277
"../../../Engine/Content/EngineDebugMaterials/ClothMaterial.uasset" 278
"../../../Engine/Content/EngineDebugMaterials/DebugMeshMaterial.uasset" 279
"../../../Engine/Content/EngineDebugMaterials/GeomMaterial.uasset" 280
"../../../Engine/Content/EngineFonts/Faces/RobotoBold.uasset" 281
"../../../Engine/Content/EngineFonts/Faces/RobotoBoldItalic.uasset" 282
"../../../Engine/Content/EngineFonts/Faces/RobotoItalic.uasset" 283
"../../../Engine/Content/EngineFonts/Faces/RobotoLight.uasset" 284
"../../../Engine/Content/EngineFonts/Faces/RobotoRegular.uasset" 285
"../../../Engine/Content/EngineFonts/Roboto.uasset" 286
"../../../Engine/Content/EngineFonts/Faces/RobotoTiny.uasset" 287
"../../../Engine/Content/EngineFonts/RobotoTiny.uasset" 288
"../../../Engine/Content/EngineMaterials/DefaultBloomKernel.uasset" 289
"../../../Engine/Content/EngineMaterials/DefaultBokeh.uasset" 290
"../../../Engine/Content/EngineMaterials/DefaultDiffuse.uasset" 291
"../../../Engine/Content/EngineMaterials/DefaultDeferredDecalMaterial.uasset" 292
"../../../Engine/Content/EngineMaterials/DefaultLightFunctionMaterial.uasset" 293
"../../../Engine/Content/EngineMaterials/DefaultPhysicalMaterial.uasset" 294
"../../../Engine/Content/Functions/Engine_MaterialFunctions02/Utility/BreakOutFloat2Components.uasset" 295
"../../../Engine/Content/EngineMaterials/DefaultPostProcessMaterial.uasset" 296
"../../../Engine/Content/EngineFonts/RobotoDistanceField.uasset" 297
"../../../Engine/Content/EngineMaterials/DefaultTextMaterialOpaque.uasset" 298
"../../../Engine/Content/EngineMaterials/DefaultWhiteGrid.uasset" 299
"../../../Engine/Content/EngineMaterials/EditorBrushMaterial.uasset" 300
"../../../Engine/Content/EngineMaterials/Good64x64TilingNoiseHighFreq.uasset" 301
"../../../Engine/Content/EngineMaterials/MiniFont.uasset" 302
"../../../Engine/Content/EngineMaterials/InvalidLightmapSettings.uasset" 303
"../../../Engine/Content/EngineMaterials/M_InvalidLightmapSettings.uasset" 304
"../../../Engine/Content/EngineMaterials/PhAT_JointLimitMaterial.uasset" 305
"../../../Engine/Content/EngineMaterials/PreintegratedSkinBRDF.uasset" 306
"../../../Engine/Content/EngineMaterials/RemoveSurfaceMaterial.uasset" 307
"../../../Engine/Content/EngineMaterials/WeightMapPlaceholderTexture.uasset" 308
"../../../Engine/Content/EngineResources/WhiteSquareTexture.uasset" 309
"../../../Engine/Content/EngineMaterials/Widget3DPassThrough.uasset" 310
"../../../Engine/Content/EngineMaterials/Widget3DPassThrough_Masked.uasset" 311
"../../../Engine/Content/EngineMaterials/Widget3DPassThrough_Opaque.uasset" 312
"../../../Engine/Content/EngineMaterials/Widget3DPassThrough_Masked_OneSided.uasset" 313
"../../../Engine/Content/EngineMaterials/Widget3DPassThrough_Opaque_OneSided.uasset" 314
"../../../Engine/Content/EngineMaterials/Widget3DPassThrough_Translucent.uasset" 315
"../../../Engine/Content/EngineMaterials/Widget3DPassThrough_Translucent_OneSided.uasset" 316
"../../../Engine/Content/EngineMeshes/Cube.uasset" 317
"../../../Engine/Content/EngineMeshes/Cylinder.uasset" 318
"../../../Engine/Content/EngineMeshes/Sphere.uasset" 319
"../../../Engine/Content/EngineResources/Black.uasset" 320
"../../../Engine/Content/EngineResources/DefaultTexture.uasset" 321
"../../../Engine/Content/EngineResources/DefaultTextureCube.uasset" 322
"../../../Engine/Content/EngineResources/GradientTexture0.uasset" 323
"../../../Engine/Content/EngineSounds/Master.uasset" 324
"../../../Engine/Content/Functions/Engine_MaterialFunctions01/Shading/ConvertFromDiffSpec.uasset" 325
"../../../Engine/Content/Functions/Engine_MaterialFunctions01/Shading/PowerToRoughness.uasset" 326
"../../../Engine/Content/Maps/Templates/Thumbnails/Default.uasset" 327
"../../../Engine/Content/Maps/Templates/Thumbnails/VR-Basic.uasset" 328
"../../../Engine/Content/MobileResources/T_MobileControls_texture.uasset" 329
"../../../Engine/Content/MobileResources/T_MobileMenu2.uasset" 330
"../../../Engine/Content/MobileResources/HUD/AnalogHat.uasset" 331
"../../../Engine/Content/MobileResources/HUD/VirtualJoystick_Background.uasset" 332
"../../../Engine/Content/MobileResources/HUD/VirtualJoystick_Thumb.uasset" 333
"../../../Engine/Content/MobileResources/HUD/DefaultVirtualJoysticks.uasset" 334
"../../../Engine/Content/MobileResources/HUD/LeftVirtualJoystickOnly.uasset" 335
"../../../Engine/Content/MobileResources/HUD/MobileHUDButton1_off.uasset" 336
"../../../Engine/Content/MobileResources/HUD/MobileHUDButton1_on.uasset" 337
"../../../Engine/Content/MobileResources/HUD/MobileHUDButton2_off.uasset" 338
"../../../Engine/Content/MobileResources/HUD/MobileHUDButton2_on.uasset" 339
"../../../Engine/Content/MobileResources/HUD/MobileHUDButton3.uasset" 340
"../../../Engine/Content/MobileResources/HUD/MobileHUDButtonFire.uasset" 341
"../../../Engine/Content/MobileResources/HUD/MobileHUDDirectionPad.uasset" 342
"../../../Engine/Content/MobileResources/HUD/MobileHUDDirectionPad2.uasset" 343
"../../../Engine/Content/MobileResources/HUD/MobileHUDDirectionPad3.uasset" 344
"../../../Engine/Content/MobileResources/HUD/MobileHUDDirectionStick.uasset" 345
"../../../Engine/Content/MobileResources/HUD/T_Castle_ThumbstickInner.uasset" 346
"../../../Engine/Content/MobileResources/HUD/T_Castle_ThumbstickOutter.uasset" 347
"../../../Engine/Content/Tutorial/ContentIntroCurve.uasset" 348
"../../../Engine/Content/Tutorial/Basics/TutorialAssets/icon_tab_Levels_40x.uasset" 349
"../../../Engine/Content/Tutorial/BlueprintTutorials/TutorialAssets/BlueprintInterface_64x.uasset" 350
"../../../Engine/Content/Tutorial/BlueprintTutorials/TutorialAssets/BlueprintMacroLibrary_64x.uasset" 351
"../../../Engine/Content/Tutorial/BlueprintTutorials/TutorialAssets/Blueprint_64x.uasset" 352
"../../../Engine/Content/Tutorial/BlueprintTutorials/TutorialAssets/Tutorial_BP_Interface.uasset" 353
"../../../Engine/Content/Tutorial/Foliage/TutorialAssets/Foliage.uasset" 354
"../../../Engine/Content/Tutorial/Landscape/TutorialAssets/Landscape.uasset" 355
"../../../Engine/Content/Tutorial/Paper2D/TutorialAssets/Paper2DFlipbook_TutorialIcon.uasset" 356
"../../../Engine/Content/Tutorial/Paper2D/TutorialAssets/Paper2DSprite_TutorialIcon.uasset" 357
"../../../Engine/Content/Tutorial/SubEditors/TutorialAssets/icon_Editor_Preferences_General_40x.uasset" 358
"../../../Engine/Content/Tutorial/SubEditors/TutorialAssets/icon_ShowSkeletalMeshes_40x.uasset" 359
"../../../Engine/Content/Tutorial/SubEditors/TutorialAssets/TutorialMaterial.uasset" 360
"../../../Engine/Content/Tutorial/SubEditors/TutorialAssets/T_SmokeSubUV_8X8.uasset" 361
"../../../Engine/Content/Tutorial/SubEditors/TutorialAssets/T_soft_smoke.uasset" 362
"../../../Engine/Content/Tutorial/SubEditors/TutorialAssets/M_smoke_subUV_blackbody.uasset" 363
"../../../Engine/Content/Tutorial/SubEditors/TutorialAssets/TutorialParticleSystem.uasset" 364
"../../../Engine/Content/EditorMeshes/EditorCube.uasset" 365
"../../../Engine/Content/Tutorial/SubEditors/TutorialAssets/Tutorial_DM.uasset" 366
"../../../Engine/Content/VREditor/Devices/Generic/GenericHMDMaterial.uasset" 367
"../../../Engine/Content/VREditor/Devices/Generic/GenericHMD.uasset" 368
"../../../Engine/Content/VREditor/FloatingText/LineMaterial.uasset" 369
"../../../Engine/Content/VREditor/FloatingText/JointSphere.uasset" 370
"../../../Engine/Content/VREditor/FloatingText/LineSegmentCylinder.uasset" 371
"../../../Engine/Content/VREditor/Fonts/VRText_RobotoLarge.uasset" 372
"../../../Engine/Content/VREditor/Fonts/VRTextMaterial.uasset" 373
"../../../Engine/Content/VREditor/Fonts/TranslucentVRTextMaterial.uasset" 374
"../../../Engine/Content/VREditor/LaserPointer/VR_LaserPower_01.uasset" 375
"../../../Engine/Content/VREditor/TransformGizmo/TransformGizmoMaterial.uasset" 376
"../../../Engine/Content/VREditor/LaserPointer/HoverMaterial.uasset" 377
"../../../Engine/Content/VREditor/TransformGizmo/TranslucentTransformGizmoMaterial.uasset" 378
"../../../Engine/Content/VREditor/LaserPointer/TranslucentHoverMaterial.uasset" 379
"../../../Engine/Content/VREditor/LaserPointer/HoverMesh.uasset" 380
"../../../Engine/Content/VREditor/LaserPointer/LaserPointerMaterial.uasset" 381
"../../../Engine/Content/VREditor/LaserPointer/LaserPointerMaterialInst.uasset" 382
"../../../Engine/Content/VREditor/LaserPointer/TranslucentLaserPointerMaterialInst.uasset" 383
"../../../Engine/Content/VREditor/LaserPointer/LaserPointerMesh.uasset" 384
"../../../Engine/Content/VREditor/LaserPointer/LaserPointerMesh_End.uasset" 385
"../../../Engine/Content/VREditor/LaserPointer/LaserPointerMesh_Start.uasset" 386
"../../../Engine/Content/Functions/Engine_MaterialFunctions02/Utility/BreakOutFloat3Components.uasset" 387
"../../../Engine/Content/Functions/Engine_MaterialFunctions02/Math/Transform3x3Matrix.uasset" 388
"../../../Engine/Content/Functions/Engine_MaterialFunctions02/SplitComponents.uasset" 389
"../../../Engine/Content/Functions/Engine_MaterialFunctions02/Utility/MakeFloat3.uasset" 390
"../../../Engine/Content/VREditor/SnapGrid/SnapGridMaterial.uasset" 391
"../../../Engine/Content/VREditor/SnapGrid/SnapGridPlaneMesh.uasset" 392
"../../../Engine/Content/VREditor/Sounds/VR_teleport_Cue.uasset" 393
"../../../Engine/Content/VREditor/Sounds/UI/Click_on_Button_Cue.uasset" 394
"../../../Engine/Content/VREditor/Sounds/UI/Dockable_Window_Close.uasset" 395
"../../../Engine/Content/VREditor/Sounds/UI/Dockable_Window_Drop.uasset" 396
"../../../Engine/Content/VREditor/Sounds/UI/Dockable_Window_Open.uasset" 397
"../../../Engine/Content/VREditor/Sounds/UI/Dockable_Window_Pick_Up.uasset" 398
"../../../Engine/Content/VREditor/Sounds/UI/Drop_Item_From_ContentBrowser.uasset" 399
"../../../Engine/Content/VREditor/Sounds/UI/Floating_UI_Open-001.uasset" 400
"../../../Engine/Content/VREditor/Sounds/UI/Gizmo_Handle_Clicked.uasset" 401
"../../../Engine/Content/VREditor/Sounds/UI/Object_PickUp.uasset" 402
"../../../Engine/Content/VREditor/Sounds/UI/Object_Snaps_To_Another_Actor.uasset" 403
"../../../Engine/Content/VREditor/Sounds/UI/Object_Snaps_To_Grid.uasset" 404
"../../../Engine/Content/VREditor/Sounds/UI/Radial_Menu_FadeOut.uasset" 405
"../../../Engine/Content/VREditor/Sounds/UI/Scaling_Down.uasset" 406
"../../../Engine/Content/VREditor/Sounds/UI/Scaling_Up.uasset" 407
"../../../Engine/Content/VREditor/Sounds/UI/Selection_Changes.uasset" 408
"../../../Engine/Content/VREditor/Sounds/UI/Teleport_Mode_Entered.uasset" 409
"../../../Engine/Content/VREditor/Teleport/TeleportDirectionMaterial.uasset" 410
"../../../Engine/Content/VREditor/Teleport/TeleportDirectionMaterial_Inst.uasset" 411
"../../../Engine/Content/VREditor/Teleport/TeleportDirectionMesh.uasset" 412
"../../../Engine/Content/VREditor/TransformGizmo/BoundingBoxCorner.uasset" 413
"../../../Engine/Content/VREditor/TransformGizmo/BoundingBoxEdge.uasset" 414
"../../../Engine/Content/VREditor/TransformGizmo/PlaneTranslationHandle.uasset" 415
"../../../Engine/Content/VREditor/TransformGizmo/RotationHandle.uasset" 416
"../../../Engine/Content/VREditor/TransformGizmo/RotationHandleFull.uasset" 417
"../../../Engine/Content/VREditor/TransformGizmo/RotationHandleIndicator.uasset" 418
"../../../Engine/Content/VREditor/TransformGizmo/RotationHandleQuarter.uasset" 419
"../../../Engine/Content/VREditor/TransformGizmo/Main.uasset" 420
"../../../Engine/Content/VREditor/TransformGizmo/Xray.uasset" 421
"../../../Engine/Content/VREditor/TransformGizmo/SM_Dialog_Close.uasset" 422
"../../../Engine/Content/VREditor/TransformGizmo/SM_Dialog_Move.uasset" 423
"../../../Engine/Content/VREditor/TransformGizmo/SM_Sequencer_Key.uasset" 424
"../../../Engine/Content/VREditor/TransformGizmo/StartRotationHandleIndicator.uasset" 425
"../../../Engine/Content/VREditor/TransformGizmo/TransformGizmoMaterial_Inst.uasset" 426
"../../../Engine/Content/VREditor/TransformGizmo/TranslateArrowHandle.uasset" 427
"../../../Engine/Content/VREditor/TransformGizmo/TranslationHandle.uasset" 428
"../../../Engine/Content/VREditor/TransformGizmo/TranslucentTransformGizmoMaterial_Inst.uasset" 429
"../../../Engine/Content/VREditor/TransformGizmo/UniformScaleHandle.uasset" 430
"../../../Engine/Content/VREditor/UI/KeyDiskMaterial.uasset" 431
"../../../Engine/Content/VREditor/UI/DiscMaterial.uasset" 432
"../../../Engine/Content/VREditor/UI/SM_Radial_Disk.uasset" 433
"../../../Engine/Content/VREditor/WorldMovementGrid/SimpleGrid.uasset" 434
"../../../Engine/Content/VREditor/WorldMovementGrid/GridMaterial.uasset" 435
"../../../Engine/Content/Functions/Engine_MaterialFunctions01/Density/ExponentialDensity.uasset" 436
"../../../Engine/Content/VREditor/WorldMovementGrid/GridPostProcess.uasset" 437
"../../../Engine/Content/EditorLandscapeResources/FlattenHeightMat.uasset" 438
"../../../Engine/Content/VREditor/WorldMovementGrid/PlaneMesh.uasset" 439
"../../../Engine/Plugins/2D/Paper2D/Content/DummySprite.uasset" 440
"../../../Engine/Plugins/2D/Paper2D/Content/DefaultPaperTerrainMaterial.uasset" 441
"../../../Engine/Plugins/2D/Paper2D/Content/DefaultSpriteMaterial.uasset" 442
"../../../Engine/Plugins/2D/Paper2D/Content/MaskedUnlitSpriteMaterial.uasset" 443
"../../../Engine/Plugins/2D/Paper2D/Content/OpaqueUnlitSpriteMaterial.uasset" 444
"../../../Engine/Plugins/2D/Paper2D/Content/PlaceholderTextures/DummySpriteTexture.uasset" 445
"../../../Engine/Plugins/Runtime/GearVR/Content/Textures/GearVRController_AO.uasset" 446
"../../../Engine/Plugins/Runtime/GearVR/Content/Textures/GearVRController_Color.uasset" 447
"../../../Engine/Plugins/Runtime/GearVR/Content/Textures/GearVRController_Normal.uasset" 448
"../../../Engine/Plugins/Runtime/GearVR/Content/Materials/GearVRControllerMaterial.uasset" 449
"../../../Engine/Plugins/Runtime/GearVR/Content/Meshes/GearVrController.uasset" 450
"../../../Engine/Content/EditorBlueprintResources/StandardMacros.uasset" 451
"../../../Engine/Content/EngineSky/C_Sky_Cloud_Color.uasset" 452
"../../../Engine/Content/EngineSky/C_Sky_Horizon_Color.uasset" 453
"../../../Engine/Content/EngineSky/C_Sky_Zenith_Color.uasset" 454
"../../../Engine/Content/EngineSky/T_Sky_Blue.uasset" 455
"../../../Engine/Content/EngineSky/T_Sky_Clouds_M.uasset" 456
"../../../Engine/Content/EngineSky/T_Sky_Stars.uasset" 457
"../../../Engine/Content/EngineSky/M_Sky_Panning_Clouds2.uasset" 458
"../../../Engine/Content/EngineSky/SM_SkySphere.uasset" 459
"../../../Engine/Content/EngineSky/BP_Sky_Sphere.uasset" 460
"../../../IA/Content/StarterContent/Audio/Fire01_Cue.uasset" 461
"../../../IA/Content/StarterContent/Textures/T_Fire_SubUV.uasset" 462
"../../../IA/Content/StarterContent/Textures/T_Fire_Tiled_D.uasset" 463
"../../../IA/Content/StarterContent/Particles/Materials/M_Fire_SubUV.uasset" 464
"../../../IA/Content/StarterContent/Particles/Materials/M_Heat_Distortion.uasset" 465
"../../../IA/Content/StarterContent/Particles/P_Fire.uasset" 466
"../../../IA/Content/StarterContent/Blueprints/Blueprint_Effect_Fire.uasset" 467
"../../../IA/Content/TwinStick/Meshes/OrangeMaterial.uasset" 468
"../../../IA/Content/TwinStick/Meshes/TwinStickProjectile.uasset" 469
"../../../IA/Content/TwinStickBP/Blueprints/TwinStickProjectile.uasset" 470
"../../../IA/Content/TwinStick/Audio/TwinStickFire.uasset" 471
"../../../IA/Content/StarterContent/Materials/M_Metal_Brushed_Nickel.uasset" 472
"../../../IA/Content/TwinStick/Meshes/TwinStickUFO.uasset" 473
"../../../IA/Content/TwinStickBP/Blueprints/TwinStickPawn.uasset" 474
"../../../IA/Content/StarterContent/Materials/M_Metal_Chrome.uasset" 475
"../../../IA/Content/StarterContent/Textures/T_Wood_Walnut_D.uasset" 476
"../../../IA/Content/StarterContent/Textures/T_Wood_Walnut_N.uasset" 477
"../../../IA/Content/StarterContent/Materials/M_Wood_Walnut.uasset" 478
"../../../Engine/Content/BasicShapes/Cylinder.uasset" 479
"../../../IA/Content/TwinStickBP/Blueprints/EnemySpawner.uasset" 480
"../../../IA/Content/TwinStickBP/Blueprints/TwinStickGameMode.uasset" 481
"../../../IA/Content/TwinStickBP/Maps/TwinStickExampleMap_BuiltData.uasset" 482
"../../../IA/Content/StarterContent/Textures/T_Tech_Hex_Tile_M.uasset" 483
"../../../IA/Content/StarterContent/Textures/T_Tech_Hex_Tile_N.uasset" 484
"../../../IA/Content/StarterContent/Materials/M_Tech_Hex_Tile.uasset" 485
"../../../IA/Content/StarterContent/Materials/M_Tech_Hex_Tile_Pulse.uasset" 486
"../../../IA/Content/Geometry/Meshes/1M_Cube.uasset" 487
"../../../IA/Content/StarterContent/Textures/T_Metal_Gold_D.uasset" 488
"../../../IA/Content/StarterContent/Materials/M_Metal_Gold.uasset" 489
"../../../IA/Content/TwinStick/Meshes/TwinStickUFO_Player.uasset" 490
"../../../IA/Content/TwinStickBP/Maps/TwinStickExampleMap.umap" 491
"../../../Engine/Content/Maps/Entry.umap" 492
