Log file open, 08/31/17 23:19:20
LogInit:Display: Running engine for game: IA
LogPlatformFile: Not using cached read wrapper
LogInit:Display: RandInit(1971839296) SRandInit(1971839296).
LogTaskGraph: Started task graph with 5 named threads and 6 total threads with 1 sets of task threads.
LogStats: Stats thread started at 0.195231
LogInit: Using libcurl 7.47.1
LogInit:  - built for x86_64-pc-win32
LogInit:  - supports SSL with OpenSSL/1.0.2g
LogInit:  - supports HTTP deflate (compression) using libz 1.2.8
LogInit:  - other features:
LogInit:      CURL_VERSION_SSL
LogInit:      CURL_VERSION_LIBZ
LogInit:      CURL_VERSION_IPV6
LogInit:      CURL_VERSION_ASYNCHDNS
LogInit:      CURL_VERSION_LARGEFILE
LogInit:      CURL_VERSION_IDN
LogInit:  CurlRequestOptions (configurable via config and command line):
LogInit:  - bVerifyPeer = false  - Libcurl will NOT verify peer certificate
LogInit:  - bUseHttpProxy = false  - Libcurl will NOT use HTTP proxy
LogInit:  - bDontReuseConnections = false  - Libcurl will reuse connections
LogInit:  - CertBundlePath = nullptr  - Libcurl will use whatever was configured at build time.
LogInit: Build: ++UE4+Release-4.16-CL-3561208
LogInit: Engine Version: 4.16.3-3561208+++UE4+Release-4.16
LogInit: Compatible Engine Version: 4.16.0-3452394+++UE4+Release-4.16
LogInit: Net CL: 3452394
LogDevObjectVersion: Number of dev versions registered: 16
LogDevObjectVersion:   Dev-Blueprints (B0D832E4-1F89-4F0D-ACCF-7EB736FD4AA2): 9
LogDevObjectVersion:   Dev-Build (E1C64328-A22C-4D53-A36C-8E866417BD8C): 0
LogDevObjectVersion:   Dev-Core (375EC13C-06E4-48FB-B500-84F0262A717E): 2
LogDevObjectVersion:   Dev-Editor (E4B068ED-F494-42E9-A231-DA0B2E46BB41): 17
LogDevObjectVersion:   Dev-Framework (CFFC743F-43B0-4480-9391-14DF171D2073): 23
LogDevObjectVersion:   Dev-Mobile (B02B49B5-BB20-44E9-A304-32B752E40360): 0
LogDevObjectVersion:   Dev-Networking (A4E4105C-59A1-49B5-A7C5-40C4547EDFEE): 0
LogDevObjectVersion:   Dev-Online (39C831C9-5AE6-47DC-9A44-9C173E1C8E7C): 0
LogDevObjectVersion:   Dev-Physics (78F01B33-EBEA-4F98-B9B4-84EACCB95AA2): 0
LogDevObjectVersion:   Dev-Platform (6631380F-2D4D-43E0-8009-CF276956A95A): 0
LogDevObjectVersion:   Dev-Rendering (12F88B9F-8875-4AFC-A67C-D90C383ABD29): 15
LogDevObjectVersion:   Dev-Sequencer (7B5AE74C-D270-4C10-A958-57980B212A5A): 4
LogDevObjectVersion:   Dev-VR (D7296918-1DD6-4BDD-9DE2-64A83CC13884): 0
LogDevObjectVersion:   Dev-LoadTimes (C2A15278-BFE7-4AFE-6C17-90FF531DF755): 1
LogDevObjectVersion:   Private-Geometry (6EACA3D4-40EC-4CC1-B786-8BED09428FC5): 1
LogDevObjectVersion:   Dev-AnimPhys (29E575DD-E0A3-4627-9D10-D276232CDCEA): 3
LogInit: Compiled (64-bit): Jul 28 2017 11:49:47
LogInit: Compiled with Visual C++: 19.00.24215.01
LogInit: Build Configuration: Development
LogInit: Branch Name: ++UE4+Release-4.16
LogInit: Command line: 
LogInit: Base directory: C:/Program Files/Epic Games/UE_4.16/Engine/Binaries/Win64/
LogInit: Installed Engine Build: 1
LogInit: Presizing for max 8388607 objects, including 0 objects not considered by GC, pre-allocating 0 bytes for permanent pool.
LogInit: Object subsystem initialized
[2017.09.01-04.19.22:003][  0]LogInit: Selected Device Profile: [Windows]
[2017.09.01-04.19.22:003][  0]LogInit: Applying CVar settings loaded from the selected device profile: [Windows]
[2017.09.01-04.19.22:174][  0]LogInit: Computer: DESKTOP-HB0C1U8
[2017.09.01-04.19.22:174][  0]LogInit: User: Usuario
[2017.09.01-04.19.22:174][  0]LogInit: CPU Page size=4096, Cores=2
[2017.09.01-04.19.22:174][  0]LogInit: High frequency timer resolution =2.340366 MHz
[2017.09.01-04.19.22:175][  0]LogMemory: Memory total: Physical=7.9GB (8GB approx)
[2017.09.01-04.19.22:175][  0]LogMemory: Platform Memory Stats for Windows
[2017.09.01-04.19.22:175][  0]LogMemory: Process Physical Memory: 273.29 MB used, 273.29 MB peak
[2017.09.01-04.19.22:175][  0]LogMemory: Process Virtual Memory: 266.40 MB used, 266.40 MB peak
[2017.09.01-04.19.22:175][  0]LogMemory: Physical Memory: 5118.14 MB used,  2944.23 MB free, 8062.37 MB total
[2017.09.01-04.19.22:175][  0]LogMemory: Virtual Memory: 642.43 MB used,  2944.23 MB free, 134217728.00 MB total
[2017.09.01-04.19.22:888][  0]LogInit: Overriding language with editor language configuration option (en).
[2017.09.01-04.19.22:888][  0]LogInit: Overriding locale with editor locale configuration option (en).
[2017.09.01-04.19.37:920][  0]LogD3D11RHI: D3D11 adapters:
[2017.09.01-04.19.38:320][  0]LogD3D11RHI:    0. 'NVIDIA GeForce 940M' (Feature Level 11_0)
[2017.09.01-04.19.38:320][  0]LogD3D11RHI:       2020/0/4031 MB DedicatedVideo/DedicatedSystem/SharedSystem, Outputs:1, VendorId:0x10de
[2017.09.01-04.19.38:329][  0]LogD3D11RHI:    1. 'Intel(R) HD Graphics 5500' (Feature Level 11_0)
[2017.09.01-04.19.38:329][  0]LogD3D11RHI:       128/0/4031 MB DedicatedVideo/DedicatedSystem/SharedSystem, Outputs:0, VendorId:0x8086
[2017.09.01-04.19.38:332][  0]LogD3D11RHI:    2. 'Microsoft Basic Render Driver' (Feature Level 11_0)
[2017.09.01-04.19.38:332][  0]LogD3D11RHI:       0/0/4031 MB DedicatedVideo/DedicatedSystem/SharedSystem, Outputs:0, VendorId:0x1414
[2017.09.01-04.19.38:332][  0]LogD3D11RHI: Chosen D3D11 Adapter: 0
[2017.09.01-04.19.38:340][  0]LogD3D11RHI: Creating new Direct3DDevice
[2017.09.01-04.19.38:340][  0]LogD3D11RHI:     GPU DeviceId: 0x1347 (for the marketing name, search the web for "GPU Device Id")
[2017.09.01-04.19.38:340][  0]LogWindows: EnumDisplayDevices:
[2017.09.01-04.19.38:341][  0]LogWindows:    0. 'Intel(R) HD Graphics 5500' (P:1 D:1)
[2017.09.01-04.19.38:342][  0]LogWindows:    1. 'Intel(R) HD Graphics 5500' (P:0 D:0)
[2017.09.01-04.19.38:343][  0]LogWindows:    2. 'Intel(R) HD Graphics 5500' (P:0 D:0)
[2017.09.01-04.19.38:344][  0]LogWindows: DebugString: PrimaryIsNotTheChoosenAdapter PrimaryIsNotTheChoosenAdapter PrimaryIsNotTheChoosenAdapter FoundDriverCount:0 
[2017.09.01-04.19.38:345][  0]LogD3D11RHI:     Adapter Name: NVIDIA GeForce 940M
[2017.09.01-04.19.38:345][  0]LogD3D11RHI:   Driver Version: Unknown (internal:Unknown, unified:Unknown)
[2017.09.01-04.19.38:345][  0]LogD3D11RHI:      Driver Date: Unknown
[2017.09.01-04.19.38:345][  0]LogRHI: Texture pool is 1361 MB (70% of 1945 MB)
[2017.09.01-04.19.38:379][  0]LogD3D11RHI: Async texture creation enabled
[2017.09.01-04.19.38:398][  0]LogD3D11RHI: GPU Timing Frequency: 1000.000000 (Debug: 2 2)
[2017.09.01-04.19.38:400][  0]LogShaderCompilers: Guid format shader working directory is -12 characters bigger than the processId version (../../../../../../Users/Usuario/Documents/Unreal Projects/IA/Intermediate/Shaders/WorkingDirectory/4220/).
[2017.09.01-04.19.38:400][  0]LogShaderCompilers: Cleaned the shader compiler working directory 'C:/Users/Usuario/AppData/Local/Temp/UnrealShaderWorkingDir/C7C752CC4B50EF32A2F87385C4D73376/'.
[2017.09.01-04.19.38:400][  0]LogShaderCompilers:Display: Using Local Shader Compiler.
[2017.09.01-04.19.47:475][  0]LogTemp:Display: Loaded TP AllDesktopTargetPlatform
[2017.09.01-04.19.47:729][  0]LogTemp:Display: Loaded TP MacClientTargetPlatform
[2017.09.01-04.19.47:965][  0]LogTemp:Display: Loaded TP MacNoEditorTargetPlatform
[2017.09.01-04.19.48:210][  0]LogTemp:Display: Loaded TP MacServerTargetPlatform
[2017.09.01-04.19.48:544][  0]LogTemp:Display: Loaded TP MacTargetPlatform
[2017.09.01-04.19.48:791][  0]LogTemp:Display: Loaded TP WindowsClientTargetPlatform
[2017.09.01-04.19.49:015][  0]LogTemp:Display: Loaded TP WindowsNoEditorTargetPlatform
[2017.09.01-04.19.49:251][  0]LogTemp:Display: Loaded TP WindowsServerTargetPlatform
[2017.09.01-04.19.49:476][  0]LogTemp:Display: Loaded TP WindowsTargetPlatform
[2017.09.01-04.19.49:749][  0]LogTemp:Display: Loaded TP AndroidTargetPlatform
[2017.09.01-04.19.50:000][  0]LogTemp:Display: Loaded TP Android_ASTCTargetPlatform
[2017.09.01-04.19.50:235][  0]LogTemp:Display: Loaded TP Android_ATCTargetPlatform
[2017.09.01-04.19.50:462][  0]LogTemp:Display: Loaded TP Android_DXTTargetPlatform
[2017.09.01-04.19.50:701][  0]LogTemp:Display: Loaded TP Android_ETC1TargetPlatform
[2017.09.01-04.19.50:933][  0]LogTemp:Display: Loaded TP Android_ETC2TargetPlatform
[2017.09.01-04.19.51:417][  0]LogTemp:Display: Loaded TP Android_MultiTargetPlatform
[2017.09.01-04.19.51:417][  0]LogTemp:Display: Loaded TP Android_PVRTCTargetPlatform
[2017.09.01-04.19.51:665][  0]LogTemp:Display: Loaded TP HTML5TargetPlatform
[2017.09.01-04.19.52:122][  0]LogTemp:Display: Loaded TP IOSTargetPlatform
[2017.09.01-04.19.52:319][  0]LogTemp:Display: Loaded TP TVOSTargetPlatform
[2017.09.01-04.19.52:675][  0]LogTemp:Display: Loaded TP LinuxClientTargetPlatform
[2017.09.01-04.19.52:951][  0]LogTemp:Display: Loaded TP LinuxNoEditorTargetPlatform
[2017.09.01-04.19.53:196][  0]LogTemp:Display: Loaded TP LinuxServerTargetPlatform
[2017.09.01-04.19.53:464][  0]LogTemp:Display: Loaded TP LinuxTargetPlatform
[2017.09.01-04.19.53:464][  0]LogTargetPlatformManager:Display: Building Assets For Windows
[2017.09.01-04.19.56:822][  0]LogDerivedDataCache:Display: Max Cache Size: 512 MB
[2017.09.01-04.19.56:958][  0]LogDerivedDataCache: Loaded boot cache 0.14s 90MB C:/Users/Usuario/AppData/Local/UnrealEngine/4.16/DerivedDataCache/Boot.ddc.
[2017.09.01-04.19.56:958][  0]LogDerivedDataCache:Display: Loaded Boot cache: C:/Users/Usuario/AppData/Local/UnrealEngine/4.16/DerivedDataCache/Boot.ddc
[2017.09.01-04.19.56:958][  0]LogDerivedDataCache: FDerivedDataBackendGraph:  Pak pak cache file ../../../../../../Users/Usuario/Documents/Unreal Projects/IA/DerivedDataCache/DDC.ddp not found, will not use a pak cache.
[2017.09.01-04.19.56:958][  0]LogDerivedDataCache: Unable to find inner node Pak for hierarchical cache Hierarchy.
[2017.09.01-04.19.56:958][  0]LogDerivedDataCache: FDerivedDataBackendGraph:  CompressedPak pak cache file ../../../../../../Users/Usuario/Documents/Unreal Projects/IA/DerivedDataCache/Compressed.ddp not found, will not use a pak cache.
[2017.09.01-04.19.56:958][  0]LogDerivedDataCache: Unable to find inner node CompressedPak for hierarchical cache Hierarchy.
[2017.09.01-04.19.56:977][  0]LogDerivedDataCache:Display: Pak cache opened for reading ../../../Engine/DerivedDataCache/Compressed.ddp.
[2017.09.01-04.19.56:989][  0]LogDerivedDataCache: Using Local data cache path C:/Users/Usuario/AppData/Local/UnrealEngine/Common/DerivedDataCache: Writable
[2017.09.01-04.19.57:000][  0]LogMaterial: Verifying Global Shaders for PCD3D_SM5
[2017.09.01-04.19.57:001][  0]LogSlate: Using Freetype 2.6.0
[2017.09.01-04.19.57:032][  0]LogSlate: SlateFontCache - WITH_FREETYPE: 1, WITH_HARFBUZZ: 1
[2017.09.01-04.19.57:033][  0]LogSlate: SlateFontCache - WITH_FREETYPE: 1, WITH_HARFBUZZ: 1
[2017.09.01-04.20.00:611][  0]LogInit: Selected Device Profile: [Windows]
[2017.09.01-04.20.00:864][  0]LogContentStreaming: Texture pool size is 0.00 MB
[2017.09.01-04.20.01:675][  0]LogMeshUtilities: Using QuadricMeshReduction for automatic static mesh reduction
[2017.09.01-04.20.01:907][  0]LogSimplygon: Simplygon DLL not present - disabling.
[2017.09.01-04.20.02:196][  0]LogMeshUtilities: Using SimplygonSwarm for distributed automatic mesh merging
[2017.09.01-04.20.02:196][  0]LogMeshUtilities: No automatic skeletal mesh reduction module available
[2017.09.01-04.20.02:196][  0]LogMeshUtilities: No automatic mesh merging module available
[2017.09.01-04.20.04:086][  0]LogNetVersion: IA , NetCL: 3452394, EngineNetVer: 2, GameNetVer: 0 (Checksum: 4275716318)
[2017.09.01-04.20.04:546][  0]LogAssetRegistry: FAssetRegistry took 0.0275 seconds to start up
[2017.09.01-04.20.05:086][  0]LogPackageLocalizationCache: Processed 4 localized package path(s) for 1 prioritized culture(s) in 0.384908 seconds
[2017.09.01-04.20.05:097][  0]LogUObjectArray: 34194 objects as part of root set at end of initial load.
[2017.09.01-04.20.05:097][  0]LogUObjectAllocator: 7260424 out of 0 bytes used by permanent object pool.
[2017.09.01-04.20.05:097][  0]LogUObjectArray: CloseDisregardForGC: 0/0 objects in disregard for GC pool
[2017.09.01-04.20.05:828][  0]LogInit: WinSock: version 1.1 (2.2), MaxSocks=32767, MaxUdp=65467
[2017.09.01-04.20.51:906][  0]LogTcpMessaging: Initializing TcpMessaging bridge
[2017.09.01-04.20.52:076][  0]LogUdpMessaging: Initializing bridge on interface 0.0.0.0:0 to multicast group 230.0.0.1:6666.
[2017.09.01-04.20.55:770][  0]LogMaterial: Uniform references updated for custom material expression Custom.
[2017.09.01-04.20.57:956][  0]SourceControl: Info Source control is disabled
[2017.09.01-04.20.58:503][  0]SourceControl: Info Source control is disabled
[2017.09.01-04.20.58:772][  0]SourceControl: Info Source control is disabled
[2017.09.01-04.20.59:008][  0]SourceControl: Info Source control is disabled
[2017.09.01-04.21.00:543][  0]LogLinker:Warning: Can't find file '/Game/VehicleAdvBP/AdvancedVehicleOverview'
[2017.09.01-04.21.00:543][  0]LogLinker:Warning: Can't find file '/Game/VehicleAdvBP/AdvancedVehicleOverview'
[2017.09.01-04.21.00:544][  0]LogUObjectGlobals:Warning: Failed to find object 'Class /Game/VehicleAdvBP/AdvancedVehicleOverview.AdvancedVehicleOverview_C'
[2017.09.01-04.21.03:607][  0]LogAndroidPermission: UAndroidPermissionCallbackProxy::GetInstance
[2017.09.01-04.21.06:895][  0]LogEngine: Initializing Engine...
[2017.09.01-04.21.06:896][  0]LogHMD: Failed to initialize OpenVR with code 110
[2017.09.01-04.21.07:307][  0]LogStats: UGameplayTagsManager::ConstructGameplayTagTree: Construct from data asset -  0.000 s
[2017.09.01-04.21.07:308][  0]LogStats: UGameplayTagsManager::ConstructGameplayTagTree: GameplayTagTreeChangedEvent.Broadcast -  0.000 s
[2017.09.01-04.21.08:197][  0]LogAIModule: Creating AISystem for world Untitled
[2017.09.01-04.21.08:222][  0]LogInit: XAudio2 using 'Speakers (Realtek High Definition Audio)' : 2 channels at 48 kHz using 32 bits per sample (channel mask 0x3)
[2017.09.01-04.21.08:281][  0]LogInit: FAudioDevice initialized.
[2017.09.01-04.21.08:348][  0]LogDerivedDataCache: Saved boot cache 0.07s 90MB C:/Users/Usuario/AppData/Local/UnrealEngine/4.16/DerivedDataCache/Boot.ddc.
[2017.09.01-04.21.08:360][  0]LogInit: Texture streaming: Enabled
[2017.09.01-04.21.09:470][  0]LogEngineSessionManager: EngineSessionManager initialized
[2017.09.01-04.21.11:516][  0]LogInit: Transaction tracking system initialized
[2017.09.01-04.21.13:647][  0]BlueprintLog: New page: Editor Load
[2017.09.01-04.21.20:763][  0]LocalizationService: Info Localization service is disabled
[2017.09.01-04.21.25:818][  0]LogConsoleResponse:Display: 
[2017.09.01-04.21.26:590][  0]LogCook:Display: Max memory allowance for cook 16384mb min free memory 0mb
[2017.09.01-04.21.26:590][  0]LogCook:Display: Mobile HDR setting 1
[2017.09.01-04.21.26:955][  0]LogFileCache: Scanning file cache for directory 'C:/Users/Usuario/Documents/Unreal Projects/IA/Content/' took 0.06s
[2017.09.01-04.21.33:997][  0]SourceControl: Info Source control is disabled
[2017.09.01-04.21.33:997][  0]Cmd: MAP LOAD FILE="../../../../../../Users/Usuario/Documents/Unreal Projects/IA/Content/TwinStickBP/Maps/TwinStickExampleMap.umap" TEMPLATE=0 SHOWPROGRESS=1 FEATURELEVEL=3
[2017.09.01-04.21.33:999][  0]LightingResults: New page: Lighting Build
[2017.09.01-04.21.34:237][  0]MapCheck: New page: Map Check
[2017.09.01-04.21.34:237][  0]LightingResults: New page: Lighting Build
[2017.09.01-04.21.36:445][  0]LogAIModule: Creating AISystem for world TwinStickExampleMap
[2017.09.01-04.21.37:074][  0]LogEditorServer: Finished looking for orphan Actors (0.000 secs)
[2017.09.01-04.21.37:153][  0]Cmd: MAP CHECKDEP NOCLEARLOG
[2017.09.01-04.21.37:331][  0]MapCheck: Info Map check complete: 0 Error(s), 0 Warning(s), took 177.989ms to complete.
[2017.09.01-04.21.37:331][  0]LogFileHelpers: Loading map 'TwinStickExampleMap' took 3.334
[2017.09.01-04.21.39:184][  0]LogCollectionManager: Loaded 0 collections in 0.002945 seconds
[2017.09.01-04.21.39:998][  0]LogFileCache: Scanning file cache for directory 'C:/Users/Usuario/Documents/Unreal Projects/IA/Saved/Collections/' took 0.01s
[2017.09.01-04.21.39:998][  0]LogFileCache: Scanning file cache for directory 'C:/Users/Usuario/Documents/Unreal Projects/IA/Content/Developers/Usuario/Collections/' took 0.01s
[2017.09.01-04.21.39:998][  0]LogFileCache: Scanning file cache for directory 'C:/Users/Usuario/Documents/Unreal Projects/IA/Content/Collections/' took 0.01s
[2017.09.01-04.21.39:998][  0]LogCollectionManager: Rebuilt the GUID cache for 0 collections in 0.000008 seconds
[2017.09.01-04.21.40:051][  0]LogContentBrowser: Native class hierarchy populated in 0.0501 seconds. Added 2331 classes and 493 folders.
[2017.09.01-04.21.40:985][  0]LogContentBrowser: Native class hierarchy updated for 'WidgetCarousel' in 0.0074 seconds. Added 0 classes and 0 folders.
[2017.09.01-04.21.44:126][  0]LogContentBrowser: Native class hierarchy updated for 'AddContentDialog' in 0.0129 seconds. Added 0 classes and 0 folders.
[2017.09.01-04.21.44:842][  0]LogContentBrowser: Native class hierarchy updated for 'SceneOutliner' in 0.0141 seconds. Added 1 classes and 2 folders.
[2017.09.01-04.21.46:439][  0]LogCrashTracker: Crashtracker disabled due to settings.
[2017.09.01-04.21.46:579][  0]LogSlate: Took 0.001077 seconds to synchronously load lazily loaded font '../../../Engine/Content/Slate/Fonts/Roboto-Regular.ttf' (155K)
[2017.09.01-04.21.46:740][  0]LogSlate: Took 0.001992 seconds to synchronously load lazily loaded font '../../../Engine/Content/Slate/Fonts/Roboto-Bold.ttf' (160K)
[2017.09.01-04.21.46:854][  0]LogSlate: Took 0.061340 seconds to synchronously load lazily loaded font '../../../Engine/Content/Editor/Slate/Fonts/FontAwesome.ttf' (139K)
[2017.09.01-04.21.46:893][  0]LogSlate: Took 0.025507 seconds to synchronously load lazily loaded font '../../../Engine/Content/Editor/Slate/Fonts/DroidSansMono.ttf' (77K)
[2017.09.01-04.21.47:914][  0]LogRenderer: Reallocating scene render targets to support 1020x404 NumSamples 1 (Frame:1).
[2017.09.01-04.21.49:849][  0]LogUObjectGlobals:Warning: Failed to find object 'Class None.'
[2017.09.01-04.21.50:386][  0]LogContentBrowser: Native class hierarchy updated for 'HierarchicalLODOutliner' in 0.0051 seconds. Added 1 classes and 2 folders.
[2017.09.01-04.21.50:387][  0]LogLoad: (Engine Initialization) Total time: 156.46 seconds
[2017.09.01-04.21.50:387][  0]LogLoad: (Engine Initialization) Total Blueprint compile time: 0.79 seconds
[2017.09.01-04.21.50:387][  0]LogExternalProfiler: Found external profiler: VSPerf
[2017.09.01-04.21.50:387][  0]LogExternalProfiler: Using external profiler: VSPerf
[2017.09.01-04.21.50:728][  0]LogOcInput: OculusInput pre-init called
[2017.09.01-04.21.50:729][  0]LogHMD: Starting GearVRController plugin
[2017.09.01-04.21.50:911][  0]LogContentStreaming: Texture pool size now 400 MB
[2017.09.01-04.21.52:440][  5]LogAssetRegistry: Asset discovery search completed in 107.9161 seconds
[2017.09.01-04.21.52:445][  5]LogCollectionManager: Rebuilt the object cache for 0 collections in 0.000001 seconds (found 0 objects)
[2017.09.01-04.21.52:446][  5]LogCollectionManager: Fixed up redirectors for 0 collections in 0.000573 seconds (updated 0 objects)
[2017.09.01-04.25.21:999][653]LogEditorViewport: Clicking on Actor (LMB): StaticMeshActor (Floor)
[2017.09.01-04.25.23:787][667]LogEditorViewport: Clicking on Actor (LMB): StaticMeshActor (Floor)
[2017.09.01-04.26.03:673][787]LogSlate: Took 0.020452 seconds to synchronously load lazily loaded font '../../../Engine/Content/Editor/Slate/Fonts/Roboto-Italic.ttf' (157K)
[2017.09.01-04.26.11:419][200]LogEditorViewport: Clicking on Actor (LMB): StaticMeshActor (Floor)
[2017.09.01-04.26.12:076][212]LogEditorViewport: Clicking on Actor (LMB): TargetPoint (TargetPoint)
[2017.09.01-04.31.42:161][558]LogSlate: Took 0.027656 seconds to synchronously load lazily loaded font '../../../Engine/Content/Slate/Fonts/Roboto-Light.ttf' (159K)
[2017.09.01-04.31.51:353][585]LogSlate: Took 0.000891 seconds to synchronously load lazily loaded font '../../../Engine/Content/Slate/Fonts/Roboto-Light.ttf' (159K)
[2017.09.01-04.31.54:281][585]LogSlate: Took 0.000961 seconds to synchronously load lazily loaded font '../../../Engine/Content/Slate/Fonts/Roboto-Regular.ttf' (155K)
[2017.09.01-04.31.54:635][585]LogSavePackage: Save=2377.52ms
[2017.09.01-04.31.54:635][585]LogSavePackage: Moving '../../../../../../Users/Usuario/Documents/Unreal Projects/IA/Saved/TwinStickExampleMap_Auto1D9487076474CE9150AFACFB8CE299EC1.tmp' to '../../../../../../Users/Usuario/Documents/Unreal Projects/IA/Saved/Autosaves/Game/TwinStickBP/Maps/TwinStickExampleMap_Auto1.umap'
[2017.09.01-04.31.54:666][585]LogSavePackage:Display: Finished SavePackage ../../../../../../Users/Usuario/Documents/Unreal Projects/IA/Saved/Autosaves/Game/TwinStickBP/Maps/TwinStickExampleMap_Auto1.umap
[2017.09.01-04.31.54:775][585]LogFileHelpers: Editor autosave (incl. sublevels) for '/Game/TwinStickBP/Maps/TwinStickExampleMap' took 3.311
[2017.09.01-04.31.54:776][585]LogFileHelpers: Editor autosave (incl. sublevels) for all levels took 3.311
[2017.09.01-04.43.13:921][271]Cmd: QUIT_EDITOR
[2017.09.01-04.43.14:004][271]LogWindowsTextInputMethodSystem:Display: IME system now deactivated.
[2017.09.01-04.43.14:055][271]LogExit: Preparing to exit.
[2017.09.01-04.43.14:829][271]LogDirectoryWatcher: A directory notification for 'C:/Users/Usuario/Documents/Unreal Projects/IA/Content/' was aborted.
[2017.09.01-04.43.14:900][271]LogExit: Editor shut down
[2017.09.01-04.43.14:932][271]LogExit: Transaction tracking system shut down
[2017.09.01-04.43.15:033][271]LogObj: Freed 0b from 0 cluster array pools.
[2017.09.01-04.43.15:033][271]LogExit: Object subsystem successfully closed.
[2017.09.01-04.43.15:051][271]LogD3D11RHI: Shutdown
[2017.09.01-04.43.15:051][271]LogD3D11RHI: CleanupD3DDevice
[2017.09.01-04.43.15:291][271]LogD3D11RHI: ~FD3D11DynamicRHI
[2017.09.01-04.43.15:361][271]LogModuleManager: Shutting down and abandoning module HierarchicalLODOutliner (526)
[2017.09.01-04.43.15:361][271]LogModuleManager: Shutting down and abandoning module CrashTracker (524)
[2017.09.01-04.43.15:361][271]LogModuleManager: Shutting down and abandoning module SceneOutliner (522)
[2017.09.01-04.43.15:382][271]LogModuleManager: Shutting down and abandoning module AddContentDialog (520)
[2017.09.01-04.43.15:401][271]LogDirectoryWatcher: A directory notification for 'C:/Program Files/Epic Games/UE_4.16/FeaturePacks/' was aborted.
[2017.09.01-04.43.15:403][271]LogModuleManager: Shutting down and abandoning module WidgetCarousel (519)
[2017.09.01-04.43.15:403][271]LogModuleManager: Shutting down and abandoning module EditorWidgets (516)
[2017.09.01-04.43.15:403][271]LogModuleManager: Shutting down and abandoning module CollectionManager (514)
[2017.09.01-04.43.15:403][271]LogDirectoryWatcher: A directory notification for 'C:/Users/Usuario/Documents/Unreal Projects/IA/Content/Collections/' was aborted.
[2017.09.01-04.43.15:403][271]LogDirectoryWatcher: A directory notification for 'C:/Users/Usuario/Documents/Unreal Projects/IA/Content/Developers/Usuario/Collections/' was aborted.
[2017.09.01-04.43.15:403][271]LogDirectoryWatcher: A directory notification for 'C:/Users/Usuario/Documents/Unreal Projects/IA/Saved/Collections/' was aborted.
[2017.09.01-04.43.15:403][271]LogModuleManager: Shutting down and abandoning module StatsViewer (512)
[2017.09.01-04.43.15:403][271]LogModuleManager: Shutting down and abandoning module FoliageEdit (510)
[2017.09.01-04.43.15:403][271]LogModuleManager: Shutting down and abandoning module LandscapeEditor (508)
[2017.09.01-04.43.15:403][271]LogModuleManager: Shutting down and abandoning module MeshPaintMode (506)
[2017.09.01-04.43.15:403][271]LogModuleManager: Shutting down and abandoning module SceneDepthPickerMode (504)
[2017.09.01-04.43.15:403][271]LogModuleManager: Shutting down and abandoning module ActorPickerMode (502)
[2017.09.01-04.43.15:403][271]LogModuleManager: Shutting down and abandoning module GeometryMode (500)
[2017.09.01-04.43.15:403][271]LogModuleManager: Shutting down and abandoning module TextureAlignMode (498)
[2017.09.01-04.43.15:403][271]LogModuleManager: Shutting down and abandoning module BspMode (496)
[2017.09.01-04.43.15:403][271]LogModuleManager: Shutting down and abandoning module HardwareSurvey (494)
[2017.09.01-04.43.15:403][271]LogModuleManager: Shutting down and abandoning module SequenceRecorderSections (492)
[2017.09.01-04.43.15:403][271]LogModuleManager: Shutting down and abandoning module AutomationWorker (490)
[2017.09.01-04.43.15:403][271]LogModuleManager: Shutting down and abandoning module MatineeToLevelSequence (488)
[2017.09.01-04.43.15:404][271]LogModuleManager: Shutting down and abandoning module LevelSequenceEditor (486)
[2017.09.01-04.43.15:404][271]LogModuleManager: Shutting down and abandoning module PlacementMode (485)
[2017.09.01-04.43.15:404][271]LogModuleManager: Shutting down and abandoning module WmfMediaFactory (482)
[2017.09.01-04.43.15:404][271]LogModuleManager: Shutting down and abandoning module WmfMediaEditor (480)
[2017.09.01-04.43.15:404][271]LogModuleManager: Shutting down and abandoning module AvfMediaFactory (478)
[2017.09.01-04.43.15:404][271]LogModuleManager: Shutting down and abandoning module AvfMediaEditor (476)
[2017.09.01-04.43.15:404][271]LogModuleManager: Shutting down and abandoning module AndroidMediaFactory (474)
[2017.09.01-04.43.15:404][271]LogModuleManager: Shutting down and abandoning module Media (473)
[2017.09.01-04.43.15:404][271]LogModuleManager: Shutting down and abandoning module AndroidMediaEditor (470)
[2017.09.01-04.43.15:404][271]LogModuleManager: Shutting down and abandoning module CharacterAI (468)
[2017.09.01-04.43.15:404][271]LogModuleManager: Shutting down and abandoning module AudioCapture (466)
[2017.09.01-04.43.15:404][271]LogModuleManager: Shutting down and abandoning module SequenceRecorder (465)
[2017.09.01-04.43.15:404][271]LogModuleManager: Shutting down and abandoning module SmartSnapping (462)
[2017.09.01-04.43.15:404][271]LogModuleManager: Shutting down and abandoning module SessionServices (460)
[2017.09.01-04.43.15:404][271]LogModuleManager: Shutting down and abandoning module ViewportSnapping (458)
[2017.09.01-04.43.15:404][271]LogModuleManager: Shutting down and abandoning module ViewportInteraction (456)
[2017.09.01-04.43.15:404][271]LogModuleManager: Shutting down and abandoning module ClothPainter (454)
[2017.09.01-04.43.15:404][271]LogModuleManager: Shutting down and abandoning module LogVisualizer (452)
[2017.09.01-04.43.15:404][271]LogModuleManager: Shutting down and abandoning module IntroTutorials (450)
[2017.09.01-04.43.15:411][271]LogModuleManager: Shutting down and abandoning module GameProjectGeneration (449)
[2017.09.01-04.43.15:411][271]LogModuleManager: Shutting down and abandoning module EditorLiveStreaming (446)
[2017.09.01-04.43.15:411][271]LogModuleManager: Shutting down and abandoning module IOSPlatformEditor (444)
[2017.09.01-04.43.15:411][271]LogModuleManager: Shutting down and abandoning module HTML5PlatformEditor (442)
[2017.09.01-04.43.15:411][271]LogModuleManager: Shutting down and abandoning module AndroidPlatformEditor (440)
[2017.09.01-04.43.15:411][271]LogModuleManager: Shutting down and abandoning module AndroidDeviceDetection (439)
[2017.09.01-04.43.15:963][271]LogModuleManager: Shutting down and abandoning module IOSRuntimeSettings (436)
[2017.09.01-04.43.15:963][271]LogModuleManager: Shutting down and abandoning module AndroidRuntimeSettings (434)
[2017.09.01-04.43.15:963][271]LogModuleManager: Shutting down and abandoning module InputBindingEditor (432)
[2017.09.01-04.43.15:963][271]LogModuleManager: Shutting down and abandoning module MergeActors (430)
[2017.09.01-04.43.15:963][271]LogModuleManager: Shutting down and abandoning module SizeMap (428)
[2017.09.01-04.43.15:964][271]LogModuleManager: Shutting down and abandoning module TreeMap (426)
[2017.09.01-04.43.15:964][271]LogModuleManager: Shutting down and abandoning module ReferenceViewer (424)
[2017.09.01-04.43.15:964][271]LogModuleManager: Shutting down and abandoning module LocalizationDashboard (422)
[2017.09.01-04.43.15:964][271]LogModuleManager: Shutting down and abandoning module LocalizationService (421)
[2017.09.01-04.43.15:964][271]LogModuleManager: Shutting down and abandoning module HardwareTargeting (418)
[2017.09.01-04.43.15:964][271]LogModuleManager: Shutting down and abandoning module DeviceProfileEditor (416)
[2017.09.01-04.43.15:964][271]LogModuleManager: Shutting down and abandoning module UndoHistory (414)
[2017.09.01-04.43.15:964][271]LogModuleManager: Shutting down and abandoning module UserFeedback (412)
[2017.09.01-04.43.15:964][271]LogModuleManager: Shutting down and abandoning module XmlParser (410)
[2017.09.01-04.43.15:964][271]LogModuleManager: Shutting down and abandoning module Blutility (408)
[2017.09.01-04.43.15:964][271]LogModuleManager: Shutting down and abandoning module ProjectSettingsViewer (406)
[2017.09.01-04.43.15:965][271]LogModuleManager: Shutting down and abandoning module ProjectTargetPlatformEditor (405)
[2017.09.01-04.43.15:965][271]LogModuleManager: Shutting down and abandoning module EditorSettingsViewer (402)
[2017.09.01-04.43.15:965][271]LogModuleManager: Shutting down and abandoning module SettingsEditor (400)
[2017.09.01-04.43.15:965][271]LogModuleManager: Shutting down and abandoning module ProjectLauncher (398)
[2017.09.01-04.43.15:965][271]LogModuleManager: Shutting down and abandoning module SessionFrontend (396)
[2017.09.01-04.43.15:965][271]LogModuleManager: Shutting down and abandoning module ProfilerClient (394)
[2017.09.01-04.43.15:966][271]LogModuleManager: Shutting down and abandoning module DeviceManager (392)
[2017.09.01-04.43.15:966][271]LogModuleManager: Shutting down and abandoning module TargetDeviceServices (391)
[2017.09.01-04.43.16:032][271]LogModuleManager: Shutting down and abandoning module AutomationController (388)
[2017.09.01-04.43.16:032][271]LogModuleManager: Shutting down and abandoning module AutomationWindow (386)
[2017.09.01-04.43.16:032][271]LogModuleManager: Shutting down and abandoning module Layers (384)
[2017.09.01-04.43.16:032][271]LogModuleManager: Shutting down and abandoning module ComponentVisualizers (382)
[2017.09.01-04.43.16:032][271]LogModuleManager: Shutting down and abandoning module DetailCustomizations (380)
[2017.09.01-04.43.16:032][271]LogModuleManager: Shutting down and abandoning module PackagesDialog (378)
[2017.09.01-04.43.16:032][271]LogModuleManager: Shutting down and abandoning module Persona (376)
[2017.09.01-04.43.16:033][271]LogModuleManager: Shutting down and abandoning module AdvancedPreviewScene (375)
[2017.09.01-04.43.16:033][271]LogModuleManager: Shutting down and abandoning module AnimGraph (373)
[2017.09.01-04.43.16:033][271]LogModuleManager: Shutting down and abandoning module Kismet (370)
[2017.09.01-04.43.16:033][271]LogModuleManager: Shutting down and abandoning module ClassViewer (368)
[2017.09.01-04.43.16:033][271]LogModuleManager: Shutting down and abandoning module Toolbox (366)
[2017.09.01-04.43.16:033][271]LogModuleManager: Shutting down and abandoning module ModuleUI (364)
[2017.09.01-04.43.16:033][271]LogModuleManager: Shutting down and abandoning module MovieSceneTools (362)
[2017.09.01-04.43.16:034][271]LogModuleManager: Shutting down and abandoning module OutputLog (360)
[2017.09.01-04.43.16:034][271]LogModuleManager: Shutting down and abandoning module GammaUI (358)
[2017.09.01-04.43.16:034][271]LogModuleManager: Shutting down and abandoning module Documentation (356)
[2017.09.01-04.43.16:034][271]LogModuleManager: Shutting down and abandoning module MovieSceneTracks (354)
[2017.09.01-04.43.16:034][271]LogModuleManager: Shutting down and abandoning module MovieScene (352)
[2017.09.01-04.43.16:034][271]LogModuleManager: Shutting down and abandoning module Niagara (350)
[2017.09.01-04.43.16:034][271]LogModuleManager: Shutting down and abandoning module NiagaraEditor (349)
[2017.09.01-04.43.16:034][271]LogModuleManager: Shutting down and abandoning module StreamingPauseRendering (346)
[2017.09.01-04.43.16:034][271]LogModuleManager: Shutting down and abandoning module AnalyticsET (344)
[2017.09.01-04.43.16:034][271]LogModuleManager: Shutting down and abandoning module PortalServices (342)
[2017.09.01-04.43.16:034][271]LogModuleManager: Shutting down and abandoning module PortalRpc (340)
[2017.09.01-04.43.16:034][271]LogModuleManager: Shutting down and abandoning module MessagingRpc (338)
[2017.09.01-04.43.16:034][271]LogModuleManager: Shutting down and abandoning module AIModule (336)
[2017.09.01-04.43.16:034][271]LogModuleManager: Shutting down and abandoning module GameplayDebugger (335)
[2017.09.01-04.43.16:034][271]LogModuleManager: Shutting down and abandoning module AITestSuite (333)
[2017.09.01-04.43.16:034][271]LogModuleManager: Shutting down and abandoning module ProfilerService (330)
[2017.09.01-04.43.16:156][271]LogModuleManager: Shutting down and abandoning module TaskGraph (328)
[2017.09.01-04.43.16:156][271]LogModuleManager: Shutting down and abandoning module SteamVRController (326)
[2017.09.01-04.43.16:156][271]LogModuleManager: Shutting down and abandoning module SteamVR (324)
[2017.09.01-04.43.16:156][271]LogModuleManager: Shutting down and abandoning module ProceduralMeshComponentEditor (322)
[2017.09.01-04.43.16:156][271]LogModuleManager: Shutting down and abandoning module ProceduralMeshComponent (320)
[2017.09.01-04.43.16:156][271]LogModuleManager: Shutting down and abandoning module OculusLibrary (318)
[2017.09.01-04.43.16:156][271]LogModuleManager: Shutting down and abandoning module OculusInput (316)
[2017.09.01-04.43.16:156][271]LogModuleManager: Shutting down and abandoning module MobilePatchingUtils (314)
[2017.09.01-04.43.16:156][271]LogModuleManager: Shutting down and abandoning module CustomMeshComponent (312)
[2017.09.01-04.43.16:157][271]LogModuleManager: Shutting down and abandoning module CableComponent (310)
[2017.09.01-04.43.16:157][271]LogModuleManager: Shutting down and abandoning module ArchVisCharacter (308)
[2017.09.01-04.43.16:157][271]LogModuleManager: Shutting down and abandoning module AndroidPermission (306)
[2017.09.01-04.43.16:157][271]LogModuleManager: Shutting down and abandoning module MediaPlayerEditor (302)
[2017.09.01-04.43.16:157][271]LogModuleManager: Shutting down and abandoning module HTML5Networking (300)
[2017.09.01-04.43.16:157][271]LogModuleManager: Shutting down and abandoning module AlembicImporter (298)
[2017.09.01-04.43.16:157][271]LogModuleManager: Shutting down and abandoning module AlembicLibrary (297)
[2017.09.01-04.43.16:157][271]LogModuleManager: Shutting down and abandoning module GeometryCache (296)
[2017.09.01-04.43.16:157][271]LogModuleManager: Shutting down and abandoning module GeometryCacheEd (295)
[2017.09.01-04.43.16:157][271]LogModuleManager: Shutting down and abandoning module SuperSearchEditor (290)
[2017.09.01-04.43.16:158][271]LogModuleManager: Shutting down and abandoning module SuperSearch (289)
[2017.09.01-04.43.16:158][271]LogModuleManager: Shutting down and abandoning module SpeedTreeImporter (286)
[2017.09.01-04.43.16:158][271]LogModuleManager: Shutting down and abandoning module PluginBrowser (284)
[2017.09.01-04.43.16:158][271]LogModuleManager: Shutting down and abandoning module MobileLauncherProfileWizard (282)
[2017.09.01-04.43.16:158][271]LogModuleManager: Shutting down and abandoning module VisualStudioSourceCodeAccess (280)
[2017.09.01-04.43.16:158][271]LogModuleManager: Shutting down and abandoning module DesktopPlatform (279)
[2017.09.01-04.43.16:158][271]LogModuleManager: Shutting down and abandoning module UObjectPlugin (276)
[2017.09.01-04.43.16:158][271]LogModuleManager: Shutting down and abandoning module SubversionSourceControl (274)
[2017.09.01-04.43.16:158][271]LogModuleManager: Shutting down and abandoning module PerforceSourceControl (272)
[2017.09.01-04.43.16:158][271]LogModuleManager: Shutting down and abandoning module GitSourceControl (270)
[2017.09.01-04.43.16:158][271]LogModuleManager: Shutting down and abandoning module SourceControl (269)
[2017.09.01-04.43.16:159][271]LogModuleManager: Shutting down and abandoning module LightPropagationVolumeEditor (266)
[2017.09.01-04.43.16:159][271]LogModuleManager: Shutting down and abandoning module PaperTiledImporter (264)
[2017.09.01-04.43.16:159][271]LogModuleManager: Shutting down and abandoning module PaperSpriteSheetImporter (262)
[2017.09.01-04.43.16:159][271]LogModuleManager: Shutting down and abandoning module Paper2DEditor (260)
[2017.09.01-04.43.16:159][271]LogModuleManager: Shutting down and abandoning module MeshPaint (259)
[2017.09.01-04.43.16:159][271]LogModuleManager: Shutting down and abandoning module LevelEditor (257)
[2017.09.01-04.43.16:161][271]LogModuleManager: Shutting down and abandoning module PixelInspectorModule (256)
[2017.09.01-04.43.16:161][271]LogModuleManager: Shutting down and abandoning module MainFrame (254)
[2017.09.01-04.43.16:161][271]LogModuleManager: Shutting down and abandoning module HotReload (253)
[2017.09.01-04.43.16:161][271]LogDirectoryWatcher: A directory notification for 'C:/Users/Usuario/Documents/Unreal Projects/IA/Binaries/Win64' was aborted.
[2017.09.01-04.43.16:163][271]LogModuleManager: Shutting down and abandoning module IA (248)
[2017.09.01-04.43.16:163][271]LogModuleManager: Shutting down and abandoning module PhysXVehiclesEditor (246)
[2017.09.01-04.43.16:163][271]LogModuleManager: Shutting down and abandoning module PhysXVehicles (244)
[2017.09.01-04.43.16:163][271]LogModuleManager: Shutting down and abandoning module LocationServicesBPLibrary (242)
[2017.09.01-04.43.16:163][271]LogModuleManager: Shutting down and abandoning module ImmediatePhysicsEditor (240)
[2017.09.01-04.43.16:163][271]LogModuleManager: Shutting down and abandoning module ImmediatePhysics (238)
[2017.09.01-04.43.16:164][271]LogModuleManager: Shutting down and abandoning module UdpMessaging (236)
[2017.09.01-04.43.16:265][271]LogModuleManager: Shutting down and abandoning module TcpMessaging (234)
[2017.09.01-04.43.16:365][271]LogModuleManager: Shutting down and abandoning module GameplayTagsEditor (232)
[2017.09.01-04.43.16:365][271]LogModuleManager: Shutting down and abandoning module FacialAnimationEditor (230)
[2017.09.01-04.43.16:365][271]LogModuleManager: Shutting down and abandoning module FacialAnimation (228)
[2017.09.01-04.43.16:365][271]LogModuleManager: Shutting down and abandoning module AssetManagerEditor (226)
[2017.09.01-04.43.16:365][271]LogModuleManager: Shutting down and abandoning module GraphEditor (225)
[2017.09.01-04.43.16:365][271]LogModuleManager: Shutting down and abandoning module ContentBrowser (223)
[2017.09.01-04.43.16:366][271]LogModuleManager: Shutting down and abandoning module LightPropagationVolumeRuntime (220)
[2017.09.01-04.43.16:366][271]LogModuleManager: Shutting down and abandoning module Paper2D (218)
[2017.09.01-04.43.16:366][271]LogModuleManager: Shutting down and abandoning module WindowsMoviePlayer (216)
[2017.09.01-04.43.16:366][271]LogModuleManager: Shutting down and abandoning module WmfMedia (214)
[2017.09.01-04.43.16:367][271]LogModuleManager: Shutting down and abandoning module ClothingSystemEditor (212)
[2017.09.01-04.43.16:367][271]LogModuleManager: Shutting down and abandoning module ClothingSystemRuntime (210)
[2017.09.01-04.43.16:367][271]LogModuleManager: Shutting down and abandoning module MediaAssets (208)
[2017.09.01-04.43.16:367][271]LogModuleManager: Shutting down and abandoning module GameLiveStreaming (206)
[2017.09.01-04.43.16:367][271]LogModuleManager: Shutting down and abandoning module VREditor (204)
[2017.09.01-04.43.16:367][271]LogModuleManager: Shutting down and abandoning module StringTableEditor (202)
[2017.09.01-04.43.16:367][271]LogModuleManager: Shutting down and abandoning module GameplayTasksEditor (200)
[2017.09.01-04.43.16:367][271]LogModuleManager: Shutting down and abandoning module BehaviorTreeEditor (198)
[2017.09.01-04.43.16:367][271]LogModuleManager: Shutting down and abandoning module FunctionalTesting (196)
[2017.09.01-04.43.16:367][271]LogModuleManager: Shutting down and abandoning module CollisionAnalyzer (194)
[2017.09.01-04.43.16:367][271]LogModuleManager: Shutting down and abandoning module UMG (192)
[2017.09.01-04.43.16:367][271]LogModuleManager: Shutting down and abandoning module UMGEditor (191)
[2017.09.01-04.43.16:368][271]LogModuleManager: Shutting down and abandoning module Sequencer (190)
[2017.09.01-04.43.16:368][271]LogModuleManager: Shutting down and abandoning module AssetTools (188)
[2017.09.01-04.43.16:368][271]LogModuleManager: Shutting down and abandoning module MessageLog (187)
[2017.09.01-04.43.16:368][271]LogModuleManager: Shutting down and abandoning module WorkspaceMenuStructure (186)
[2017.09.01-04.43.16:368][271]LogModuleManager: Shutting down and abandoning module SlateReflector (180)
[2017.09.01-04.43.16:368][271]LogModuleManager: Shutting down and abandoning module Slate (178)
[2017.09.01-04.43.16:368][271]LogModuleManager: Shutting down and abandoning module EditorStyle (176)
[2017.09.01-04.43.16:384][271]LogModuleManager: Shutting down and abandoning module SourceCodeAccess (174)
[2017.09.01-04.43.16:384][271]LogModuleManager: Shutting down and abandoning module HeadMountedDisplay (172)
[2017.09.01-04.43.16:384][271]LogModuleManager: Shutting down and abandoning module XAudio2 (170)
[2017.09.01-04.43.16:384][271]LogModuleManager: Shutting down and abandoning module Networking (168)
[2017.09.01-04.43.16:384][271]LogModuleManager: Shutting down and abandoning module Core (164)
[2017.09.01-04.43.16:384][271]LogModuleManager: Shutting down and abandoning module AssetRegistry (162)
[2017.09.01-04.43.16:533][271]LogDirectoryWatcher: A directory notification for '../../../Engine/Content/' was aborted.
[2017.09.01-04.43.16:533][271]LogDirectoryWatcher: A directory notification for '../../../../../../Users/Usuario/Documents/Unreal Projects/IA/Content/' was aborted.
[2017.09.01-04.43.16:533][271]LogDirectoryWatcher: A directory notification for '../../../Engine/Plugins/2D/Paper2D/Content/' was aborted.
[2017.09.01-04.43.16:533][271]LogDirectoryWatcher: A directory notification for '../../../Engine/Plugins/Runtime/GearVR/Content/' was aborted.
[2017.09.01-04.43.16:537][271]LogModuleManager: Shutting down and abandoning module DirectoryWatcher (161)
[2017.09.01-04.43.16:539][271]LogModuleManager: Shutting down and abandoning module KismetCompiler (158)
[2017.09.01-04.43.16:539][271]LogModuleManager: Shutting down and abandoning module LevelSequence (156)
[2017.09.01-04.43.16:539][271]LogModuleManager: Shutting down and abandoning module PhysXFormats (154)
[2017.09.01-04.43.16:539][271]LogModuleManager: Shutting down and abandoning module MeshUtilities (152)
[2017.09.01-04.43.16:539][271]LogModuleManager: Shutting down and abandoning module SimplygonSwarm (151)
[2017.09.01-04.43.16:539][271]LogModuleManager: Shutting down and abandoning module SimplygonMeshReduction (149)
[2017.09.01-04.43.16:539][271]LogModuleManager: Shutting down and abandoning module QuadricMeshReduction (147)
[2017.09.01-04.43.16:540][271]LogModuleManager: Shutting down and abandoning module DerivedDataCache (144)
[2017.09.01-04.43.16:577][271]LogDerivedDataCache: Shutdown
[2017.09.01-04.43.16:577][271]LogModuleManager: Shutting down and abandoning module TargetPlatform (142)
[2017.09.01-04.43.16:577][271]LogModuleManager: Shutting down and abandoning module VulkanShaderFormat (141)
[2017.09.01-04.43.16:577][271]LogModuleManager: Shutting down and abandoning module ShaderFormatVectorVM (139)
[2017.09.01-04.43.16:577][271]LogModuleManager: Shutting down and abandoning module ShaderFormatOpenGL (137)
[2017.09.01-04.43.16:577][271]LogModuleManager: Shutting down and abandoning module ShaderFormatD3D (135)
[2017.09.01-04.43.16:577][271]LogModuleManager: Shutting down and abandoning module MetalShaderFormat (133)
[2017.09.01-04.43.16:577][271]LogModuleManager: Shutting down and abandoning module TextureFormatUncompressed (131)
[2017.09.01-04.43.16:577][271]LogModuleManager: Shutting down and abandoning module TextureFormatPVR (129)
[2017.09.01-04.43.16:577][271]LogModuleManager: Shutting down and abandoning module TextureFormatDXT (127)
[2017.09.01-04.43.16:577][271]LogModuleManager: Shutting down and abandoning module TextureFormatIntelISPCTexComp (125)
[2017.09.01-04.43.16:578][271]LogModuleManager: Shutting down and abandoning module TextureFormatASTC (123)
[2017.09.01-04.43.16:578][271]LogModuleManager: Shutting down and abandoning module ImageWrapper (122)
[2017.09.01-04.43.16:578][271]LogModuleManager: Shutting down and abandoning module TextureFormatAndroid (119)
[2017.09.01-04.43.16:578][271]LogModuleManager: Shutting down and abandoning module AudioFormatOpus (117)
[2017.09.01-04.43.16:578][271]LogModuleManager: Shutting down and abandoning module AudioFormatOgg (115)
[2017.09.01-04.43.16:578][271]LogModuleManager: Shutting down and abandoning module AudioFormatADPCM (113)
[2017.09.01-04.43.16:578][271]LogModuleManager: Shutting down and abandoning module LinuxTargetPlatform (111)
[2017.09.01-04.43.16:578][271]LogModuleManager: Shutting down and abandoning module LinuxServerTargetPlatform (109)
[2017.09.01-04.43.16:578][271]LogModuleManager: Shutting down and abandoning module LinuxNoEditorTargetPlatform (107)
[2017.09.01-04.43.16:578][271]LogModuleManager: Shutting down and abandoning module LinuxClientTargetPlatform (105)
[2017.09.01-04.43.16:578][271]LogModuleManager: Shutting down and abandoning module TVOSTargetPlatform (103)
[2017.09.01-04.43.16:578][271]LogModuleManager: Shutting down and abandoning module Messaging (101)
[2017.09.01-04.43.16:578][271]LogModuleManager: Shutting down and abandoning module IOSTargetPlatform (99)
[2017.09.01-04.43.16:578][271]LogModuleManager: Shutting down and abandoning module HTML5TargetPlatform (97)
[2017.09.01-04.43.16:578][271]LogModuleManager: Shutting down and abandoning module Android_PVRTCTargetPlatform (95)
[2017.09.01-04.43.16:578][271]LogModuleManager: Shutting down and abandoning module Android_MultiTargetPlatform (93)
[2017.09.01-04.43.16:578][271]LogModuleManager: Shutting down and abandoning module Android_ETC2TargetPlatform (91)
[2017.09.01-04.43.16:578][271]LogModuleManager: Shutting down and abandoning module Android_ETC1TargetPlatform (89)
[2017.09.01-04.43.16:578][271]LogModuleManager: Shutting down and abandoning module Android_DXTTargetPlatform (87)
[2017.09.01-04.43.16:578][271]LogModuleManager: Shutting down and abandoning module Android_ATCTargetPlatform (85)
[2017.09.01-04.43.16:578][271]LogModuleManager: Shutting down and abandoning module Android_ASTCTargetPlatform (83)
[2017.09.01-04.43.16:578][271]LogModuleManager: Shutting down and abandoning module AndroidTargetPlatform (81)
[2017.09.01-04.43.16:578][271]LogModuleManager: Shutting down and abandoning module WindowsTargetPlatform (79)
[2017.09.01-04.43.16:578][271]LogModuleManager: Shutting down and abandoning module WindowsServerTargetPlatform (77)
[2017.09.01-04.43.16:578][271]LogModuleManager: Shutting down and abandoning module WindowsNoEditorTargetPlatform (75)
[2017.09.01-04.43.16:578][271]LogModuleManager: Shutting down and abandoning module WindowsClientTargetPlatform (73)
[2017.09.01-04.43.16:578][271]LogModuleManager: Shutting down and abandoning module MacTargetPlatform (71)
[2017.09.01-04.43.16:578][271]LogModuleManager: Shutting down and abandoning module MacServerTargetPlatform (69)
[2017.09.01-04.43.16:578][271]LogModuleManager: Shutting down and abandoning module MacNoEditorTargetPlatform (67)
[2017.09.01-04.43.16:578][271]LogModuleManager: Shutting down and abandoning module MacClientTargetPlatform (65)
[2017.09.01-04.43.16:578][271]LogModuleManager: Shutting down and abandoning module AllDesktopTargetPlatform (63)
[2017.09.01-04.43.16:578][271]LogModuleManager: Shutting down and abandoning module InputCore (60)
[2017.09.01-04.43.16:578][271]LogModuleManager: Shutting down and abandoning module Settings (58)
[2017.09.01-04.43.16:578][271]LogModuleManager: Shutting down and abandoning module OculusRift (56)
[2017.09.01-04.43.16:578][271]LogModuleManager: Shutting down and abandoning module GearVRController (54)
[2017.09.01-04.43.16:578][271]LogModuleManager: Shutting down and abandoning module GearVR (52)
[2017.09.01-04.43.16:578][271]LogModuleManager: Shutting down and abandoning module ExampleDeviceProfileSelector (50)
[2017.09.01-04.43.16:578][271]LogModuleManager: Shutting down and abandoning module OnlineBlueprintSupport (48)
[2017.09.01-04.43.16:578][271]LogModuleManager: Shutting down and abandoning module OnlineSubsystem (44)
[2017.09.01-04.43.16:578][271]LogOnline:Display: Unloading online subsystem: NULL
[2017.09.01-04.43.16:578][271]LogModuleManager: Shutting down and abandoning module XMPP (43)
[2017.09.01-04.43.16:578][271]LogModuleManager: Shutting down and abandoning module HTTP (41)
[2017.09.01-04.43.16:578][271]LogHttp:Display: Http module shutting down, but needs to wait on 1 outstanding Http requests:
[2017.09.01-04.43.16:578][271]LogHttp:Display: 	verb=[POST] url=[https://datarouter.ol.epicgames.com/datarouter/api/v1/public/data?SessionID=%7BE68747A8-47A0-9F29-DDF6-61AC94B793A9%7D&AppID=UEEditor.Rocket.Release&AppVersion=4.16.3-3561208%2B%2B%2BUE4%2BRelease-4.16&UserID=d3d293ad40312bdc250f82878f9e3990%7Cb3dfd9ddead147e5bbf052f9b537a3d1%7C2b8d88d0-c30e-43a8-bfdf-7e19d93dabe6&AppEnvironment=datacollector-binary&UploadType=eteventstream] status=Processing
[2017.09.01-04.43.16:605][271]LogModuleManager: Shutting down and abandoning module SSL (40)
[2017.09.01-04.43.16:608][271]LogModuleManager: Shutting down and abandoning module HTTPChunkInstaller (36)
[2017.09.01-04.43.16:608][271]LogModuleManager: Shutting down and abandoning module AnimationModifiers (34)
[2017.09.01-04.43.16:608][271]LogModuleManager: Shutting down and abandoning module PropertyEditor (33)
[2017.09.01-04.43.16:608][271]LogModuleManager: Shutting down and abandoning module AudioEditor (30)
[2017.09.01-04.43.16:608][271]LogModuleManager: Shutting down and abandoning module TextureCompressor (28)
[2017.09.01-04.43.16:608][271]LogModuleManager: Shutting down and abandoning module ShaderCore (26)
[2017.09.01-04.43.16:608][271]LogModuleManager: Shutting down and abandoning module Landscape (24)
[2017.09.01-04.43.16:608][271]LogModuleManager: Shutting down and abandoning module SlateRHIRenderer (22)
[2017.09.01-04.43.16:611][271]LogModuleManager: Shutting down and abandoning module OpenGLDrv (20)
[2017.09.01-04.43.16:611][271]LogModuleManager: Shutting down and abandoning module D3D11RHI (18)
[2017.09.01-04.43.16:611][271]LogModuleManager: Shutting down and abandoning module AnimGraphRuntime (16)
[2017.09.01-04.43.16:611][271]LogModuleManager: Shutting down and abandoning module Renderer (14)
[2017.09.01-04.43.16:611][271]LogModuleManager: Shutting down and abandoning module Engine (12)
[2017.09.01-04.43.16:611][271]LogModuleManager: Shutting down and abandoning module CoreUObject (10)
[2017.09.01-04.43.16:612][271]LogModuleManager: Shutting down and abandoning module NetworkFile (8)
[2017.09.01-04.43.16:612][271]LogModuleManager: Shutting down and abandoning module StreamingFile (6)
[2017.09.01-04.43.16:612][271]LogModuleManager: Shutting down and abandoning module SandboxFile (4)
[2017.09.01-04.43.16:612][271]LogModuleManager: Shutting down and abandoning module PakFile (2)
[2017.09.01-04.43.16:614][271]LogExit: Exiting.
[2017.09.01-04.43.16:660][271]Log file closed, 08/31/17 23:43:16
