Log file open, 09/08/17 16:29:22
LogInit:Display: Running engine for game: IA
LogPlatformFile: Not using cached read wrapper
LogInit:Display: RandInit(1990509125) SRandInit(1990509125).
LogTaskGraph: Started task graph with 5 named threads and 6 total threads with 1 sets of task threads.
LogStats: Stats thread started at 0.108907
LogInit: Using libcurl 7.47.1
LogInit:  - built for x86_64-pc-win32
LogInit:  - supports SSL with OpenSSL/1.0.2g
LogInit:  - supports HTTP deflate (compression) using libz 1.2.8
LogInit:  - other features:
LogInit:      CURL_VERSION_SSL
LogInit:      CURL_VERSION_LIBZ
LogInit:      CURL_VERSION_IPV6
LogInit:      CURL_VERSION_ASYNCHDNS
LogInit:      CURL_VERSION_LARGEFILE
LogInit:      CURL_VERSION_IDN
LogInit:  CurlRequestOptions (configurable via config and command line):
LogInit:  - bVerifyPeer = false  - Libcurl will NOT verify peer certificate
LogInit:  - bUseHttpProxy = false  - Libcurl will NOT use HTTP proxy
LogInit:  - bDontReuseConnections = false  - Libcurl will reuse connections
LogInit:  - CertBundlePath = nullptr  - Libcurl will use whatever was configured at build time.
LogInit: Build: ++UE4+Release-4.16-CL-3561208
LogInit: Engine Version: 4.16.3-3561208+++UE4+Release-4.16
LogInit: Compatible Engine Version: 4.16.0-3452394+++UE4+Release-4.16
LogInit: Net CL: 3452394
LogDevObjectVersion: Number of dev versions registered: 16
LogDevObjectVersion:   Dev-Blueprints (B0D832E4-1F89-4F0D-ACCF-7EB736FD4AA2): 9
LogDevObjectVersion:   Dev-Build (E1C64328-A22C-4D53-A36C-8E866417BD8C): 0
LogDevObjectVersion:   Dev-Core (375EC13C-06E4-48FB-B500-84F0262A717E): 2
LogDevObjectVersion:   Dev-Editor (E4B068ED-F494-42E9-A231-DA0B2E46BB41): 17
LogDevObjectVersion:   Dev-Framework (CFFC743F-43B0-4480-9391-14DF171D2073): 23
LogDevObjectVersion:   Dev-Mobile (B02B49B5-BB20-44E9-A304-32B752E40360): 0
LogDevObjectVersion:   Dev-Networking (A4E4105C-59A1-49B5-A7C5-40C4547EDFEE): 0
LogDevObjectVersion:   Dev-Online (39C831C9-5AE6-47DC-9A44-9C173E1C8E7C): 0
LogDevObjectVersion:   Dev-Physics (78F01B33-EBEA-4F98-B9B4-84EACCB95AA2): 0
LogDevObjectVersion:   Dev-Platform (6631380F-2D4D-43E0-8009-CF276956A95A): 0
LogDevObjectVersion:   Dev-Rendering (12F88B9F-8875-4AFC-A67C-D90C383ABD29): 15
LogDevObjectVersion:   Dev-Sequencer (7B5AE74C-D270-4C10-A958-57980B212A5A): 4
LogDevObjectVersion:   Dev-VR (D7296918-1DD6-4BDD-9DE2-64A83CC13884): 0
LogDevObjectVersion:   Dev-LoadTimes (C2A15278-BFE7-4AFE-6C17-90FF531DF755): 1
LogDevObjectVersion:   Private-Geometry (6EACA3D4-40EC-4CC1-B786-8BED09428FC5): 1
LogDevObjectVersion:   Dev-AnimPhys (29E575DD-E0A3-4627-9D10-D276232CDCEA): 3
LogInit: Compiled (64-bit): Jul 28 2017 11:49:47
LogInit: Compiled with Visual C++: 19.00.24215.01
LogInit: Build Configuration: Development
LogInit: Branch Name: ++UE4+Release-4.16
LogInit: Command line:  
LogInit: Base directory: C:/Program Files/Epic Games/UE_4.16/Engine/Binaries/Win64/
LogInit: Installed Engine Build: 1
LogInit: Presizing for max 8388607 objects, including 0 objects not considered by GC, pre-allocating 0 bytes for permanent pool.
LogInit: Object subsystem initialized
[2017.09.08-21.29.24:476][  0]LogInit: Selected Device Profile: [Windows]
[2017.09.08-21.29.24:476][  0]LogInit: Applying CVar settings loaded from the selected device profile: [Windows]
[2017.09.08-21.29.24:596][  0]LogInit: Computer: DESKTOP-HB0C1U8
[2017.09.08-21.29.24:596][  0]LogInit: User: Usuario
[2017.09.08-21.29.24:596][  0]LogInit: CPU Page size=4096, Cores=2
[2017.09.08-21.29.24:596][  0]LogInit: High frequency timer resolution =2.340369 MHz
[2017.09.08-21.29.24:596][  0]LogMemory: Memory total: Physical=7.9GB (8GB approx)
[2017.09.08-21.29.24:596][  0]LogMemory: Platform Memory Stats for Windows
[2017.09.08-21.29.24:596][  0]LogMemory: Process Physical Memory: 272.66 MB used, 272.66 MB peak
[2017.09.08-21.29.24:596][  0]LogMemory: Process Virtual Memory: 258.45 MB used, 258.45 MB peak
[2017.09.08-21.29.24:596][  0]LogMemory: Physical Memory: 3470.46 MB used,  4591.91 MB free, 8062.37 MB total
[2017.09.08-21.29.24:596][  0]LogMemory: Virtual Memory: 634.43 MB used,  4591.91 MB free, 134217728.00 MB total
[2017.09.08-21.29.25:334][  0]LogInit: Overriding language with editor language configuration option (en).
[2017.09.08-21.29.25:334][  0]LogInit: Overriding locale with editor locale configuration option (en).
[2017.09.08-21.29.31:251][  0]LogD3D11RHI: D3D11 adapters:
[2017.09.08-21.29.31:287][  0]LogD3D11RHI:    0. 'NVIDIA GeForce 940M' (Feature Level 11_0)
[2017.09.08-21.29.31:287][  0]LogD3D11RHI:       2020/0/4031 MB DedicatedVideo/DedicatedSystem/SharedSystem, Outputs:1, VendorId:0x10de
[2017.09.08-21.29.31:294][  0]LogD3D11RHI:    1. 'Intel(R) HD Graphics 5500' (Feature Level 11_0)
[2017.09.08-21.29.31:294][  0]LogD3D11RHI:       128/0/4031 MB DedicatedVideo/DedicatedSystem/SharedSystem, Outputs:0, VendorId:0x8086
[2017.09.08-21.29.31:297][  0]LogD3D11RHI:    2. 'Microsoft Basic Render Driver' (Feature Level 11_0)
[2017.09.08-21.29.31:297][  0]LogD3D11RHI:       0/0/4031 MB DedicatedVideo/DedicatedSystem/SharedSystem, Outputs:0, VendorId:0x1414
[2017.09.08-21.29.31:297][  0]LogD3D11RHI: Chosen D3D11 Adapter: 0
[2017.09.08-21.29.31:305][  0]LogD3D11RHI: Creating new Direct3DDevice
[2017.09.08-21.29.31:305][  0]LogD3D11RHI:     GPU DeviceId: 0x1347 (for the marketing name, search the web for "GPU Device Id")
[2017.09.08-21.29.31:305][  0]LogWindows: EnumDisplayDevices:
[2017.09.08-21.29.31:305][  0]LogWindows:    0. 'Intel(R) HD Graphics 5500' (P:1 D:1)
[2017.09.08-21.29.31:307][  0]LogWindows:    1. 'Intel(R) HD Graphics 5500' (P:0 D:0)
[2017.09.08-21.29.31:308][  0]LogWindows:    2. 'Intel(R) HD Graphics 5500' (P:0 D:0)
[2017.09.08-21.29.31:308][  0]LogWindows: DebugString: PrimaryIsNotTheChoosenAdapter PrimaryIsNotTheChoosenAdapter PrimaryIsNotTheChoosenAdapter FoundDriverCount:0 
[2017.09.08-21.29.31:308][  0]LogD3D11RHI:     Adapter Name: NVIDIA GeForce 940M
[2017.09.08-21.29.31:308][  0]LogD3D11RHI:   Driver Version: Unknown (internal:Unknown, unified:Unknown)
[2017.09.08-21.29.31:308][  0]LogD3D11RHI:      Driver Date: Unknown
[2017.09.08-21.29.31:308][  0]LogRHI: Texture pool is 1361 MB (70% of 1945 MB)
[2017.09.08-21.29.31:334][  0]LogD3D11RHI: Async texture creation enabled
[2017.09.08-21.29.31:348][  0]LogD3D11RHI: GPU Timing Frequency: 1000.000000 (Debug: 2 1)
[2017.09.08-21.29.31:349][  0]LogShaderCompilers: Guid format shader working directory is 5 characters bigger than the processId version (D:/Gonzalo/Gonzalo-01/Unreal/IA-Protoype/IA/Intermediate/Shaders/WorkingDirectory/6760/).
[2017.09.08-21.29.31:350][  0]LogShaderCompilers: Cleaned the shader compiler working directory 'C:/Users/Usuario/AppData/Local/Temp/UnrealShaderWorkingDir/3ACCBC734BCC0A5143232EAE078D0E39/'.
[2017.09.08-21.29.31:350][  0]LogShaderCompilers:Display: Using Local Shader Compiler.
[2017.09.08-21.29.36:685][  0]LogTemp:Display: Loaded TP AllDesktopTargetPlatform
[2017.09.08-21.29.36:925][  0]LogTemp:Display: Loaded TP MacClientTargetPlatform
[2017.09.08-21.29.37:163][  0]LogTemp:Display: Loaded TP MacNoEditorTargetPlatform
[2017.09.08-21.29.37:408][  0]LogTemp:Display: Loaded TP MacServerTargetPlatform
[2017.09.08-21.29.37:665][  0]LogTemp:Display: Loaded TP MacTargetPlatform
[2017.09.08-21.29.37:902][  0]LogTemp:Display: Loaded TP WindowsClientTargetPlatform
[2017.09.08-21.29.38:133][  0]LogTemp:Display: Loaded TP WindowsNoEditorTargetPlatform
[2017.09.08-21.29.38:363][  0]LogTemp:Display: Loaded TP WindowsServerTargetPlatform
[2017.09.08-21.29.38:592][  0]LogTemp:Display: Loaded TP WindowsTargetPlatform
[2017.09.08-21.29.38:844][  0]LogTemp:Display: Loaded TP AndroidTargetPlatform
[2017.09.08-21.29.39:072][  0]LogTemp:Display: Loaded TP Android_ASTCTargetPlatform
[2017.09.08-21.29.39:304][  0]LogTemp:Display: Loaded TP Android_ATCTargetPlatform
[2017.09.08-21.29.39:538][  0]LogTemp:Display: Loaded TP Android_DXTTargetPlatform
[2017.09.08-21.29.39:778][  0]LogTemp:Display: Loaded TP Android_ETC1TargetPlatform
[2017.09.08-21.29.40:013][  0]LogTemp:Display: Loaded TP Android_ETC2TargetPlatform
[2017.09.08-21.29.40:476][  0]LogTemp:Display: Loaded TP Android_MultiTargetPlatform
[2017.09.08-21.29.40:476][  0]LogTemp:Display: Loaded TP Android_PVRTCTargetPlatform
[2017.09.08-21.29.40:713][  0]LogTemp:Display: Loaded TP HTML5TargetPlatform
[2017.09.08-21.29.41:137][  0]LogTemp:Display: Loaded TP IOSTargetPlatform
[2017.09.08-21.29.41:298][  0]LogTemp:Display: Loaded TP TVOSTargetPlatform
[2017.09.08-21.29.41:560][  0]LogTemp:Display: Loaded TP LinuxClientTargetPlatform
[2017.09.08-21.29.41:832][  0]LogTemp:Display: Loaded TP LinuxNoEditorTargetPlatform
[2017.09.08-21.29.42:087][  0]LogTemp:Display: Loaded TP LinuxServerTargetPlatform
[2017.09.08-21.29.42:362][  0]LogTemp:Display: Loaded TP LinuxTargetPlatform
[2017.09.08-21.29.42:362][  0]LogTargetPlatformManager:Display: Building Assets For Windows
[2017.09.08-21.29.45:351][  0]LogDerivedDataCache:Display: Max Cache Size: 512 MB
[2017.09.08-21.29.45:482][  0]LogDerivedDataCache: Loaded boot cache 0.13s 90MB C:/Users/Usuario/AppData/Local/UnrealEngine/4.16/DerivedDataCache/Boot.ddc.
[2017.09.08-21.29.45:482][  0]LogDerivedDataCache:Display: Loaded Boot cache: C:/Users/Usuario/AppData/Local/UnrealEngine/4.16/DerivedDataCache/Boot.ddc
[2017.09.08-21.29.45:482][  0]LogDerivedDataCache: FDerivedDataBackendGraph:  Pak pak cache file D:/Gonzalo/Gonzalo-01/Unreal/IA-Protoype/IA/DerivedDataCache/DDC.ddp not found, will not use a pak cache.
[2017.09.08-21.29.45:482][  0]LogDerivedDataCache: Unable to find inner node Pak for hierarchical cache Hierarchy.
[2017.09.08-21.29.45:482][  0]LogDerivedDataCache: FDerivedDataBackendGraph:  CompressedPak pak cache file D:/Gonzalo/Gonzalo-01/Unreal/IA-Protoype/IA/DerivedDataCache/Compressed.ddp not found, will not use a pak cache.
[2017.09.08-21.29.45:482][  0]LogDerivedDataCache: Unable to find inner node CompressedPak for hierarchical cache Hierarchy.
[2017.09.08-21.29.45:503][  0]LogDerivedDataCache:Display: Pak cache opened for reading ../../../Engine/DerivedDataCache/Compressed.ddp.
[2017.09.08-21.29.45:517][  0]LogDerivedDataCache: Using Local data cache path C:/Users/Usuario/AppData/Local/UnrealEngine/Common/DerivedDataCache: Writable
[2017.09.08-21.29.45:530][  0]LogMaterial: Verifying Global Shaders for PCD3D_SM5
[2017.09.08-21.29.45:530][  0]LogSlate: Using Freetype 2.6.0
[2017.09.08-21.29.45:574][  0]LogSlate: SlateFontCache - WITH_FREETYPE: 1, WITH_HARFBUZZ: 1
[2017.09.08-21.29.45:574][  0]LogSlate: SlateFontCache - WITH_FREETYPE: 1, WITH_HARFBUZZ: 1
[2017.09.08-21.29.48:680][  0]LogInit: Selected Device Profile: [Windows]
[2017.09.08-21.29.48:790][  0]LogContentStreaming: Texture pool size is 0.00 MB
[2017.09.08-21.29.49:515][  0]LogMeshUtilities: Using QuadricMeshReduction for automatic static mesh reduction
[2017.09.08-21.29.49:839][  0]LogSimplygon: Simplygon DLL not present - disabling.
[2017.09.08-21.29.50:077][  0]LogMeshUtilities: Using SimplygonSwarm for distributed automatic mesh merging
[2017.09.08-21.29.50:077][  0]LogMeshUtilities: No automatic skeletal mesh reduction module available
[2017.09.08-21.29.50:077][  0]LogMeshUtilities: No automatic mesh merging module available
[2017.09.08-21.29.52:115][  0]LogNetVersion: IA , NetCL: 3452394, EngineNetVer: 2, GameNetVer: 0 (Checksum: 4275716318)
[2017.09.08-21.29.52:289][  0]LogAssetRegistry: FAssetRegistry took 0.0271 seconds to start up
[2017.09.08-21.29.52:650][  0]LogPackageLocalizationCache: Processed 4 localized package path(s) for 1 prioritized culture(s) in 0.203740 seconds
[2017.09.08-21.29.52:671][  0]LogUObjectArray: 34194 objects as part of root set at end of initial load.
[2017.09.08-21.29.52:671][  0]LogUObjectAllocator: 7260416 out of 0 bytes used by permanent object pool.
[2017.09.08-21.29.52:671][  0]LogUObjectArray: CloseDisregardForGC: 0/0 objects in disregard for GC pool
[2017.09.08-21.29.53:101][  0]LogInit: WinSock: version 1.1 (2.2), MaxSocks=32767, MaxUdp=65467
[2017.09.08-21.30.27:826][  0]LogTcpMessaging: Initializing TcpMessaging bridge
[2017.09.08-21.30.27:993][  0]LogUdpMessaging: Initializing bridge on interface 0.0.0.0:0 to multicast group 230.0.0.1:6666.
[2017.09.08-21.30.30:965][  0]LogMaterial: Uniform references updated for custom material expression Custom.
[2017.09.08-21.30.32:899][  0]SourceControl: Info Source control is disabled
[2017.09.08-21.30.33:112][  0]SourceControl: Info Source control is disabled
[2017.09.08-21.30.33:380][  0]SourceControl: Info Source control is disabled
[2017.09.08-21.30.33:638][  0]SourceControl: Info Source control is disabled
[2017.09.08-21.30.37:931][  0]LogAndroidPermission: UAndroidPermissionCallbackProxy::GetInstance
[2017.09.08-21.30.41:233][  0]LogEngine: Initializing Engine...
[2017.09.08-21.30.41:235][  0]LogHMD: Failed to initialize OpenVR with code 110
[2017.09.08-21.30.41:556][  0]LogStats: UGameplayTagsManager::ConstructGameplayTagTree: Construct from data asset -  0.000 s
[2017.09.08-21.30.41:556][  0]LogStats: UGameplayTagsManager::ConstructGameplayTagTree: GameplayTagTreeChangedEvent.Broadcast -  0.000 s
[2017.09.08-21.30.42:306][  0]LogAIModule: Creating AISystem for world Untitled
[2017.09.08-21.30.42:325][  0]LogInit: XAudio2 using 'Speakers (Realtek High Definition Audio)' : 2 channels at 48 kHz using 32 bits per sample (channel mask 0x3)
[2017.09.08-21.30.42:624][  0]LogInit: FAudioDevice initialized.
[2017.09.08-21.30.42:678][  0]LogDerivedDataCache: Saved boot cache 0.05s 90MB C:/Users/Usuario/AppData/Local/UnrealEngine/4.16/DerivedDataCache/Boot.ddc.
[2017.09.08-21.30.42:692][  0]LogInit: Texture streaming: Enabled
[2017.09.08-21.30.43:322][  0]LogEngineSessionManager: EngineSessionManager initialized
[2017.09.08-21.30.44:771][  0]LogInit: Transaction tracking system initialized
[2017.09.08-21.30.46:612][  0]BlueprintLog: New page: Editor Load
[2017.09.08-21.30.52:874][  0]LocalizationService: Info Localization service is disabled
[2017.09.08-21.30.56:941][  0]LogConsoleResponse:Display: 
[2017.09.08-21.30.57:446][  0]LogCook:Display: Max memory allowance for cook 16384mb min free memory 0mb
[2017.09.08-21.30.57:446][  0]LogCook:Display: Mobile HDR setting 1
[2017.09.08-21.30.58:322][  0]LogFileCache: Scanning file cache for directory 'D:/Gonzalo/Gonzalo-01/Unreal/IA-Protoype/IA/Content/' took 0.02s
[2017.09.08-21.31.04:574][  0]SourceControl: Info Source control is disabled
[2017.09.08-21.31.04:574][  0]Cmd: MAP LOAD FILE="D:/Gonzalo/Gonzalo-01/Unreal/IA-Protoype/IA/Content/TwinStickBP/Maps/TwinStickExampleMap.umap" TEMPLATE=0 SHOWPROGRESS=1 FEATURELEVEL=3
[2017.09.08-21.31.04:599][  0]LightingResults: New page: Lighting Build
[2017.09.08-21.31.04:891][  0]MapCheck: New page: Map Check
[2017.09.08-21.31.04:891][  0]LightingResults: New page: Lighting Build
[2017.09.08-21.31.05:865][  0]LogAIModule: Creating AISystem for world TwinStickExampleMap
[2017.09.08-21.31.05:888][  0]LogEditorServer: Finished looking for orphan Actors (0.000 secs)
[2017.09.08-21.31.05:944][  0]Cmd: MAP CHECKDEP NOCLEARLOG
[2017.09.08-21.31.06:112][  0]MapCheck: Info Map check complete: 0 Error(s), 0 Warning(s), took 168.448ms to complete.
[2017.09.08-21.31.06:112][  0]LogFileHelpers: Loading map 'TwinStickExampleMap' took 1.539
[2017.09.08-21.31.06:389][  0]LogCollectionManager: Loaded 0 collections in 0.001901 seconds
[2017.09.08-21.31.06:663][  0]LogFileCache: Scanning file cache for directory 'D:/Gonzalo/Gonzalo-01/Unreal/IA-Protoype/IA/Saved/Collections/' took 0.01s
[2017.09.08-21.31.06:663][  0]LogFileCache: Scanning file cache for directory 'D:/Gonzalo/Gonzalo-01/Unreal/IA-Protoype/IA/Content/Developers/Usuario/Collections/' took 0.01s
[2017.09.08-21.31.06:663][  0]LogFileCache: Scanning file cache for directory 'D:/Gonzalo/Gonzalo-01/Unreal/IA-Protoype/IA/Content/Collections/' took 0.01s
[2017.09.08-21.31.06:663][  0]LogCollectionManager: Rebuilt the GUID cache for 0 collections in 0.000002 seconds
[2017.09.08-21.31.06:677][  0]LogContentBrowser: Native class hierarchy populated in 0.0134 seconds. Added 2330 classes and 493 folders.
[2017.09.08-21.31.07:086][  0]LogContentBrowser: Native class hierarchy updated for 'WidgetCarousel' in 0.0031 seconds. Added 0 classes and 0 folders.
[2017.09.08-21.31.07:948][  0]LogContentBrowser: Native class hierarchy updated for 'AddContentDialog' in 0.0032 seconds. Added 0 classes and 0 folders.
[2017.09.08-21.31.08:220][  0]LogContentBrowser: Native class hierarchy updated for 'SceneOutliner' in 0.0021 seconds. Added 1 classes and 2 folders.
[2017.09.08-21.31.08:492][  0]LogCrashTracker: Crashtracker disabled due to settings.
[2017.09.08-21.31.08:500][  0]LogSlate: Took 0.000261 seconds to synchronously load lazily loaded font '../../../Engine/Content/Slate/Fonts/Roboto-Regular.ttf' (155K)
[2017.09.08-21.31.08:503][  0]LogSlate: Took 0.000354 seconds to synchronously load lazily loaded font '../../../Engine/Content/Editor/Slate/Fonts/FontAwesome.ttf' (139K)
[2017.09.08-21.31.08:504][  0]LogSlate: Took 0.000231 seconds to synchronously load lazily loaded font '../../../Engine/Content/Slate/Fonts/Roboto-Bold.ttf' (160K)
[2017.09.08-21.31.08:528][  0]LogSlate: Took 0.018286 seconds to synchronously load lazily loaded font '../../../Engine/Content/Editor/Slate/Fonts/DroidSansMono.ttf' (77K)
[2017.09.08-21.31.08:664][  0]LogRenderer: Reallocating scene render targets to support 1020x404 NumSamples 1 (Frame:1).
[2017.09.08-21.31.08:903][  0]LogUObjectGlobals:Warning: Failed to find object 'Class None.'
[2017.09.08-21.31.09:212][  0]LogContentBrowser: Native class hierarchy updated for 'HierarchicalLODOutliner' in 0.0020 seconds. Added 1 classes and 2 folders.
[2017.09.08-21.31.09:213][  0]LogLoad: (Engine Initialization) Total time: 111.29 seconds
[2017.09.08-21.31.09:213][  0]LogLoad: (Engine Initialization) Total Blueprint compile time: 0.42 seconds
[2017.09.08-21.31.09:213][  0]LogExternalProfiler: Found external profiler: VSPerf
[2017.09.08-21.31.09:213][  0]LogExternalProfiler: Using external profiler: VSPerf
[2017.09.08-21.31.09:552][  0]LogOcInput: OculusInput pre-init called
[2017.09.08-21.31.09:552][  0]LogHMD: Starting GearVRController plugin
[2017.09.08-21.31.09:570][  0]LogContentStreaming: Texture pool size now 1000 MB
[2017.09.08-21.31.09:600][  0]LogSlate: Took 0.000413 seconds to synchronously load lazily loaded font '../../../Engine/Content/Slate/Fonts/Roboto-Light.ttf' (159K)
[2017.09.08-21.31.09:915][  1]LogAssetRegistry: Asset discovery search completed in 77.6481 seconds
[2017.09.08-21.31.09:918][  1]LogCollectionManager: Rebuilt the object cache for 0 collections in 0.000000 seconds (found 0 objects)
[2017.09.08-21.31.09:918][  1]LogCollectionManager: Fixed up redirectors for 0 collections in 0.000256 seconds (updated 0 objects)
[2017.09.08-21.31.52:432][263]LogVSAccessor:Warning: Couldn't access Visual Studio
[2017.09.08-21.31.52:438][263]Candidate modules for hot reload:
[2017.09.08-21.31.52:438][263]  IA
[2017.09.08-21.31.52:438][263]Launching UnrealBuildTool... [C:/Program Files/Epic Games/UE_4.16/Engine/Binaries/DotNET/UnrealBuildTool.exe IA -ModuleWithSuffix IA 6439 Win64 Development -editorrecompile -canskiplink "D:/Gonzalo/Gonzalo-01/Unreal/IA-Protoype/IA/IA.uproject" ]
[2017.09.08-21.31.52:463][263]Warning: Starting HotReload took  0.0s.
[2017.09.08-21.37.07:712][829]CompilerResultsLog: New page: Compilation - Sep 8, 2017, 11:37:07 AM
[2017.09.08-21.37.07:712][829]CompilerResultsLog: Info Compiling game modules for hot reload
[2017.09.08-21.37.07:713][829]CompilerResultsLog: Info Parsing headers for IAEditor
[2017.09.08-21.37.07:713][829]CompilerResultsLog: Info   Running UnrealHeaderTool "D:\Gonzalo\Gonzalo-01\Unreal\IA-Protoype\IA\IA.uproject" "D:\Gonzalo\Gonzalo-01\Unreal\IA-Protoype\IA\Intermediate\Build\Win64\IAEditor\Development\IAEditor.uhtmanifest" -LogCmds="loginit warning, logexit warning, logdatabase error" -Unattended -WarningsAsErrors -installed
[2017.09.08-21.37.07:713][829]CompilerResultsLog: Info Reflection code generated for IAEditor in 13.5763407 seconds
[2017.09.08-21.37.07:713][829]CompilerResultsLog: Info Performing 5 actions (2 in parallel)
[2017.09.08-21.37.07:713][829]CompilerResultsLog: Info PathAIController.cpp
[2017.09.08-21.37.07:713][829]CompilerResultsLog: Info IA.cpp
[2017.09.08-21.37.07:713][829]CompilerResultsLog: Info IA.generated.cpp
[2017.09.08-21.37.07:713][829]CompilerResultsLog: Info [4/5] Link UE4Editor-IA-6439.dll
[2017.09.08-21.37.07:714][829]CompilerResultsLog: Info [5/5] Link UE4Editor-IA-6439.lib
[2017.09.08-21.37.07:714][829]CompilerResultsLog: Info    Creando biblioteca D:\Gonzalo\Gonzalo-01\Unreal\IA-Protoype\IA\Intermediate\Build\Win64\UE4Editor\Development\UE4Editor-IA-6439.lib y objeto D:\Gonzalo\Gonzalo-01\Unreal\IA-Protoype\IA\Intermediate\Build\Win64\UE4Editor\Development\UE4Editor-IA-6439.exp
[2017.09.08-21.37.07:714][829]CompilerResultsLog: Info    Creando biblioteca D:\Gonzalo\Gonzalo-01\Unreal\IA-Protoype\IA\Intermediate\Build\Win64\UE4Editor\Development\UE4Editor-IA-6439.suppressed.lib y objeto D:\Gonzalo\Gonzalo-01\Unreal\IA-Protoype\IA\Intermediate\Build\Win64\UE4Editor\Development\UE4Editor-IA-6439.suppressed.exp
[2017.09.08-21.37.07:714][829]CompilerResultsLog: Info Total build time: 314.40 seconds (Local executor: 241.72 seconds)
[2017.09.08-21.37.07:714][829]LogMainFrame: MainFrame: Module compiling took 315.283 seconds
[2017.09.08-21.37.08:076][829]LogClass: Could not find existing class PathAIController in package /Script/IA for HotReload, assuming new class
[2017.09.08-21.37.08:080][829]LogHotReload: Re-instancing PathAIController after hot-reload.
[2017.09.08-21.37.08:131][829]LogContentBrowser: Native class hierarchy updated for 'IA' in 0.0023 seconds. Added 1 classes and 2 folders.
[2017.09.08-21.37.08:133][829]Display: HotReload successful (0 functions remapped  0 scriptstructs remapped)
[2017.09.08-21.37.08:147][829]LogContentBrowser: Native class hierarchy populated in 0.0142 seconds. Added 2332 classes and 497 folders.
[2017.09.08-21.37.08:150][829]Display: HotReload took 315.7s.
[2017.09.08-21.37.18:283][932]LogTemp: Repeting last play command: Selected Viewport
[2017.09.08-21.37.23:632][932]LogBlueprintUserMessages: Early PlayInEditor Detection: Level '/Game/TwinStickBP/Maps/TwinStickExampleMap.TwinStickExampleMap:PersistentLevel' has LevelScriptBlueprint '/Game/TwinStickBP/Maps/TwinStickExampleMap.TwinStickExampleMap:PersistentLevel.TwinStickExampleMap' with GeneratedClass '/Game/TwinStickBP/Maps/TwinStickExampleMap.TwinStickExampleMap_C' with ClassGeneratedBy '/Game/TwinStickBP/Maps/TwinStickExampleMap.TwinStickExampleMap:PersistentLevel.TwinStickExampleMap'
[2017.09.08-21.37.23:632][932]LogPlayLevel: PlayLevel: No blueprints needed recompiling
[2017.09.08-21.37.23:632][932]PIE: New page: PIE session: TwinStickExampleMap (Sep 8, 2017, 11:37:23 AM)
[2017.09.08-21.37.23:633][932]LogPlayLevel: Creating play world package: /Game/TwinStickBP/Maps/UEDPIE_0_TwinStickExampleMap
[2017.09.08-21.37.23:643][932]LogPlayLevel: PIE: StaticDuplicateObject took: (0.010073s)
[2017.09.08-21.37.23:644][932]LogAIModule: Creating AISystem for world TwinStickExampleMap
[2017.09.08-21.37.23:644][932]LogPlayLevel: PIE: World Init took: (0.001505s)
[2017.09.08-21.37.23:645][932]LogPlayLevel: PIE: Created PIE world by copying editor world from /Game/TwinStickBP/Maps/TwinStickExampleMap.TwinStickExampleMap to /Game/TwinStickBP/Maps/UEDPIE_0_TwinStickExampleMap.TwinStickExampleMap (0.012390s)
[2017.09.08-21.37.23:676][932]LogInit: XAudio2 using 'Speakers (Realtek High Definition Audio)' : 2 channels at 48 kHz using 32 bits per sample (channel mask 0x3)
[2017.09.08-21.37.23:698][932]LogInit: FAudioDevice initialized.
[2017.09.08-21.37.23:748][932]LogLoad: Game class is 'TwinStickGameMode_C'
[2017.09.08-21.37.23:751][932]LogWorld: Bringing World /Game/TwinStickBP/Maps/UEDPIE_0_TwinStickExampleMap.TwinStickExampleMap up for play (max tick rate 60) at 2017.09.08-16.37.23
[2017.09.08-21.37.23:751][932]LogWorld: Bringing up level for play took: 0.002500
[2017.09.08-21.37.24:058][932]LogContentBrowser: Native class hierarchy updated for 'MovieSceneCapture' in 0.0025 seconds. Added 11 classes and 0 folders.
[2017.09.08-21.37.24:060][932]PIE: Info Play in editor start time for /Game/TwinStickBP/Maps/UEDPIE_0_TwinStickExampleMap -0.1
[2017.09.08-21.37.24:060][932]LogBlueprintUserMessages: Late PlayInEditor Detection: Level '/Game/TwinStickBP/Maps/TwinStickExampleMap.TwinStickExampleMap:PersistentLevel' has LevelScriptBlueprint '/Game/TwinStickBP/Maps/TwinStickExampleMap.TwinStickExampleMap:PersistentLevel.TwinStickExampleMap' with GeneratedClass '/Game/TwinStickBP/Maps/TwinStickExampleMap.TwinStickExampleMap_C' with ClassGeneratedBy '/Game/TwinStickBP/Maps/TwinStickExampleMap.TwinStickExampleMap:PersistentLevel.TwinStickExampleMap'
[2017.09.08-21.38.08:438][567]LogBlueprintUserMessages: Early EndPlayMap Detection: Level '/Game/TwinStickBP/Maps/TwinStickExampleMap.TwinStickExampleMap:PersistentLevel' has LevelScriptBlueprint '/Game/TwinStickBP/Maps/TwinStickExampleMap.TwinStickExampleMap:PersistentLevel.TwinStickExampleMap' with GeneratedClass '/Game/TwinStickBP/Maps/TwinStickExampleMap.TwinStickExampleMap_C' with ClassGeneratedBy '/Game/TwinStickBP/Maps/TwinStickExampleMap.TwinStickExampleMap:PersistentLevel.TwinStickExampleMap'
[2017.09.08-21.38.08:474][567]LogBlueprintUserMessages: Late EndPlayMap Detection: Level '/Game/TwinStickBP/Maps/TwinStickExampleMap.TwinStickExampleMap:PersistentLevel' has LevelScriptBlueprint '/Game/TwinStickBP/Maps/TwinStickExampleMap.TwinStickExampleMap:PersistentLevel.TwinStickExampleMap' with GeneratedClass '/Game/TwinStickBP/Maps/TwinStickExampleMap.TwinStickExampleMap_C' with ClassGeneratedBy '/Game/TwinStickBP/Maps/TwinStickExampleMap.TwinStickExampleMap:PersistentLevel.TwinStickExampleMap'
[2017.09.08-21.38.12:478][782]Cmd: QUIT_EDITOR
[2017.09.08-21.38.12:810][782]LogWindowsTextInputMethodSystem:Display: IME system now deactivated.
[2017.09.08-21.38.12:826][782]LogExit: Preparing to exit.
[2017.09.08-21.38.13:242][782]LogExit: Editor shut down
[2017.09.08-21.38.13:247][782]LogExit: Transaction tracking system shut down
[2017.09.08-21.38.13:309][782]LogObj: Freed 0b from 0 cluster array pools.
[2017.09.08-21.38.13:309][782]LogExit: Object subsystem successfully closed.
[2017.09.08-21.38.13:330][782]LogD3D11RHI: Shutdown
[2017.09.08-21.38.13:330][782]LogD3D11RHI: CleanupD3DDevice
[2017.09.08-21.38.13:465][782]LogD3D11RHI: ~FD3D11DynamicRHI
[2017.09.08-21.38.13:544][782]LogModuleManager: Shutting down and abandoning module MovieSceneCapture (529)
[2017.09.08-21.38.13:544][782]LogModuleManager: Shutting down and abandoning module IA (527)
[2017.09.08-21.38.13:544][782]LogModuleManager: Shutting down and abandoning module HierarchicalLODOutliner (526)
[2017.09.08-21.38.13:544][782]LogModuleManager: Shutting down and abandoning module CrashTracker (524)
[2017.09.08-21.38.13:544][782]LogModuleManager: Shutting down and abandoning module SceneOutliner (522)
[2017.09.08-21.38.13:544][782]LogModuleManager: Shutting down and abandoning module AddContentDialog (520)
[2017.09.08-21.38.13:544][782]LogDirectoryWatcher: A directory notification for 'C:/Program Files/Epic Games/UE_4.16/FeaturePacks/' was aborted.
[2017.09.08-21.38.13:545][782]LogModuleManager: Shutting down and abandoning module WidgetCarousel (519)
[2017.09.08-21.38.13:545][782]LogModuleManager: Shutting down and abandoning module EditorWidgets (516)
[2017.09.08-21.38.13:545][782]LogModuleManager: Shutting down and abandoning module CollectionManager (514)
[2017.09.08-21.38.13:545][782]LogDirectoryWatcher: A directory notification for 'D:/Gonzalo/Gonzalo-01/Unreal/IA-Protoype/IA/Content/Collections/' was aborted.
[2017.09.08-21.38.13:545][782]LogDirectoryWatcher: A directory notification for 'D:/Gonzalo/Gonzalo-01/Unreal/IA-Protoype/IA/Content/Developers/Usuario/Collections/' was aborted.
[2017.09.08-21.38.13:545][782]LogDirectoryWatcher: A directory notification for 'D:/Gonzalo/Gonzalo-01/Unreal/IA-Protoype/IA/Saved/Collections/' was aborted.
[2017.09.08-21.38.13:545][782]LogModuleManager: Shutting down and abandoning module StatsViewer (512)
[2017.09.08-21.38.13:545][782]LogModuleManager: Shutting down and abandoning module FoliageEdit (510)
[2017.09.08-21.38.13:545][782]LogModuleManager: Shutting down and abandoning module LandscapeEditor (508)
[2017.09.08-21.38.13:546][782]LogModuleManager: Shutting down and abandoning module MeshPaintMode (506)
[2017.09.08-21.38.13:546][782]LogModuleManager: Shutting down and abandoning module SceneDepthPickerMode (504)
[2017.09.08-21.38.13:546][782]LogModuleManager: Shutting down and abandoning module ActorPickerMode (502)
[2017.09.08-21.38.13:546][782]LogModuleManager: Shutting down and abandoning module GeometryMode (500)
[2017.09.08-21.38.13:546][782]LogModuleManager: Shutting down and abandoning module TextureAlignMode (498)
[2017.09.08-21.38.13:546][782]LogModuleManager: Shutting down and abandoning module BspMode (496)
[2017.09.08-21.38.13:546][782]LogModuleManager: Shutting down and abandoning module HardwareSurvey (494)
[2017.09.08-21.38.13:546][782]LogModuleManager: Shutting down and abandoning module SequenceRecorderSections (492)
[2017.09.08-21.38.13:546][782]LogModuleManager: Shutting down and abandoning module AutomationWorker (490)
[2017.09.08-21.38.13:546][782]LogModuleManager: Shutting down and abandoning module MatineeToLevelSequence (488)
[2017.09.08-21.38.13:546][782]LogModuleManager: Shutting down and abandoning module LevelSequenceEditor (486)
[2017.09.08-21.38.13:546][782]LogModuleManager: Shutting down and abandoning module PlacementMode (485)
[2017.09.08-21.38.13:546][782]LogModuleManager: Shutting down and abandoning module WmfMediaFactory (482)
[2017.09.08-21.38.13:546][782]LogModuleManager: Shutting down and abandoning module WmfMediaEditor (480)
[2017.09.08-21.38.13:546][782]LogModuleManager: Shutting down and abandoning module AvfMediaFactory (478)
[2017.09.08-21.38.13:546][782]LogModuleManager: Shutting down and abandoning module AvfMediaEditor (476)
[2017.09.08-21.38.13:546][782]LogModuleManager: Shutting down and abandoning module AndroidMediaFactory (474)
[2017.09.08-21.38.13:546][782]LogModuleManager: Shutting down and abandoning module Media (473)
[2017.09.08-21.38.13:546][782]LogModuleManager: Shutting down and abandoning module AndroidMediaEditor (470)
[2017.09.08-21.38.13:546][782]LogModuleManager: Shutting down and abandoning module CharacterAI (468)
[2017.09.08-21.38.13:546][782]LogModuleManager: Shutting down and abandoning module AudioCapture (466)
[2017.09.08-21.38.13:546][782]LogModuleManager: Shutting down and abandoning module SequenceRecorder (465)
[2017.09.08-21.38.13:546][782]LogModuleManager: Shutting down and abandoning module SmartSnapping (462)
[2017.09.08-21.38.13:546][782]LogModuleManager: Shutting down and abandoning module SessionServices (460)
[2017.09.08-21.38.13:546][782]LogModuleManager: Shutting down and abandoning module ViewportSnapping (458)
[2017.09.08-21.38.13:546][782]LogModuleManager: Shutting down and abandoning module ViewportInteraction (456)
[2017.09.08-21.38.13:546][782]LogModuleManager: Shutting down and abandoning module ClothPainter (454)
[2017.09.08-21.38.13:546][782]LogModuleManager: Shutting down and abandoning module LogVisualizer (452)
[2017.09.08-21.38.13:546][782]LogModuleManager: Shutting down and abandoning module IntroTutorials (450)
[2017.09.08-21.38.13:546][782]LogModuleManager: Shutting down and abandoning module GameProjectGeneration (449)
[2017.09.08-21.38.13:546][782]LogModuleManager: Shutting down and abandoning module EditorLiveStreaming (446)
[2017.09.08-21.38.13:546][782]LogModuleManager: Shutting down and abandoning module IOSPlatformEditor (444)
[2017.09.08-21.38.13:546][782]LogModuleManager: Shutting down and abandoning module HTML5PlatformEditor (442)
[2017.09.08-21.38.13:546][782]LogModuleManager: Shutting down and abandoning module AndroidPlatformEditor (440)
[2017.09.08-21.38.13:546][782]LogModuleManager: Shutting down and abandoning module AndroidDeviceDetection (439)
[2017.09.08-21.38.13:982][782]LogModuleManager: Shutting down and abandoning module IOSRuntimeSettings (436)
[2017.09.08-21.38.13:982][782]LogModuleManager: Shutting down and abandoning module AndroidRuntimeSettings (434)
[2017.09.08-21.38.13:982][782]LogModuleManager: Shutting down and abandoning module InputBindingEditor (432)
[2017.09.08-21.38.13:982][782]LogModuleManager: Shutting down and abandoning module MergeActors (430)
[2017.09.08-21.38.13:982][782]LogModuleManager: Shutting down and abandoning module SizeMap (428)
[2017.09.08-21.38.13:982][782]LogModuleManager: Shutting down and abandoning module TreeMap (426)
[2017.09.08-21.38.13:982][782]LogModuleManager: Shutting down and abandoning module ReferenceViewer (424)
[2017.09.08-21.38.13:982][782]LogModuleManager: Shutting down and abandoning module LocalizationDashboard (422)
[2017.09.08-21.38.13:983][782]LogModuleManager: Shutting down and abandoning module LocalizationService (421)
[2017.09.08-21.38.13:983][782]LogModuleManager: Shutting down and abandoning module HardwareTargeting (418)
[2017.09.08-21.38.13:983][782]LogModuleManager: Shutting down and abandoning module DeviceProfileEditor (416)
[2017.09.08-21.38.13:983][782]LogModuleManager: Shutting down and abandoning module UndoHistory (414)
[2017.09.08-21.38.13:983][782]LogModuleManager: Shutting down and abandoning module UserFeedback (412)
[2017.09.08-21.38.13:983][782]LogModuleManager: Shutting down and abandoning module XmlParser (410)
[2017.09.08-21.38.13:983][782]LogModuleManager: Shutting down and abandoning module Blutility (408)
[2017.09.08-21.38.13:983][782]LogModuleManager: Shutting down and abandoning module ProjectSettingsViewer (406)
[2017.09.08-21.38.13:983][782]LogModuleManager: Shutting down and abandoning module ProjectTargetPlatformEditor (405)
[2017.09.08-21.38.13:983][782]LogModuleManager: Shutting down and abandoning module EditorSettingsViewer (402)
[2017.09.08-21.38.13:983][782]LogModuleManager: Shutting down and abandoning module SettingsEditor (400)
[2017.09.08-21.38.13:983][782]LogModuleManager: Shutting down and abandoning module ProjectLauncher (398)
[2017.09.08-21.38.13:983][782]LogModuleManager: Shutting down and abandoning module SessionFrontend (396)
[2017.09.08-21.38.13:983][782]LogModuleManager: Shutting down and abandoning module ProfilerClient (394)
[2017.09.08-21.38.13:983][782]LogModuleManager: Shutting down and abandoning module DeviceManager (392)
[2017.09.08-21.38.13:983][782]LogModuleManager: Shutting down and abandoning module TargetDeviceServices (391)
[2017.09.08-21.38.14:047][782]LogModuleManager: Shutting down and abandoning module AutomationController (388)
[2017.09.08-21.38.14:047][782]LogModuleManager: Shutting down and abandoning module AutomationWindow (386)
[2017.09.08-21.38.14:047][782]LogModuleManager: Shutting down and abandoning module Layers (384)
[2017.09.08-21.38.14:047][782]LogModuleManager: Shutting down and abandoning module ComponentVisualizers (382)
[2017.09.08-21.38.14:047][782]LogModuleManager: Shutting down and abandoning module DetailCustomizations (380)
[2017.09.08-21.38.14:047][782]LogModuleManager: Shutting down and abandoning module PackagesDialog (378)
[2017.09.08-21.38.14:047][782]LogModuleManager: Shutting down and abandoning module Persona (376)
[2017.09.08-21.38.14:047][782]LogModuleManager: Shutting down and abandoning module AdvancedPreviewScene (375)
[2017.09.08-21.38.14:047][782]LogModuleManager: Shutting down and abandoning module AnimGraph (373)
[2017.09.08-21.38.14:047][782]LogModuleManager: Shutting down and abandoning module Kismet (370)
[2017.09.08-21.38.14:047][782]LogModuleManager: Shutting down and abandoning module ClassViewer (368)
[2017.09.08-21.38.14:047][782]LogModuleManager: Shutting down and abandoning module Toolbox (366)
[2017.09.08-21.38.14:047][782]LogModuleManager: Shutting down and abandoning module ModuleUI (364)
[2017.09.08-21.38.14:047][782]LogModuleManager: Shutting down and abandoning module MovieSceneTools (362)
[2017.09.08-21.38.14:047][782]LogModuleManager: Shutting down and abandoning module OutputLog (360)
[2017.09.08-21.38.14:047][782]LogModuleManager: Shutting down and abandoning module GammaUI (358)
[2017.09.08-21.38.14:047][782]LogModuleManager: Shutting down and abandoning module Documentation (356)
[2017.09.08-21.38.14:047][782]LogModuleManager: Shutting down and abandoning module MovieSceneTracks (354)
[2017.09.08-21.38.14:047][782]LogModuleManager: Shutting down and abandoning module MovieScene (352)
[2017.09.08-21.38.14:047][782]LogModuleManager: Shutting down and abandoning module Niagara (350)
[2017.09.08-21.38.14:047][782]LogModuleManager: Shutting down and abandoning module NiagaraEditor (349)
[2017.09.08-21.38.14:048][782]LogModuleManager: Shutting down and abandoning module StreamingPauseRendering (346)
[2017.09.08-21.38.14:048][782]LogModuleManager: Shutting down and abandoning module AnalyticsET (344)
[2017.09.08-21.38.14:048][782]LogModuleManager: Shutting down and abandoning module PortalServices (342)
[2017.09.08-21.38.14:048][782]LogModuleManager: Shutting down and abandoning module PortalRpc (340)
[2017.09.08-21.38.14:048][782]LogModuleManager: Shutting down and abandoning module MessagingRpc (338)
[2017.09.08-21.38.14:048][782]LogModuleManager: Shutting down and abandoning module AIModule (336)
[2017.09.08-21.38.14:048][782]LogModuleManager: Shutting down and abandoning module GameplayDebugger (335)
[2017.09.08-21.38.14:048][782]LogModuleManager: Shutting down and abandoning module AITestSuite (333)
[2017.09.08-21.38.14:048][782]LogModuleManager: Shutting down and abandoning module ProfilerService (330)
[2017.09.08-21.38.14:268][782]LogModuleManager: Shutting down and abandoning module TaskGraph (328)
[2017.09.08-21.38.14:268][782]LogModuleManager: Shutting down and abandoning module SteamVRController (326)
[2017.09.08-21.38.14:268][782]LogModuleManager: Shutting down and abandoning module SteamVR (324)
[2017.09.08-21.38.14:268][782]LogModuleManager: Shutting down and abandoning module ProceduralMeshComponentEditor (322)
[2017.09.08-21.38.14:268][782]LogModuleManager: Shutting down and abandoning module ProceduralMeshComponent (320)
[2017.09.08-21.38.14:268][782]LogModuleManager: Shutting down and abandoning module OculusLibrary (318)
[2017.09.08-21.38.14:268][782]LogModuleManager: Shutting down and abandoning module OculusInput (316)
[2017.09.08-21.38.14:268][782]LogModuleManager: Shutting down and abandoning module MobilePatchingUtils (314)
[2017.09.08-21.38.14:268][782]LogModuleManager: Shutting down and abandoning module CustomMeshComponent (312)
[2017.09.08-21.38.14:268][782]LogModuleManager: Shutting down and abandoning module CableComponent (310)
[2017.09.08-21.38.14:268][782]LogModuleManager: Shutting down and abandoning module ArchVisCharacter (308)
[2017.09.08-21.38.14:268][782]LogModuleManager: Shutting down and abandoning module AndroidPermission (306)
[2017.09.08-21.38.14:268][782]LogModuleManager: Shutting down and abandoning module MediaPlayerEditor (302)
[2017.09.08-21.38.14:269][782]LogModuleManager: Shutting down and abandoning module HTML5Networking (300)
[2017.09.08-21.38.14:269][782]LogModuleManager: Shutting down and abandoning module AlembicImporter (298)
[2017.09.08-21.38.14:269][782]LogModuleManager: Shutting down and abandoning module AlembicLibrary (297)
[2017.09.08-21.38.14:269][782]LogModuleManager: Shutting down and abandoning module GeometryCache (296)
[2017.09.08-21.38.14:269][782]LogModuleManager: Shutting down and abandoning module GeometryCacheEd (295)
[2017.09.08-21.38.14:269][782]LogModuleManager: Shutting down and abandoning module SuperSearchEditor (290)
[2017.09.08-21.38.14:269][782]LogModuleManager: Shutting down and abandoning module SuperSearch (289)
[2017.09.08-21.38.14:269][782]LogModuleManager: Shutting down and abandoning module SpeedTreeImporter (286)
[2017.09.08-21.38.14:269][782]LogModuleManager: Shutting down and abandoning module PluginBrowser (284)
[2017.09.08-21.38.14:270][782]LogModuleManager: Shutting down and abandoning module MobileLauncherProfileWizard (282)
[2017.09.08-21.38.14:270][782]LogModuleManager: Shutting down and abandoning module VisualStudioSourceCodeAccess (280)
[2017.09.08-21.38.14:270][782]LogModuleManager: Shutting down and abandoning module DesktopPlatform (279)
[2017.09.08-21.38.14:270][782]LogModuleManager: Shutting down and abandoning module UObjectPlugin (276)
[2017.09.08-21.38.14:270][782]LogModuleManager: Shutting down and abandoning module SubversionSourceControl (274)
[2017.09.08-21.38.14:270][782]LogModuleManager: Shutting down and abandoning module PerforceSourceControl (272)
[2017.09.08-21.38.14:270][782]LogModuleManager: Shutting down and abandoning module GitSourceControl (270)
[2017.09.08-21.38.14:270][782]LogModuleManager: Shutting down and abandoning module SourceControl (269)
[2017.09.08-21.38.14:270][782]LogModuleManager: Shutting down and abandoning module LightPropagationVolumeEditor (266)
[2017.09.08-21.38.14:270][782]LogModuleManager: Shutting down and abandoning module PaperTiledImporter (264)
[2017.09.08-21.38.14:270][782]LogModuleManager: Shutting down and abandoning module PaperSpriteSheetImporter (262)
[2017.09.08-21.38.14:270][782]LogModuleManager: Shutting down and abandoning module Paper2DEditor (260)
[2017.09.08-21.38.14:270][782]LogModuleManager: Shutting down and abandoning module MeshPaint (259)
[2017.09.08-21.38.14:270][782]LogModuleManager: Shutting down and abandoning module LevelEditor (257)
[2017.09.08-21.38.14:271][782]LogModuleManager: Shutting down and abandoning module PixelInspectorModule (256)
[2017.09.08-21.38.14:271][782]LogModuleManager: Shutting down and abandoning module MainFrame (254)
[2017.09.08-21.38.14:271][782]LogModuleManager: Shutting down and abandoning module HotReload (253)
[2017.09.08-21.38.14:271][782]LogDirectoryWatcher: A directory notification for 'D:/Gonzalo/Gonzalo-01/Unreal/IA-Protoype/IA/Binaries/Win64' was aborted.
[2017.09.08-21.38.14:272][782]LogModuleManager: Shutting down and abandoning module PhysXVehiclesEditor (246)
[2017.09.08-21.38.14:272][782]LogModuleManager: Shutting down and abandoning module PhysXVehicles (244)
[2017.09.08-21.38.14:272][782]LogModuleManager: Shutting down and abandoning module LocationServicesBPLibrary (242)
[2017.09.08-21.38.14:272][782]LogModuleManager: Shutting down and abandoning module ImmediatePhysicsEditor (240)
[2017.09.08-21.38.14:272][782]LogModuleManager: Shutting down and abandoning module ImmediatePhysics (238)
[2017.09.08-21.38.14:272][782]LogModuleManager: Shutting down and abandoning module UdpMessaging (236)
[2017.09.08-21.38.14:372][782]LogModuleManager: Shutting down and abandoning module TcpMessaging (234)
[2017.09.08-21.38.14:473][782]LogModuleManager: Shutting down and abandoning module GameplayTagsEditor (232)
[2017.09.08-21.38.14:473][782]LogModuleManager: Shutting down and abandoning module FacialAnimationEditor (230)
[2017.09.08-21.38.14:473][782]LogModuleManager: Shutting down and abandoning module FacialAnimation (228)
[2017.09.08-21.38.14:473][782]LogModuleManager: Shutting down and abandoning module AssetManagerEditor (226)
[2017.09.08-21.38.14:473][782]LogModuleManager: Shutting down and abandoning module GraphEditor (225)
[2017.09.08-21.38.14:473][782]LogModuleManager: Shutting down and abandoning module ContentBrowser (223)
[2017.09.08-21.38.14:474][782]LogModuleManager: Shutting down and abandoning module LightPropagationVolumeRuntime (220)
[2017.09.08-21.38.14:474][782]LogModuleManager: Shutting down and abandoning module Paper2D (218)
[2017.09.08-21.38.14:474][782]LogModuleManager: Shutting down and abandoning module WindowsMoviePlayer (216)
[2017.09.08-21.38.14:474][782]LogModuleManager: Shutting down and abandoning module WmfMedia (214)
[2017.09.08-21.38.14:474][782]LogModuleManager: Shutting down and abandoning module ClothingSystemEditor (212)
[2017.09.08-21.38.14:474][782]LogModuleManager: Shutting down and abandoning module ClothingSystemRuntime (210)
[2017.09.08-21.38.14:475][782]LogModuleManager: Shutting down and abandoning module MediaAssets (208)
[2017.09.08-21.38.14:475][782]LogModuleManager: Shutting down and abandoning module GameLiveStreaming (206)
[2017.09.08-21.38.14:475][782]LogModuleManager: Shutting down and abandoning module VREditor (204)
[2017.09.08-21.38.14:475][782]LogModuleManager: Shutting down and abandoning module StringTableEditor (202)
[2017.09.08-21.38.14:475][782]LogModuleManager: Shutting down and abandoning module GameplayTasksEditor (200)
[2017.09.08-21.38.14:475][782]LogModuleManager: Shutting down and abandoning module BehaviorTreeEditor (198)
[2017.09.08-21.38.14:475][782]LogModuleManager: Shutting down and abandoning module FunctionalTesting (196)
[2017.09.08-21.38.14:475][782]LogModuleManager: Shutting down and abandoning module CollisionAnalyzer (194)
[2017.09.08-21.38.14:475][782]LogModuleManager: Shutting down and abandoning module UMG (192)
[2017.09.08-21.38.14:475][782]LogModuleManager: Shutting down and abandoning module UMGEditor (191)
[2017.09.08-21.38.14:475][782]LogModuleManager: Shutting down and abandoning module Sequencer (190)
[2017.09.08-21.38.14:475][782]LogModuleManager: Shutting down and abandoning module AssetTools (188)
[2017.09.08-21.38.14:475][782]LogModuleManager: Shutting down and abandoning module MessageLog (187)
[2017.09.08-21.38.14:475][782]LogModuleManager: Shutting down and abandoning module WorkspaceMenuStructure (186)
[2017.09.08-21.38.14:475][782]LogModuleManager: Shutting down and abandoning module SlateReflector (180)
[2017.09.08-21.38.14:475][782]LogModuleManager: Shutting down and abandoning module Slate (178)
[2017.09.08-21.38.14:475][782]LogModuleManager: Shutting down and abandoning module EditorStyle (176)
[2017.09.08-21.38.14:479][782]LogModuleManager: Shutting down and abandoning module SourceCodeAccess (174)
[2017.09.08-21.38.14:479][782]LogModuleManager: Shutting down and abandoning module HeadMountedDisplay (172)
[2017.09.08-21.38.14:479][782]LogModuleManager: Shutting down and abandoning module XAudio2 (170)
[2017.09.08-21.38.14:479][782]LogModuleManager: Shutting down and abandoning module Networking (168)
[2017.09.08-21.38.14:479][782]LogModuleManager: Shutting down and abandoning module Core (164)
[2017.09.08-21.38.14:479][782]LogModuleManager: Shutting down and abandoning module AssetRegistry (162)
[2017.09.08-21.38.14:554][782]LogDirectoryWatcher: A directory notification for '../../../Engine/Content/' was aborted.
[2017.09.08-21.38.14:554][782]LogDirectoryWatcher: A directory notification for 'D:/Gonzalo/Gonzalo-01/Unreal/IA-Protoype/IA/Content/' was aborted.
[2017.09.08-21.38.14:554][782]LogDirectoryWatcher: A directory notification for '../../../Engine/Plugins/2D/Paper2D/Content/' was aborted.
[2017.09.08-21.38.14:554][782]LogDirectoryWatcher: A directory notification for '../../../Engine/Plugins/Runtime/GearVR/Content/' was aborted.
[2017.09.08-21.38.14:557][782]LogModuleManager: Shutting down and abandoning module DirectoryWatcher (161)
[2017.09.08-21.38.14:558][782]LogModuleManager: Shutting down and abandoning module KismetCompiler (158)
[2017.09.08-21.38.14:558][782]LogModuleManager: Shutting down and abandoning module LevelSequence (156)
[2017.09.08-21.38.14:558][782]LogModuleManager: Shutting down and abandoning module PhysXFormats (154)
[2017.09.08-21.38.14:558][782]LogModuleManager: Shutting down and abandoning module MeshUtilities (152)
[2017.09.08-21.38.14:558][782]LogModuleManager: Shutting down and abandoning module SimplygonSwarm (151)
[2017.09.08-21.38.14:558][782]LogModuleManager: Shutting down and abandoning module SimplygonMeshReduction (149)
[2017.09.08-21.38.14:558][782]LogModuleManager: Shutting down and abandoning module QuadricMeshReduction (147)
[2017.09.08-21.38.14:558][782]LogModuleManager: Shutting down and abandoning module DerivedDataCache (144)
[2017.09.08-21.38.14:599][782]LogDerivedDataCache: Shutdown
[2017.09.08-21.38.14:599][782]LogModuleManager: Shutting down and abandoning module TargetPlatform (142)
[2017.09.08-21.38.14:599][782]LogModuleManager: Shutting down and abandoning module VulkanShaderFormat (141)
[2017.09.08-21.38.14:599][782]LogModuleManager: Shutting down and abandoning module ShaderFormatVectorVM (139)
[2017.09.08-21.38.14:599][782]LogModuleManager: Shutting down and abandoning module ShaderFormatOpenGL (137)
[2017.09.08-21.38.14:599][782]LogModuleManager: Shutting down and abandoning module ShaderFormatD3D (135)
[2017.09.08-21.38.14:599][782]LogModuleManager: Shutting down and abandoning module MetalShaderFormat (133)
[2017.09.08-21.38.14:599][782]LogModuleManager: Shutting down and abandoning module TextureFormatUncompressed (131)
[2017.09.08-21.38.14:600][782]LogModuleManager: Shutting down and abandoning module TextureFormatPVR (129)
[2017.09.08-21.38.14:600][782]LogModuleManager: Shutting down and abandoning module TextureFormatDXT (127)
[2017.09.08-21.38.14:600][782]LogModuleManager: Shutting down and abandoning module TextureFormatIntelISPCTexComp (125)
[2017.09.08-21.38.14:600][782]LogModuleManager: Shutting down and abandoning module TextureFormatASTC (123)
[2017.09.08-21.38.14:600][782]LogModuleManager: Shutting down and abandoning module ImageWrapper (122)
[2017.09.08-21.38.14:600][782]LogModuleManager: Shutting down and abandoning module TextureFormatAndroid (119)
[2017.09.08-21.38.14:600][782]LogModuleManager: Shutting down and abandoning module AudioFormatOpus (117)
[2017.09.08-21.38.14:600][782]LogModuleManager: Shutting down and abandoning module AudioFormatOgg (115)
[2017.09.08-21.38.14:600][782]LogModuleManager: Shutting down and abandoning module AudioFormatADPCM (113)
[2017.09.08-21.38.14:600][782]LogModuleManager: Shutting down and abandoning module LinuxTargetPlatform (111)
[2017.09.08-21.38.14:600][782]LogModuleManager: Shutting down and abandoning module LinuxServerTargetPlatform (109)
[2017.09.08-21.38.14:600][782]LogModuleManager: Shutting down and abandoning module LinuxNoEditorTargetPlatform (107)
[2017.09.08-21.38.14:600][782]LogModuleManager: Shutting down and abandoning module LinuxClientTargetPlatform (105)
[2017.09.08-21.38.14:600][782]LogModuleManager: Shutting down and abandoning module TVOSTargetPlatform (103)
[2017.09.08-21.38.14:600][782]LogModuleManager: Shutting down and abandoning module Messaging (101)
[2017.09.08-21.38.14:600][782]LogModuleManager: Shutting down and abandoning module IOSTargetPlatform (99)
[2017.09.08-21.38.14:600][782]LogModuleManager: Shutting down and abandoning module HTML5TargetPlatform (97)
[2017.09.08-21.38.14:600][782]LogModuleManager: Shutting down and abandoning module Android_PVRTCTargetPlatform (95)
[2017.09.08-21.38.14:600][782]LogModuleManager: Shutting down and abandoning module Android_MultiTargetPlatform (93)
[2017.09.08-21.38.14:600][782]LogModuleManager: Shutting down and abandoning module Android_ETC2TargetPlatform (91)
[2017.09.08-21.38.14:600][782]LogModuleManager: Shutting down and abandoning module Android_ETC1TargetPlatform (89)
[2017.09.08-21.38.14:600][782]LogModuleManager: Shutting down and abandoning module Android_DXTTargetPlatform (87)
[2017.09.08-21.38.14:600][782]LogModuleManager: Shutting down and abandoning module Android_ATCTargetPlatform (85)
[2017.09.08-21.38.14:600][782]LogModuleManager: Shutting down and abandoning module Android_ASTCTargetPlatform (83)
[2017.09.08-21.38.14:600][782]LogModuleManager: Shutting down and abandoning module AndroidTargetPlatform (81)
[2017.09.08-21.38.14:600][782]LogModuleManager: Shutting down and abandoning module WindowsTargetPlatform (79)
[2017.09.08-21.38.14:600][782]LogModuleManager: Shutting down and abandoning module WindowsServerTargetPlatform (77)
[2017.09.08-21.38.14:601][782]LogModuleManager: Shutting down and abandoning module WindowsNoEditorTargetPlatform (75)
[2017.09.08-21.38.14:601][782]LogModuleManager: Shutting down and abandoning module WindowsClientTargetPlatform (73)
[2017.09.08-21.38.14:601][782]LogModuleManager: Shutting down and abandoning module MacTargetPlatform (71)
[2017.09.08-21.38.14:601][782]LogModuleManager: Shutting down and abandoning module MacServerTargetPlatform (69)
[2017.09.08-21.38.14:601][782]LogModuleManager: Shutting down and abandoning module MacNoEditorTargetPlatform (67)
[2017.09.08-21.38.14:601][782]LogModuleManager: Shutting down and abandoning module MacClientTargetPlatform (65)
[2017.09.08-21.38.14:601][782]LogModuleManager: Shutting down and abandoning module AllDesktopTargetPlatform (63)
[2017.09.08-21.38.14:601][782]LogModuleManager: Shutting down and abandoning module InputCore (60)
[2017.09.08-21.38.14:601][782]LogModuleManager: Shutting down and abandoning module Settings (58)
[2017.09.08-21.38.14:601][782]LogModuleManager: Shutting down and abandoning module OculusRift (56)
[2017.09.08-21.38.14:601][782]LogModuleManager: Shutting down and abandoning module GearVRController (54)
[2017.09.08-21.38.14:601][782]LogModuleManager: Shutting down and abandoning module GearVR (52)
[2017.09.08-21.38.14:601][782]LogModuleManager: Shutting down and abandoning module ExampleDeviceProfileSelector (50)
[2017.09.08-21.38.14:601][782]LogModuleManager: Shutting down and abandoning module OnlineBlueprintSupport (48)
[2017.09.08-21.38.14:601][782]LogModuleManager: Shutting down and abandoning module OnlineSubsystem (44)
[2017.09.08-21.38.14:601][782]LogOnline:Display: Unloading online subsystem: NULL
[2017.09.08-21.38.14:601][782]LogModuleManager: Shutting down and abandoning module XMPP (43)
[2017.09.08-21.38.14:601][782]LogModuleManager: Shutting down and abandoning module HTTP (41)
[2017.09.08-21.38.14:601][782]LogHttp:Display: Http module shutting down, but needs to wait on 1 outstanding Http requests:
[2017.09.08-21.38.14:601][782]LogHttp:Display: 	verb=[POST] url=[https://datarouter.ol.epicgames.com/datarouter/api/v1/public/data?SessionID=%7B8D89203D-487C-8321-9A06-BFA27F28AE87%7D&AppID=UEEditor.Rocket.Release&AppVersion=4.16.3-3561208%2B%2B%2BUE4%2BRelease-4.16&UserID=d3d293ad40312bdc250f82878f9e3990%7Cb3dfd9ddead147e5bbf052f9b537a3d1%7C2b8d88d0-c30e-43a8-bfdf-7e19d93dabe6&AppEnvironment=datacollector-binary&UploadType=eteventstream] status=Processing
[2017.09.08-21.38.14:618][782]LogModuleManager: Shutting down and abandoning module SSL (40)
[2017.09.08-21.38.14:620][782]LogModuleManager: Shutting down and abandoning module HTTPChunkInstaller (36)
[2017.09.08-21.38.14:620][782]LogModuleManager: Shutting down and abandoning module AnimationModifiers (34)
[2017.09.08-21.38.14:620][782]LogModuleManager: Shutting down and abandoning module PropertyEditor (33)
[2017.09.08-21.38.14:620][782]LogModuleManager: Shutting down and abandoning module AudioEditor (30)
[2017.09.08-21.38.14:620][782]LogModuleManager: Shutting down and abandoning module TextureCompressor (28)
[2017.09.08-21.38.14:620][782]LogModuleManager: Shutting down and abandoning module ShaderCore (26)
[2017.09.08-21.38.14:620][782]LogModuleManager: Shutting down and abandoning module Landscape (24)
[2017.09.08-21.38.14:620][782]LogModuleManager: Shutting down and abandoning module SlateRHIRenderer (22)
[2017.09.08-21.38.14:621][782]LogModuleManager: Shutting down and abandoning module OpenGLDrv (20)
[2017.09.08-21.38.14:621][782]LogModuleManager: Shutting down and abandoning module D3D11RHI (18)
[2017.09.08-21.38.14:621][782]LogModuleManager: Shutting down and abandoning module AnimGraphRuntime (16)
[2017.09.08-21.38.14:621][782]LogModuleManager: Shutting down and abandoning module Renderer (14)
[2017.09.08-21.38.14:621][782]LogModuleManager: Shutting down and abandoning module Engine (12)
[2017.09.08-21.38.14:621][782]LogModuleManager: Shutting down and abandoning module CoreUObject (10)
[2017.09.08-21.38.14:621][782]LogModuleManager: Shutting down and abandoning module NetworkFile (8)
[2017.09.08-21.38.14:621][782]LogModuleManager: Shutting down and abandoning module StreamingFile (6)
[2017.09.08-21.38.14:621][782]LogModuleManager: Shutting down and abandoning module SandboxFile (4)
[2017.09.08-21.38.14:621][782]LogModuleManager: Shutting down and abandoning module PakFile (2)
[2017.09.08-21.38.14:622][782]LogExit: Exiting.
[2017.09.08-21.38.14:637][782]Log file closed, 09/08/17 16:38:14
