Log file open, 09/11/17 10:59:47
LogInit:Display: Running engine for game: IA
LogPlatformFile: Not using cached read wrapper
LogInit:Display: RandInit(-266407717) SRandInit(-266407717).
LogTaskGraph: Started task graph with 5 named threads and 6 total threads with 1 sets of task threads.
LogStats: Stats thread started at 0.098052
LogInit: Using libcurl 7.47.1
LogInit:  - built for x86_64-pc-win32
LogInit:  - supports SSL with OpenSSL/1.0.2g
LogInit:  - supports HTTP deflate (compression) using libz 1.2.8
LogInit:  - other features:
LogInit:      CURL_VERSION_SSL
LogInit:      CURL_VERSION_LIBZ
LogInit:      CURL_VERSION_IPV6
LogInit:      CURL_VERSION_ASYNCHDNS
LogInit:      CURL_VERSION_LARGEFILE
LogInit:      CURL_VERSION_IDN
LogInit:  CurlRequestOptions (configurable via config and command line):
LogInit:  - bVerifyPeer = false  - Libcurl will NOT verify peer certificate
LogInit:  - bUseHttpProxy = false  - Libcurl will NOT use HTTP proxy
LogInit:  - bDontReuseConnections = false  - Libcurl will reuse connections
LogInit:  - CertBundlePath = nullptr  - Libcurl will use whatever was configured at build time.
LogInit: Build: ++UE4+Release-4.16-CL-3561208
LogInit: Engine Version: 4.16.3-3561208+++UE4+Release-4.16
LogInit: Compatible Engine Version: 4.16.0-3452394+++UE4+Release-4.16
LogInit: Net CL: 3452394
LogDevObjectVersion: Number of dev versions registered: 16
LogDevObjectVersion:   Dev-Blueprints (B0D832E4-1F89-4F0D-ACCF-7EB736FD4AA2): 9
LogDevObjectVersion:   Dev-Build (E1C64328-A22C-4D53-A36C-8E866417BD8C): 0
LogDevObjectVersion:   Dev-Core (375EC13C-06E4-48FB-B500-84F0262A717E): 2
LogDevObjectVersion:   Dev-Editor (E4B068ED-F494-42E9-A231-DA0B2E46BB41): 17
LogDevObjectVersion:   Dev-Framework (CFFC743F-43B0-4480-9391-14DF171D2073): 23
LogDevObjectVersion:   Dev-Mobile (B02B49B5-BB20-44E9-A304-32B752E40360): 0
LogDevObjectVersion:   Dev-Networking (A4E4105C-59A1-49B5-A7C5-40C4547EDFEE): 0
LogDevObjectVersion:   Dev-Online (39C831C9-5AE6-47DC-9A44-9C173E1C8E7C): 0
LogDevObjectVersion:   Dev-Physics (78F01B33-EBEA-4F98-B9B4-84EACCB95AA2): 0
LogDevObjectVersion:   Dev-Platform (6631380F-2D4D-43E0-8009-CF276956A95A): 0
LogDevObjectVersion:   Dev-Rendering (12F88B9F-8875-4AFC-A67C-D90C383ABD29): 15
LogDevObjectVersion:   Dev-Sequencer (7B5AE74C-D270-4C10-A958-57980B212A5A): 4
LogDevObjectVersion:   Dev-VR (D7296918-1DD6-4BDD-9DE2-64A83CC13884): 0
LogDevObjectVersion:   Dev-LoadTimes (C2A15278-BFE7-4AFE-6C17-90FF531DF755): 1
LogDevObjectVersion:   Private-Geometry (6EACA3D4-40EC-4CC1-B786-8BED09428FC5): 1
LogDevObjectVersion:   Dev-AnimPhys (29E575DD-E0A3-4627-9D10-D276232CDCEA): 3
LogInit: Compiled (64-bit): Jul 28 2017 11:49:47
LogInit: Compiled with Visual C++: 19.00.24215.01
LogInit: Build Configuration: Development
LogInit: Branch Name: ++UE4+Release-4.16
LogInit: Command line:  
LogInit: Base directory: C:/Program Files/Epic Games/UE_4.16/Engine/Binaries/Win64/
LogInit: Installed Engine Build: 1
LogInit: Presizing for max 8388607 objects, including 0 objects not considered by GC, pre-allocating 0 bytes for permanent pool.
LogInit: Object subsystem initialized
[2017.09.11-15.59.49:653][  0]LogInit: Selected Device Profile: [Windows]
[2017.09.11-15.59.49:653][  0]LogInit: Applying CVar settings loaded from the selected device profile: [Windows]
[2017.09.11-15.59.49:815][  0]LogInit: Computer: DESKTOP-HB0C1U8
[2017.09.11-15.59.49:815][  0]LogInit: User: Usuario
[2017.09.11-15.59.49:815][  0]LogInit: CPU Page size=4096, Cores=2
[2017.09.11-15.59.49:815][  0]LogInit: High frequency timer resolution =2.340369 MHz
[2017.09.11-15.59.49:816][  0]LogMemory: Memory total: Physical=7.9GB (8GB approx)
[2017.09.11-15.59.49:816][  0]LogMemory: Platform Memory Stats for Windows
[2017.09.11-15.59.49:816][  0]LogMemory: Process Physical Memory: 273.07 MB used, 273.07 MB peak
[2017.09.11-15.59.49:816][  0]LogMemory: Process Virtual Memory: 266.55 MB used, 266.55 MB peak
[2017.09.11-15.59.49:816][  0]LogMemory: Physical Memory: 4532.50 MB used,  3529.88 MB free, 8062.37 MB total
[2017.09.11-15.59.49:816][  0]LogMemory: Virtual Memory: 642.43 MB used,  3529.88 MB free, 134217728.00 MB total
[2017.09.11-15.59.50:793][  0]LogInit: Overriding language with editor language configuration option (en).
[2017.09.11-15.59.50:793][  0]LogInit: Overriding locale with editor locale configuration option (en).
[2017.09.11-16.00.00:629][  0]LogD3D11RHI: D3D11 adapters:
[2017.09.11-16.00.00:724][  0]LogD3D11RHI:    0. 'NVIDIA GeForce 940M' (Feature Level 11_0)
[2017.09.11-16.00.00:725][  0]LogD3D11RHI:       2020/0/4031 MB DedicatedVideo/DedicatedSystem/SharedSystem, Outputs:1, VendorId:0x10de
[2017.09.11-16.00.00:745][  0]LogD3D11RHI:    1. 'Intel(R) HD Graphics 5500' (Feature Level 11_0)
[2017.09.11-16.00.00:745][  0]LogD3D11RHI:       128/0/4031 MB DedicatedVideo/DedicatedSystem/SharedSystem, Outputs:0, VendorId:0x8086
[2017.09.11-16.00.00:752][  0]LogD3D11RHI:    2. 'Microsoft Basic Render Driver' (Feature Level 11_0)
[2017.09.11-16.00.00:752][  0]LogD3D11RHI:       0/0/4031 MB DedicatedVideo/DedicatedSystem/SharedSystem, Outputs:0, VendorId:0x1414
[2017.09.11-16.00.00:752][  0]LogD3D11RHI: Chosen D3D11 Adapter: 0
[2017.09.11-16.00.00:774][  0]LogD3D11RHI: Creating new Direct3DDevice
[2017.09.11-16.00.00:774][  0]LogD3D11RHI:     GPU DeviceId: 0x1347 (for the marketing name, search the web for "GPU Device Id")
[2017.09.11-16.00.00:774][  0]LogWindows: EnumDisplayDevices:
[2017.09.11-16.00.00:776][  0]LogWindows:    0. 'Intel(R) HD Graphics 5500' (P:1 D:1)
[2017.09.11-16.00.00:779][  0]LogWindows:    1. 'Intel(R) HD Graphics 5500' (P:0 D:0)
[2017.09.11-16.00.00:782][  0]LogWindows:    2. 'Intel(R) HD Graphics 5500' (P:0 D:0)
[2017.09.11-16.00.00:784][  0]LogWindows: DebugString: PrimaryIsNotTheChoosenAdapter PrimaryIsNotTheChoosenAdapter PrimaryIsNotTheChoosenAdapter FoundDriverCount:0 
[2017.09.11-16.00.00:784][  0]LogD3D11RHI:     Adapter Name: NVIDIA GeForce 940M
[2017.09.11-16.00.00:784][  0]LogD3D11RHI:   Driver Version: Unknown (internal:Unknown, unified:Unknown)
[2017.09.11-16.00.00:784][  0]LogD3D11RHI:      Driver Date: Unknown
[2017.09.11-16.00.00:784][  0]LogRHI: Texture pool is 1361 MB (70% of 1945 MB)
[2017.09.11-16.00.00:831][  0]LogD3D11RHI: Async texture creation enabled
[2017.09.11-16.00.00:851][  0]LogD3D11RHI: GPU Timing Frequency: 1000.000000 (Debug: 2 1)
[2017.09.11-16.00.00:854][  0]LogShaderCompilers: Guid format shader working directory is 5 characters bigger than the processId version (D:/Gonzalo/Gonzalo-01/Unreal/IA-Protoype/IA/Intermediate/Shaders/WorkingDirectory/5784/).
[2017.09.11-16.00.00:855][  0]LogShaderCompilers: Cleaned the shader compiler working directory 'C:/Users/Usuario/AppData/Local/Temp/UnrealShaderWorkingDir/EC52EC27470EC3C97A946C82034182D7/'.
[2017.09.11-16.00.00:855][  0]LogShaderCompilers:Display: Using Local Shader Compiler.
[2017.09.11-16.00.08:081][  0]LogTemp:Display: Loaded TP AllDesktopTargetPlatform
[2017.09.11-16.00.08:564][  0]LogTemp:Display: Loaded TP MacClientTargetPlatform
[2017.09.11-16.00.08:896][  0]LogTemp:Display: Loaded TP MacNoEditorTargetPlatform
[2017.09.11-16.00.09:402][  0]LogTemp:Display: Loaded TP MacServerTargetPlatform
[2017.09.11-16.00.09:824][  0]LogTemp:Display: Loaded TP MacTargetPlatform
[2017.09.11-16.00.10:633][  0]LogTemp:Display: Loaded TP WindowsClientTargetPlatform
[2017.09.11-16.00.11:176][  0]LogTemp:Display: Loaded TP WindowsNoEditorTargetPlatform
[2017.09.11-16.00.11:872][  0]LogTemp:Display: Loaded TP WindowsServerTargetPlatform
[2017.09.11-16.00.12:215][  0]LogTemp:Display: Loaded TP WindowsTargetPlatform
[2017.09.11-16.00.12:588][  0]LogTemp:Display: Loaded TP AndroidTargetPlatform
[2017.09.11-16.00.13:035][  0]LogTemp:Display: Loaded TP Android_ASTCTargetPlatform
[2017.09.11-16.00.13:389][  0]LogTemp:Display: Loaded TP Android_ATCTargetPlatform
[2017.09.11-16.00.13:945][  0]LogTemp:Display: Loaded TP Android_DXTTargetPlatform
[2017.09.11-16.00.14:359][  0]LogTemp:Display: Loaded TP Android_ETC1TargetPlatform
[2017.09.11-16.00.14:838][  0]LogTemp:Display: Loaded TP Android_ETC2TargetPlatform
[2017.09.11-16.00.15:545][  0]LogTemp:Display: Loaded TP Android_MultiTargetPlatform
[2017.09.11-16.00.15:545][  0]LogTemp:Display: Loaded TP Android_PVRTCTargetPlatform
[2017.09.11-16.00.15:811][  0]LogTemp:Display: Loaded TP HTML5TargetPlatform
[2017.09.11-16.00.16:542][  0]LogTemp:Display: Loaded TP IOSTargetPlatform
[2017.09.11-16.00.16:680][  0]LogTemp:Display: Loaded TP TVOSTargetPlatform
[2017.09.11-16.00.17:200][  0]LogTemp:Display: Loaded TP LinuxClientTargetPlatform
[2017.09.11-16.00.17:769][  0]LogTemp:Display: Loaded TP LinuxNoEditorTargetPlatform
[2017.09.11-16.00.18:374][  0]LogTemp:Display: Loaded TP LinuxServerTargetPlatform
[2017.09.11-16.00.18:898][  0]LogTemp:Display: Loaded TP LinuxTargetPlatform
[2017.09.11-16.00.18:898][  0]LogTargetPlatformManager:Display: Building Assets For Windows
[2017.09.11-16.00.24:586][  0]LogDerivedDataCache:Display: Max Cache Size: 512 MB
[2017.09.11-16.00.24:730][  0]LogDerivedDataCache: Loaded boot cache 0.14s 90MB C:/Users/Usuario/AppData/Local/UnrealEngine/4.16/DerivedDataCache/Boot.ddc.
[2017.09.11-16.00.24:730][  0]LogDerivedDataCache:Display: Loaded Boot cache: C:/Users/Usuario/AppData/Local/UnrealEngine/4.16/DerivedDataCache/Boot.ddc
[2017.09.11-16.00.24:730][  0]LogDerivedDataCache: FDerivedDataBackendGraph:  Pak pak cache file D:/Gonzalo/Gonzalo-01/Unreal/IA-Protoype/IA/DerivedDataCache/DDC.ddp not found, will not use a pak cache.
[2017.09.11-16.00.24:730][  0]LogDerivedDataCache: Unable to find inner node Pak for hierarchical cache Hierarchy.
[2017.09.11-16.00.24:730][  0]LogDerivedDataCache: FDerivedDataBackendGraph:  CompressedPak pak cache file D:/Gonzalo/Gonzalo-01/Unreal/IA-Protoype/IA/DerivedDataCache/Compressed.ddp not found, will not use a pak cache.
[2017.09.11-16.00.24:730][  0]LogDerivedDataCache: Unable to find inner node CompressedPak for hierarchical cache Hierarchy.
[2017.09.11-16.00.24:758][  0]LogDerivedDataCache:Display: Pak cache opened for reading ../../../Engine/DerivedDataCache/Compressed.ddp.
[2017.09.11-16.00.24:771][  0]LogDerivedDataCache: Using Local data cache path C:/Users/Usuario/AppData/Local/UnrealEngine/Common/DerivedDataCache: Writable
[2017.09.11-16.00.24:787][  0]LogMaterial: Verifying Global Shaders for PCD3D_SM5
[2017.09.11-16.00.24:787][  0]LogSlate: Using Freetype 2.6.0
[2017.09.11-16.00.24:867][  0]LogSlate: SlateFontCache - WITH_FREETYPE: 1, WITH_HARFBUZZ: 1
[2017.09.11-16.00.24:867][  0]LogSlate: SlateFontCache - WITH_FREETYPE: 1, WITH_HARFBUZZ: 1
[2017.09.11-16.00.29:497][  0]LogInit: Selected Device Profile: [Windows]
[2017.09.11-16.00.29:636][  0]LogContentStreaming: Texture pool size is 0.00 MB
[2017.09.11-16.00.30:731][  0]LogMeshUtilities: Using QuadricMeshReduction for automatic static mesh reduction
[2017.09.11-16.00.31:047][  0]LogSimplygon: Simplygon DLL not present - disabling.
[2017.09.11-16.00.31:725][  0]LogMeshUtilities: Using SimplygonSwarm for distributed automatic mesh merging
[2017.09.11-16.00.31:725][  0]LogMeshUtilities: No automatic skeletal mesh reduction module available
[2017.09.11-16.00.31:725][  0]LogMeshUtilities: No automatic mesh merging module available
[2017.09.11-16.00.35:245][  0]LogNetVersion: IA , NetCL: 3452394, EngineNetVer: 2, GameNetVer: 0 (Checksum: 4275716318)
[2017.09.11-16.00.35:709][  0]LogAssetRegistry: FAssetRegistry took 0.0316 seconds to start up
[2017.09.11-16.00.35:995][  0]LogPackageLocalizationCache: Processed 4 localized package path(s) for 1 prioritized culture(s) in 0.053510 seconds
[2017.09.11-16.00.36:002][  0]LogUObjectArray: 34194 objects as part of root set at end of initial load.
[2017.09.11-16.00.36:002][  0]LogUObjectAllocator: 7260416 out of 0 bytes used by permanent object pool.
[2017.09.11-16.00.36:002][  0]LogUObjectArray: CloseDisregardForGC: 0/0 objects in disregard for GC pool
[2017.09.11-16.00.37:074][  0]LogInit: WinSock: version 1.1 (2.2), MaxSocks=32767, MaxUdp=65467
[2017.09.11-16.01.27:499][  0]LogTcpMessaging: Initializing TcpMessaging bridge
[2017.09.11-16.01.27:935][  0]LogUdpMessaging: Initializing bridge on interface 0.0.0.0:0 to multicast group 230.0.0.1:6666.
[2017.09.11-16.01.34:854][  0]LogMaterial: Uniform references updated for custom material expression Custom.
[2017.09.11-16.01.40:229][  0]SourceControl: Info Source control is disabled
[2017.09.11-16.01.40:539][  0]SourceControl: Info Source control is disabled
[2017.09.11-16.01.40:910][  0]SourceControl: Info Source control is disabled
[2017.09.11-16.01.41:708][  0]SourceControl: Info Source control is disabled
[2017.09.11-16.01.52:153][  0]LogAndroidPermission: UAndroidPermissionCallbackProxy::GetInstance
[2017.09.11-16.02.00:360][  0]LogEngine: Initializing Engine...
[2017.09.11-16.02.00:364][  0]LogHMD: Failed to initialize OpenVR with code 110
[2017.09.11-16.02.01:152][  0]LogStats: UGameplayTagsManager::ConstructGameplayTagTree: Construct from data asset -  0.000 s
[2017.09.11-16.02.01:152][  0]LogStats: UGameplayTagsManager::ConstructGameplayTagTree: GameplayTagTreeChangedEvent.Broadcast -  0.000 s
[2017.09.11-16.02.02:914][  0]LogAIModule: Creating AISystem for world Untitled
[2017.09.11-16.02.02:946][  0]LogInit: XAudio2 using 'Speakers (Realtek High Definition Audio)' : 2 channels at 48 kHz using 32 bits per sample (channel mask 0x3)
[2017.09.11-16.02.03:085][  0]LogInit: FAudioDevice initialized.
[2017.09.11-16.02.03:187][  0]LogDerivedDataCache: Saved boot cache 0.10s 90MB C:/Users/Usuario/AppData/Local/UnrealEngine/4.16/DerivedDataCache/Boot.ddc.
[2017.09.11-16.02.03:208][  0]LogInit: Texture streaming: Enabled
[2017.09.11-16.02.04:803][  0]LogEngineSessionManager: EngineSessionManager initialized
[2017.09.11-16.02.07:825][  0]LogInit: Transaction tracking system initialized
[2017.09.11-16.02.11:141][  0]BlueprintLog: New page: Editor Load
[2017.09.11-16.02.23:818][  0]LocalizationService: Info Localization service is disabled
[2017.09.11-16.02.29:895][  0]LogConsoleResponse:Display: 
[2017.09.11-16.02.30:233][  0]LogCook:Display: Max memory allowance for cook 16384mb min free memory 0mb
[2017.09.11-16.02.30:233][  0]LogCook:Display: Mobile HDR setting 1
[2017.09.11-16.02.31:291][  0]LogFileCache: Scanning file cache for directory 'D:/Gonzalo/Gonzalo-01/Unreal/IA-Protoype/IA/Content/' took 0.02s
[2017.09.11-16.02.41:502][  0]SourceControl: Info Source control is disabled
[2017.09.11-16.02.41:502][  0]Cmd: MAP LOAD FILE="D:/Gonzalo/Gonzalo-01/Unreal/IA-Protoype/IA/Content/TwinStickBP/Maps/TwinStickExampleMap.umap" TEMPLATE=0 SHOWPROGRESS=1 FEATURELEVEL=3
[2017.09.11-16.02.41:503][  0]LightingResults: New page: Lighting Build
[2017.09.11-16.02.42:143][  0]MapCheck: New page: Map Check
[2017.09.11-16.02.42:143][  0]LightingResults: New page: Lighting Build
[2017.09.11-16.02.43:726][  0]LogAIModule: Creating AISystem for world TwinStickExampleMap
[2017.09.11-16.02.43:784][  0]LogEditorServer: Finished looking for orphan Actors (0.000 secs)
[2017.09.11-16.02.43:843][  0]Cmd: MAP CHECKDEP NOCLEARLOG
[2017.09.11-16.02.44:059][  0]MapCheck: Info Map check complete: 0 Error(s), 0 Warning(s), took 216.472ms to complete.
[2017.09.11-16.02.44:059][  0]LogFileHelpers: Loading map 'TwinStickExampleMap' took 2.557
[2017.09.11-16.02.44:178][  0]LogWindowsTextInputMethodSystem:Display: IME system now deactivated.
[2017.09.11-16.02.44:468][  0]LogCollectionManager: Loaded 0 collections in 0.002059 seconds
[2017.09.11-16.02.44:842][  0]LogFileCache: Scanning file cache for directory 'D:/Gonzalo/Gonzalo-01/Unreal/IA-Protoype/IA/Saved/Collections/' took 0.01s
[2017.09.11-16.02.44:842][  0]LogFileCache: Scanning file cache for directory 'D:/Gonzalo/Gonzalo-01/Unreal/IA-Protoype/IA/Content/Developers/Usuario/Collections/' took 0.01s
[2017.09.11-16.02.44:842][  0]LogFileCache: Scanning file cache for directory 'D:/Gonzalo/Gonzalo-01/Unreal/IA-Protoype/IA/Content/Collections/' took 0.01s
[2017.09.11-16.02.44:842][  0]LogCollectionManager: Rebuilt the GUID cache for 0 collections in 0.000001 seconds
[2017.09.11-16.02.44:855][  0]LogContentBrowser: Native class hierarchy populated in 0.0127 seconds. Added 2330 classes and 493 folders.
[2017.09.11-16.02.45:330][  0]LogContentBrowser: Native class hierarchy updated for 'WidgetCarousel' in 0.0020 seconds. Added 0 classes and 0 folders.
[2017.09.11-16.02.46:682][  0]LogContentBrowser: Native class hierarchy updated for 'AddContentDialog' in 0.0069 seconds. Added 0 classes and 0 folders.
[2017.09.11-16.02.47:230][  0]LogContentBrowser: Native class hierarchy updated for 'SceneOutliner' in 0.0023 seconds. Added 1 classes and 2 folders.
[2017.09.11-16.02.47:916][  0]LogCrashTracker: Crashtracker disabled due to settings.
[2017.09.11-16.02.47:928][  0]LogSlate: Took 0.001193 seconds to synchronously load lazily loaded font '../../../Engine/Content/Slate/Fonts/Roboto-Regular.ttf' (155K)
[2017.09.11-16.02.47:935][  0]LogSlate: Took 0.000773 seconds to synchronously load lazily loaded font '../../../Engine/Content/Editor/Slate/Fonts/FontAwesome.ttf' (139K)
[2017.09.11-16.02.47:936][  0]LogSlate: Took 0.000743 seconds to synchronously load lazily loaded font '../../../Engine/Content/Slate/Fonts/Roboto-Bold.ttf' (160K)
[2017.09.11-16.02.48:004][  0]LogSlate: Took 0.052067 seconds to synchronously load lazily loaded font '../../../Engine/Content/Editor/Slate/Fonts/DroidSansMono.ttf' (77K)
[2017.09.11-16.02.48:410][  0]LogRenderer: Reallocating scene render targets to support 1020x404 NumSamples 1 (Frame:1).
[2017.09.11-16.02.48:592][  0]LogUObjectGlobals:Warning: Failed to find object 'Class None.'
[2017.09.11-16.02.49:308][  0]LogContentBrowser: Native class hierarchy updated for 'HierarchicalLODOutliner' in 0.0064 seconds. Added 1 classes and 2 folders.
[2017.09.11-16.02.49:309][  0]LogLoad: (Engine Initialization) Total time: 186.54 seconds
[2017.09.11-16.02.49:310][  0]LogLoad: (Engine Initialization) Total Blueprint compile time: 0.77 seconds
[2017.09.11-16.02.49:310][  0]LogExternalProfiler: Found external profiler: VSPerf
[2017.09.11-16.02.49:310][  0]LogExternalProfiler: Using external profiler: VSPerf
[2017.09.11-16.02.49:336][  0]LogOcInput: OculusInput pre-init called
[2017.09.11-16.02.49:336][  0]LogHMD: Starting GearVRController plugin
[2017.09.11-16.02.49:360][  0]LogContentStreaming: Texture pool size now 1000 MB
[2017.09.11-16.02.49:444][  0]LogSlate: Took 0.001130 seconds to synchronously load lazily loaded font '../../../Engine/Content/Slate/Fonts/Roboto-Light.ttf' (159K)
[2017.09.11-16.02.49:595][  2]LogAssetRegistry: Asset discovery search completed in 133.9084 seconds
[2017.09.11-16.02.49:597][  2]LogCollectionManager: Rebuilt the object cache for 0 collections in 0.000000 seconds (found 0 objects)
[2017.09.11-16.02.49:598][  2]LogCollectionManager: Fixed up redirectors for 0 collections in 0.000244 seconds (updated 0 objects)
[2017.09.11-16.02.54:272][131]LogVSAccessor:Warning: Couldn't access Visual Studio
[2017.09.11-16.02.54:278][131]Candidate modules for hot reload:
[2017.09.11-16.02.54:278][131]  IA
[2017.09.11-16.02.54:278][131]Launching UnrealBuildTool... [C:/Program Files/Epic Games/UE_4.16/Engine/Binaries/DotNET/UnrealBuildTool.exe IA -ModuleWithSuffix IA 6392 Win64 Development -editorrecompile -canskiplink "D:/Gonzalo/Gonzalo-01/Unreal/IA-Protoype/IA/IA.uproject" ]
[2017.09.11-16.02.54:303][131]Warning: Starting HotReload took  0.1s.
[2017.09.11-16.08.26:403][445]CompilerResultsLog: New page: Compilation - Sep 11, 2017, 6:08:26 AM
[2017.09.11-16.08.26:404][445]CompilerResultsLog: Info Compiling game modules for hot reload
[2017.09.11-16.08.26:404][445]CompilerResultsLog: Info Performing full C++ include scan (no include cache file)
[2017.09.11-16.08.26:405][445]CompilerResultsLog: Info Parsing headers for IAEditor
[2017.09.11-16.08.26:405][445]CompilerResultsLog: Info   Running UnrealHeaderTool "D:\Gonzalo\Gonzalo-01\Unreal\IA-Protoype\IA\IA.uproject" "D:\Gonzalo\Gonzalo-01\Unreal\IA-Protoype\IA\Intermediate\Build\Win64\IAEditor\Development\IAEditor.uhtmanifest" -LogCmds="loginit warning, logexit warning, logdatabase error" -Unattended -WarningsAsErrors -installed
[2017.09.11-16.08.26:407][445]CompilerResultsLog: Info Reflection code generated for IAEditor in 12.021309 seconds
[2017.09.11-16.08.26:407][445]CompilerResultsLog: Info Performing 4 actions (2 in parallel)
[2017.09.11-16.08.26:407][445]CompilerResultsLog: Info PathAIController.cpp
[2017.09.11-16.08.26:408][445]CompilerResultsLog: Info IA.generated.cpp
[2017.09.11-16.08.26:408][445]CompilerResultsLog: Info [3/4] Link UE4Editor-IA-6392.dll
[2017.09.11-16.08.26:408][445]CompilerResultsLog: Info [4/4] Link UE4Editor-IA-6392.lib
[2017.09.11-16.08.26:408][445]CompilerResultsLog: Info    Creando biblioteca D:\Gonzalo\Gonzalo-01\Unreal\IA-Protoype\IA\Intermediate\Build\Win64\UE4Editor\Development\UE4Editor-IA-6392.lib y objeto D:\Gonzalo\Gonzalo-01\Unreal\IA-Protoype\IA\Intermediate\Build\Win64\UE4Editor\Development\UE4Editor-IA-6392.exp
[2017.09.11-16.08.26:409][445]CompilerResultsLog: Info    Creando biblioteca D:\Gonzalo\Gonzalo-01\Unreal\IA-Protoype\IA\Intermediate\Build\Win64\UE4Editor\Development\UE4Editor-IA-6392.suppressed.lib y objeto D:\Gonzalo\Gonzalo-01\Unreal\IA-Protoype\IA\Intermediate\Build\Win64\UE4Editor\Development\UE4Editor-IA-6392.suppressed.exp
[2017.09.11-16.08.26:410][445]CompilerResultsLog: Info Total build time: 331.47 seconds (Local executor: 201.52 seconds)
[2017.09.11-16.08.26:411][445]LogMainFrame: MainFrame: Module compiling took 332.138 seconds
[2017.09.11-16.08.26:825][445]LogClass: Could not find existing class PathAIController in package /Script/IA for HotReload, assuming new class
[2017.09.11-16.08.26:829][445]LogHotReload: Re-instancing PathAIController after hot-reload.
[2017.09.11-16.08.27:955][445]LogContentBrowser: Native class hierarchy updated for 'IA' in 0.0070 seconds. Added 1 classes and 2 folders.
[2017.09.11-16.08.27:960][445]Display: HotReload successful (0 functions remapped  0 scriptstructs remapped)
[2017.09.11-16.08.27:996][445]LogContentBrowser: Native class hierarchy populated in 0.0355 seconds. Added 2332 classes and 497 folders.
[2017.09.11-16.08.28:106][445]Display: HotReload took 333.9s.
[2017.09.11-16.08.32:607][632]LogTemp: Repeting last play command: Selected Viewport
[2017.09.11-16.08.32:906][632]LogBlueprintUserMessages: Early PlayInEditor Detection: Level '/Game/TwinStickBP/Maps/TwinStickExampleMap.TwinStickExampleMap:PersistentLevel' has LevelScriptBlueprint '/Game/TwinStickBP/Maps/TwinStickExampleMap.TwinStickExampleMap:PersistentLevel.TwinStickExampleMap' with GeneratedClass '/Game/TwinStickBP/Maps/TwinStickExampleMap.TwinStickExampleMap_C' with ClassGeneratedBy '/Game/TwinStickBP/Maps/TwinStickExampleMap.TwinStickExampleMap:PersistentLevel.TwinStickExampleMap'
[2017.09.11-16.08.32:933][632]LogPlayLevel: PlayLevel: No blueprints needed recompiling
[2017.09.11-16.08.32:972][632]PIE: New page: PIE session: TwinStickExampleMap (Sep 11, 2017, 6:08:32 AM)
[2017.09.11-16.08.32:991][632]LogPlayLevel: Creating play world package: /Game/TwinStickBP/Maps/UEDPIE_0_TwinStickExampleMap
[2017.09.11-16.08.33:133][632]LogPlayLevel: PIE: StaticDuplicateObject took: (0.141198s)
[2017.09.11-16.08.33:137][632]LogAIModule: Creating AISystem for world TwinStickExampleMap
[2017.09.11-16.08.33:138][632]LogPlayLevel: PIE: World Init took: (0.004138s)
[2017.09.11-16.08.33:146][632]LogPlayLevel: PIE: Created PIE world by copying editor world from /Game/TwinStickBP/Maps/TwinStickExampleMap.TwinStickExampleMap to /Game/TwinStickBP/Maps/UEDPIE_0_TwinStickExampleMap.TwinStickExampleMap (0.153986s)
[2017.09.11-16.08.33:289][632]LogInit: XAudio2 using 'Speakers (Realtek High Definition Audio)' : 2 channels at 48 kHz using 32 bits per sample (channel mask 0x3)
[2017.09.11-16.08.33:387][632]LogInit: FAudioDevice initialized.
[2017.09.11-16.08.33:535][632]LogLoad: Game class is 'TwinStickGameMode_C'
[2017.09.11-16.08.33:580][632]LogWorld: Bringing World /Game/TwinStickBP/Maps/UEDPIE_0_TwinStickExampleMap.TwinStickExampleMap up for play (max tick rate 60) at 2017.09.11-11.08.33
[2017.09.11-16.08.33:636][632]LogWorld: Bringing up level for play took: 0.049044
[2017.09.11-16.08.34:056][632]LogContentBrowser: Native class hierarchy updated for 'MovieSceneCapture' in 0.0020 seconds. Added 11 classes and 0 folders.
[2017.09.11-16.08.34:178][632]PIE: Info Play in editor start time for /Game/TwinStickBP/Maps/UEDPIE_0_TwinStickExampleMap 1.675
[2017.09.11-16.08.34:189][632]LogBlueprintUserMessages: Late PlayInEditor Detection: Level '/Game/TwinStickBP/Maps/TwinStickExampleMap.TwinStickExampleMap:PersistentLevel' has LevelScriptBlueprint '/Game/TwinStickBP/Maps/TwinStickExampleMap.TwinStickExampleMap:PersistentLevel.TwinStickExampleMap' with GeneratedClass '/Game/TwinStickBP/Maps/TwinStickExampleMap.TwinStickExampleMap_C' with ClassGeneratedBy '/Game/TwinStickBP/Maps/TwinStickExampleMap.TwinStickExampleMap:PersistentLevel.TwinStickExampleMap'
[2017.09.11-16.08.54:237][813]LogBlueprintUserMessages: Early EndPlayMap Detection: Level '/Game/TwinStickBP/Maps/TwinStickExampleMap.TwinStickExampleMap:PersistentLevel' has LevelScriptBlueprint '/Game/TwinStickBP/Maps/TwinStickExampleMap.TwinStickExampleMap:PersistentLevel.TwinStickExampleMap' with GeneratedClass '/Game/TwinStickBP/Maps/TwinStickExampleMap.TwinStickExampleMap_C' with ClassGeneratedBy '/Game/TwinStickBP/Maps/TwinStickExampleMap.TwinStickExampleMap:PersistentLevel.TwinStickExampleMap'
[2017.09.11-16.08.54:337][813]LogBlueprintUserMessages: Late EndPlayMap Detection: Level '/Game/TwinStickBP/Maps/TwinStickExampleMap.TwinStickExampleMap:PersistentLevel' has LevelScriptBlueprint '/Game/TwinStickBP/Maps/TwinStickExampleMap.TwinStickExampleMap:PersistentLevel.TwinStickExampleMap' with GeneratedClass '/Game/TwinStickBP/Maps/TwinStickExampleMap.TwinStickExampleMap_C' with ClassGeneratedBy '/Game/TwinStickBP/Maps/TwinStickExampleMap.TwinStickExampleMap:PersistentLevel.TwinStickExampleMap'
[2017.09.11-16.09.07:181][962]LogWindowsTextInputMethodSystem:Display: IME system now deactivated.
[2017.09.11-16.09.07:384][963]Cmd: QUIT_EDITOR
[2017.09.11-16.09.07:784][963]LogExit: Preparing to exit.
[2017.09.11-16.09.08:318][963]LogExit: Editor shut down
[2017.09.11-16.09.08:325][963]LogExit: Transaction tracking system shut down
[2017.09.11-16.09.08:395][963]LogObj: Freed 0b from 0 cluster array pools.
[2017.09.11-16.09.08:396][963]LogExit: Object subsystem successfully closed.
[2017.09.11-16.09.08:408][963]LogD3D11RHI: Shutdown
[2017.09.11-16.09.08:408][963]LogD3D11RHI: CleanupD3DDevice
[2017.09.11-16.09.08:526][963]LogD3D11RHI: ~FD3D11DynamicRHI
[2017.09.11-16.09.08:590][963]LogModuleManager: Shutting down and abandoning module MovieSceneCapture (529)
[2017.09.11-16.09.08:590][963]LogModuleManager: Shutting down and abandoning module IA (527)
[2017.09.11-16.09.08:590][963]LogModuleManager: Shutting down and abandoning module HierarchicalLODOutliner (526)
[2017.09.11-16.09.08:590][963]LogModuleManager: Shutting down and abandoning module CrashTracker (524)
[2017.09.11-16.09.08:590][963]LogModuleManager: Shutting down and abandoning module SceneOutliner (522)
[2017.09.11-16.09.08:590][963]LogModuleManager: Shutting down and abandoning module AddContentDialog (520)
[2017.09.11-16.09.08:590][963]LogDirectoryWatcher: A directory notification for 'C:/Program Files/Epic Games/UE_4.16/FeaturePacks/' was aborted.
[2017.09.11-16.09.08:591][963]LogModuleManager: Shutting down and abandoning module WidgetCarousel (519)
[2017.09.11-16.09.08:591][963]LogModuleManager: Shutting down and abandoning module EditorWidgets (516)
[2017.09.11-16.09.08:591][963]LogModuleManager: Shutting down and abandoning module CollectionManager (514)
[2017.09.11-16.09.08:591][963]LogDirectoryWatcher: A directory notification for 'D:/Gonzalo/Gonzalo-01/Unreal/IA-Protoype/IA/Content/Collections/' was aborted.
[2017.09.11-16.09.08:591][963]LogDirectoryWatcher: A directory notification for 'D:/Gonzalo/Gonzalo-01/Unreal/IA-Protoype/IA/Content/Developers/Usuario/Collections/' was aborted.
[2017.09.11-16.09.08:591][963]LogDirectoryWatcher: A directory notification for 'D:/Gonzalo/Gonzalo-01/Unreal/IA-Protoype/IA/Saved/Collections/' was aborted.
[2017.09.11-16.09.08:591][963]LogModuleManager: Shutting down and abandoning module StatsViewer (512)
[2017.09.11-16.09.08:591][963]LogModuleManager: Shutting down and abandoning module FoliageEdit (510)
[2017.09.11-16.09.08:591][963]LogModuleManager: Shutting down and abandoning module LandscapeEditor (508)
[2017.09.11-16.09.08:591][963]LogModuleManager: Shutting down and abandoning module MeshPaintMode (506)
[2017.09.11-16.09.08:591][963]LogModuleManager: Shutting down and abandoning module SceneDepthPickerMode (504)
[2017.09.11-16.09.08:591][963]LogModuleManager: Shutting down and abandoning module ActorPickerMode (502)
[2017.09.11-16.09.08:591][963]LogModuleManager: Shutting down and abandoning module GeometryMode (500)
[2017.09.11-16.09.08:591][963]LogModuleManager: Shutting down and abandoning module TextureAlignMode (498)
[2017.09.11-16.09.08:592][963]LogModuleManager: Shutting down and abandoning module BspMode (496)
[2017.09.11-16.09.08:592][963]LogModuleManager: Shutting down and abandoning module HardwareSurvey (494)
[2017.09.11-16.09.08:592][963]LogModuleManager: Shutting down and abandoning module SequenceRecorderSections (492)
[2017.09.11-16.09.08:592][963]LogModuleManager: Shutting down and abandoning module AutomationWorker (490)
[2017.09.11-16.09.08:592][963]LogModuleManager: Shutting down and abandoning module MatineeToLevelSequence (488)
[2017.09.11-16.09.08:592][963]LogModuleManager: Shutting down and abandoning module LevelSequenceEditor (486)
[2017.09.11-16.09.08:592][963]LogModuleManager: Shutting down and abandoning module PlacementMode (485)
[2017.09.11-16.09.08:592][963]LogModuleManager: Shutting down and abandoning module WmfMediaFactory (482)
[2017.09.11-16.09.08:592][963]LogModuleManager: Shutting down and abandoning module WmfMediaEditor (480)
[2017.09.11-16.09.08:592][963]LogModuleManager: Shutting down and abandoning module AvfMediaFactory (478)
[2017.09.11-16.09.08:592][963]LogModuleManager: Shutting down and abandoning module AvfMediaEditor (476)
[2017.09.11-16.09.08:592][963]LogModuleManager: Shutting down and abandoning module AndroidMediaFactory (474)
[2017.09.11-16.09.08:592][963]LogModuleManager: Shutting down and abandoning module Media (473)
[2017.09.11-16.09.08:592][963]LogModuleManager: Shutting down and abandoning module AndroidMediaEditor (470)
[2017.09.11-16.09.08:592][963]LogModuleManager: Shutting down and abandoning module CharacterAI (468)
[2017.09.11-16.09.08:592][963]LogModuleManager: Shutting down and abandoning module AudioCapture (466)
[2017.09.11-16.09.08:592][963]LogModuleManager: Shutting down and abandoning module SequenceRecorder (465)
[2017.09.11-16.09.08:592][963]LogModuleManager: Shutting down and abandoning module SmartSnapping (462)
[2017.09.11-16.09.08:592][963]LogModuleManager: Shutting down and abandoning module SessionServices (460)
[2017.09.11-16.09.08:592][963]LogModuleManager: Shutting down and abandoning module ViewportSnapping (458)
[2017.09.11-16.09.08:592][963]LogModuleManager: Shutting down and abandoning module ViewportInteraction (456)
[2017.09.11-16.09.08:592][963]LogModuleManager: Shutting down and abandoning module ClothPainter (454)
[2017.09.11-16.09.08:592][963]LogModuleManager: Shutting down and abandoning module LogVisualizer (452)
[2017.09.11-16.09.08:592][963]LogModuleManager: Shutting down and abandoning module IntroTutorials (450)
[2017.09.11-16.09.08:592][963]LogModuleManager: Shutting down and abandoning module GameProjectGeneration (449)
[2017.09.11-16.09.08:592][963]LogModuleManager: Shutting down and abandoning module EditorLiveStreaming (446)
[2017.09.11-16.09.08:592][963]LogModuleManager: Shutting down and abandoning module IOSPlatformEditor (444)
[2017.09.11-16.09.08:592][963]LogModuleManager: Shutting down and abandoning module HTML5PlatformEditor (442)
[2017.09.11-16.09.08:592][963]LogModuleManager: Shutting down and abandoning module AndroidPlatformEditor (440)
[2017.09.11-16.09.08:592][963]LogModuleManager: Shutting down and abandoning module AndroidDeviceDetection (439)
[2017.09.11-16.09.09:303][963]LogModuleManager: Shutting down and abandoning module IOSRuntimeSettings (436)
[2017.09.11-16.09.09:303][963]LogModuleManager: Shutting down and abandoning module AndroidRuntimeSettings (434)
[2017.09.11-16.09.09:303][963]LogModuleManager: Shutting down and abandoning module InputBindingEditor (432)
[2017.09.11-16.09.09:303][963]LogModuleManager: Shutting down and abandoning module MergeActors (430)
[2017.09.11-16.09.09:303][963]LogModuleManager: Shutting down and abandoning module SizeMap (428)
[2017.09.11-16.09.09:303][963]LogModuleManager: Shutting down and abandoning module TreeMap (426)
[2017.09.11-16.09.09:303][963]LogModuleManager: Shutting down and abandoning module ReferenceViewer (424)
[2017.09.11-16.09.09:303][963]LogModuleManager: Shutting down and abandoning module LocalizationDashboard (422)
[2017.09.11-16.09.09:303][963]LogModuleManager: Shutting down and abandoning module LocalizationService (421)
[2017.09.11-16.09.09:303][963]LogModuleManager: Shutting down and abandoning module HardwareTargeting (418)
[2017.09.11-16.09.09:303][963]LogModuleManager: Shutting down and abandoning module DeviceProfileEditor (416)
[2017.09.11-16.09.09:303][963]LogModuleManager: Shutting down and abandoning module UndoHistory (414)
[2017.09.11-16.09.09:303][963]LogModuleManager: Shutting down and abandoning module UserFeedback (412)
[2017.09.11-16.09.09:303][963]LogModuleManager: Shutting down and abandoning module XmlParser (410)
[2017.09.11-16.09.09:303][963]LogModuleManager: Shutting down and abandoning module Blutility (408)
[2017.09.11-16.09.09:303][963]LogModuleManager: Shutting down and abandoning module ProjectSettingsViewer (406)
[2017.09.11-16.09.09:304][963]LogModuleManager: Shutting down and abandoning module ProjectTargetPlatformEditor (405)
[2017.09.11-16.09.09:304][963]LogModuleManager: Shutting down and abandoning module EditorSettingsViewer (402)
[2017.09.11-16.09.09:304][963]LogModuleManager: Shutting down and abandoning module SettingsEditor (400)
[2017.09.11-16.09.09:304][963]LogModuleManager: Shutting down and abandoning module ProjectLauncher (398)
[2017.09.11-16.09.09:304][963]LogModuleManager: Shutting down and abandoning module SessionFrontend (396)
[2017.09.11-16.09.09:304][963]LogModuleManager: Shutting down and abandoning module ProfilerClient (394)
[2017.09.11-16.09.09:304][963]LogModuleManager: Shutting down and abandoning module DeviceManager (392)
[2017.09.11-16.09.09:304][963]LogModuleManager: Shutting down and abandoning module TargetDeviceServices (391)
[2017.09.11-16.09.09:370][963]LogModuleManager: Shutting down and abandoning module AutomationController (388)
[2017.09.11-16.09.09:370][963]LogModuleManager: Shutting down and abandoning module AutomationWindow (386)
[2017.09.11-16.09.09:370][963]LogModuleManager: Shutting down and abandoning module Layers (384)
[2017.09.11-16.09.09:370][963]LogModuleManager: Shutting down and abandoning module ComponentVisualizers (382)
[2017.09.11-16.09.09:370][963]LogModuleManager: Shutting down and abandoning module DetailCustomizations (380)
[2017.09.11-16.09.09:370][963]LogModuleManager: Shutting down and abandoning module PackagesDialog (378)
[2017.09.11-16.09.09:370][963]LogModuleManager: Shutting down and abandoning module Persona (376)
[2017.09.11-16.09.09:370][963]LogModuleManager: Shutting down and abandoning module AdvancedPreviewScene (375)
[2017.09.11-16.09.09:370][963]LogModuleManager: Shutting down and abandoning module AnimGraph (373)
[2017.09.11-16.09.09:370][963]LogModuleManager: Shutting down and abandoning module Kismet (370)
[2017.09.11-16.09.09:372][963]LogModuleManager: Shutting down and abandoning module ClassViewer (368)
[2017.09.11-16.09.09:372][963]LogModuleManager: Shutting down and abandoning module Toolbox (366)
[2017.09.11-16.09.09:372][963]LogModuleManager: Shutting down and abandoning module ModuleUI (364)
[2017.09.11-16.09.09:372][963]LogModuleManager: Shutting down and abandoning module MovieSceneTools (362)
[2017.09.11-16.09.09:372][963]LogModuleManager: Shutting down and abandoning module OutputLog (360)
[2017.09.11-16.09.09:372][963]LogModuleManager: Shutting down and abandoning module GammaUI (358)
[2017.09.11-16.09.09:372][963]LogModuleManager: Shutting down and abandoning module Documentation (356)
[2017.09.11-16.09.09:372][963]LogModuleManager: Shutting down and abandoning module MovieSceneTracks (354)
[2017.09.11-16.09.09:372][963]LogModuleManager: Shutting down and abandoning module MovieScene (352)
[2017.09.11-16.09.09:372][963]LogModuleManager: Shutting down and abandoning module Niagara (350)
[2017.09.11-16.09.09:372][963]LogModuleManager: Shutting down and abandoning module NiagaraEditor (349)
[2017.09.11-16.09.09:372][963]LogModuleManager: Shutting down and abandoning module StreamingPauseRendering (346)
[2017.09.11-16.09.09:372][963]LogModuleManager: Shutting down and abandoning module AnalyticsET (344)
[2017.09.11-16.09.09:372][963]LogModuleManager: Shutting down and abandoning module PortalServices (342)
[2017.09.11-16.09.09:372][963]LogModuleManager: Shutting down and abandoning module PortalRpc (340)
[2017.09.11-16.09.09:372][963]LogModuleManager: Shutting down and abandoning module MessagingRpc (338)
[2017.09.11-16.09.09:372][963]LogModuleManager: Shutting down and abandoning module AIModule (336)
[2017.09.11-16.09.09:372][963]LogModuleManager: Shutting down and abandoning module GameplayDebugger (335)
[2017.09.11-16.09.09:372][963]LogModuleManager: Shutting down and abandoning module AITestSuite (333)
[2017.09.11-16.09.09:372][963]LogModuleManager: Shutting down and abandoning module ProfilerService (330)
[2017.09.11-16.09.09:454][963]LogModuleManager: Shutting down and abandoning module TaskGraph (328)
[2017.09.11-16.09.09:454][963]LogModuleManager: Shutting down and abandoning module SteamVRController (326)
[2017.09.11-16.09.09:454][963]LogModuleManager: Shutting down and abandoning module SteamVR (324)
[2017.09.11-16.09.09:454][963]LogModuleManager: Shutting down and abandoning module ProceduralMeshComponentEditor (322)
[2017.09.11-16.09.09:454][963]LogModuleManager: Shutting down and abandoning module ProceduralMeshComponent (320)
[2017.09.11-16.09.09:454][963]LogModuleManager: Shutting down and abandoning module OculusLibrary (318)
[2017.09.11-16.09.09:454][963]LogModuleManager: Shutting down and abandoning module OculusInput (316)
[2017.09.11-16.09.09:454][963]LogModuleManager: Shutting down and abandoning module MobilePatchingUtils (314)
[2017.09.11-16.09.09:454][963]LogModuleManager: Shutting down and abandoning module CustomMeshComponent (312)
[2017.09.11-16.09.09:454][963]LogModuleManager: Shutting down and abandoning module CableComponent (310)
[2017.09.11-16.09.09:454][963]LogModuleManager: Shutting down and abandoning module ArchVisCharacter (308)
[2017.09.11-16.09.09:454][963]LogModuleManager: Shutting down and abandoning module AndroidPermission (306)
[2017.09.11-16.09.09:454][963]LogModuleManager: Shutting down and abandoning module MediaPlayerEditor (302)
[2017.09.11-16.09.09:454][963]LogModuleManager: Shutting down and abandoning module HTML5Networking (300)
[2017.09.11-16.09.09:454][963]LogModuleManager: Shutting down and abandoning module AlembicImporter (298)
[2017.09.11-16.09.09:455][963]LogModuleManager: Shutting down and abandoning module AlembicLibrary (297)
[2017.09.11-16.09.09:455][963]LogModuleManager: Shutting down and abandoning module GeometryCache (296)
[2017.09.11-16.09.09:455][963]LogModuleManager: Shutting down and abandoning module GeometryCacheEd (295)
[2017.09.11-16.09.09:455][963]LogModuleManager: Shutting down and abandoning module SuperSearchEditor (290)
[2017.09.11-16.09.09:455][963]LogModuleManager: Shutting down and abandoning module SuperSearch (289)
[2017.09.11-16.09.09:455][963]LogModuleManager: Shutting down and abandoning module SpeedTreeImporter (286)
[2017.09.11-16.09.09:455][963]LogModuleManager: Shutting down and abandoning module PluginBrowser (284)
[2017.09.11-16.09.09:455][963]LogModuleManager: Shutting down and abandoning module MobileLauncherProfileWizard (282)
[2017.09.11-16.09.09:455][963]LogModuleManager: Shutting down and abandoning module VisualStudioSourceCodeAccess (280)
[2017.09.11-16.09.09:455][963]LogModuleManager: Shutting down and abandoning module DesktopPlatform (279)
[2017.09.11-16.09.09:455][963]LogModuleManager: Shutting down and abandoning module UObjectPlugin (276)
[2017.09.11-16.09.09:455][963]LogModuleManager: Shutting down and abandoning module SubversionSourceControl (274)
[2017.09.11-16.09.09:455][963]LogModuleManager: Shutting down and abandoning module PerforceSourceControl (272)
[2017.09.11-16.09.09:455][963]LogModuleManager: Shutting down and abandoning module GitSourceControl (270)
[2017.09.11-16.09.09:455][963]LogModuleManager: Shutting down and abandoning module SourceControl (269)
[2017.09.11-16.09.09:455][963]LogModuleManager: Shutting down and abandoning module LightPropagationVolumeEditor (266)
[2017.09.11-16.09.09:455][963]LogModuleManager: Shutting down and abandoning module PaperTiledImporter (264)
[2017.09.11-16.09.09:455][963]LogModuleManager: Shutting down and abandoning module PaperSpriteSheetImporter (262)
[2017.09.11-16.09.09:455][963]LogModuleManager: Shutting down and abandoning module Paper2DEditor (260)
[2017.09.11-16.09.09:455][963]LogModuleManager: Shutting down and abandoning module MeshPaint (259)
[2017.09.11-16.09.09:456][963]LogModuleManager: Shutting down and abandoning module LevelEditor (257)
[2017.09.11-16.09.09:457][963]LogModuleManager: Shutting down and abandoning module PixelInspectorModule (256)
[2017.09.11-16.09.09:457][963]LogModuleManager: Shutting down and abandoning module MainFrame (254)
[2017.09.11-16.09.09:458][963]LogModuleManager: Shutting down and abandoning module HotReload (253)
[2017.09.11-16.09.09:458][963]LogDirectoryWatcher: A directory notification for 'D:/Gonzalo/Gonzalo-01/Unreal/IA-Protoype/IA/Binaries/Win64' was aborted.
[2017.09.11-16.09.09:459][963]LogModuleManager: Shutting down and abandoning module PhysXVehiclesEditor (246)
[2017.09.11-16.09.09:459][963]LogModuleManager: Shutting down and abandoning module PhysXVehicles (244)
[2017.09.11-16.09.09:459][963]LogModuleManager: Shutting down and abandoning module LocationServicesBPLibrary (242)
[2017.09.11-16.09.09:459][963]LogModuleManager: Shutting down and abandoning module ImmediatePhysicsEditor (240)
[2017.09.11-16.09.09:459][963]LogModuleManager: Shutting down and abandoning module ImmediatePhysics (238)
[2017.09.11-16.09.09:460][963]LogModuleManager: Shutting down and abandoning module UdpMessaging (236)
[2017.09.11-16.09.09:561][963]LogModuleManager: Shutting down and abandoning module TcpMessaging (234)
[2017.09.11-16.09.09:661][963]LogModuleManager: Shutting down and abandoning module GameplayTagsEditor (232)
[2017.09.11-16.09.09:661][963]LogModuleManager: Shutting down and abandoning module FacialAnimationEditor (230)
[2017.09.11-16.09.09:661][963]LogModuleManager: Shutting down and abandoning module FacialAnimation (228)
[2017.09.11-16.09.09:661][963]LogModuleManager: Shutting down and abandoning module AssetManagerEditor (226)
[2017.09.11-16.09.09:661][963]LogModuleManager: Shutting down and abandoning module GraphEditor (225)
[2017.09.11-16.09.09:661][963]LogModuleManager: Shutting down and abandoning module ContentBrowser (223)
[2017.09.11-16.09.09:664][963]LogModuleManager: Shutting down and abandoning module LightPropagationVolumeRuntime (220)
[2017.09.11-16.09.09:664][963]LogModuleManager: Shutting down and abandoning module Paper2D (218)
[2017.09.11-16.09.09:664][963]LogModuleManager: Shutting down and abandoning module WindowsMoviePlayer (216)
[2017.09.11-16.09.09:664][963]LogModuleManager: Shutting down and abandoning module WmfMedia (214)
[2017.09.11-16.09.09:664][963]LogModuleManager: Shutting down and abandoning module ClothingSystemEditor (212)
[2017.09.11-16.09.09:664][963]LogModuleManager: Shutting down and abandoning module ClothingSystemRuntime (210)
[2017.09.11-16.09.09:664][963]LogModuleManager: Shutting down and abandoning module MediaAssets (208)
[2017.09.11-16.09.09:664][963]LogModuleManager: Shutting down and abandoning module GameLiveStreaming (206)
[2017.09.11-16.09.09:664][963]LogModuleManager: Shutting down and abandoning module VREditor (204)
[2017.09.11-16.09.09:665][963]LogModuleManager: Shutting down and abandoning module StringTableEditor (202)
[2017.09.11-16.09.09:665][963]LogModuleManager: Shutting down and abandoning module GameplayTasksEditor (200)
[2017.09.11-16.09.09:665][963]LogModuleManager: Shutting down and abandoning module BehaviorTreeEditor (198)
[2017.09.11-16.09.09:665][963]LogModuleManager: Shutting down and abandoning module FunctionalTesting (196)
[2017.09.11-16.09.09:665][963]LogModuleManager: Shutting down and abandoning module CollisionAnalyzer (194)
[2017.09.11-16.09.09:665][963]LogModuleManager: Shutting down and abandoning module UMG (192)
[2017.09.11-16.09.09:665][963]LogModuleManager: Shutting down and abandoning module UMGEditor (191)
[2017.09.11-16.09.09:665][963]LogModuleManager: Shutting down and abandoning module Sequencer (190)
[2017.09.11-16.09.09:665][963]LogModuleManager: Shutting down and abandoning module AssetTools (188)
[2017.09.11-16.09.09:665][963]LogModuleManager: Shutting down and abandoning module MessageLog (187)
[2017.09.11-16.09.09:665][963]LogModuleManager: Shutting down and abandoning module WorkspaceMenuStructure (186)
[2017.09.11-16.09.09:665][963]LogModuleManager: Shutting down and abandoning module SlateReflector (180)
[2017.09.11-16.09.09:665][963]LogModuleManager: Shutting down and abandoning module Slate (178)
[2017.09.11-16.09.09:665][963]LogModuleManager: Shutting down and abandoning module EditorStyle (176)
[2017.09.11-16.09.09:681][963]LogModuleManager: Shutting down and abandoning module SourceCodeAccess (174)
[2017.09.11-16.09.09:681][963]LogModuleManager: Shutting down and abandoning module HeadMountedDisplay (172)
[2017.09.11-16.09.09:681][963]LogModuleManager: Shutting down and abandoning module XAudio2 (170)
[2017.09.11-16.09.09:681][963]LogModuleManager: Shutting down and abandoning module Networking (168)
[2017.09.11-16.09.09:681][963]LogModuleManager: Shutting down and abandoning module Core (164)
[2017.09.11-16.09.09:681][963]LogModuleManager: Shutting down and abandoning module AssetRegistry (162)
[2017.09.11-16.09.09:868][963]LogDirectoryWatcher: A directory notification for '../../../Engine/Content/' was aborted.
[2017.09.11-16.09.09:868][963]LogDirectoryWatcher: A directory notification for 'D:/Gonzalo/Gonzalo-01/Unreal/IA-Protoype/IA/Content/' was aborted.
[2017.09.11-16.09.09:868][963]LogDirectoryWatcher: A directory notification for '../../../Engine/Plugins/2D/Paper2D/Content/' was aborted.
[2017.09.11-16.09.09:869][963]LogDirectoryWatcher: A directory notification for '../../../Engine/Plugins/Runtime/GearVR/Content/' was aborted.
[2017.09.11-16.09.09:876][963]LogModuleManager: Shutting down and abandoning module DirectoryWatcher (161)
[2017.09.11-16.09.09:878][963]LogModuleManager: Shutting down and abandoning module KismetCompiler (158)
[2017.09.11-16.09.09:878][963]LogModuleManager: Shutting down and abandoning module LevelSequence (156)
[2017.09.11-16.09.09:878][963]LogModuleManager: Shutting down and abandoning module PhysXFormats (154)
[2017.09.11-16.09.09:878][963]LogModuleManager: Shutting down and abandoning module MeshUtilities (152)
[2017.09.11-16.09.09:878][963]LogModuleManager: Shutting down and abandoning module SimplygonSwarm (151)
[2017.09.11-16.09.09:878][963]LogModuleManager: Shutting down and abandoning module SimplygonMeshReduction (149)
[2017.09.11-16.09.09:878][963]LogModuleManager: Shutting down and abandoning module QuadricMeshReduction (147)
[2017.09.11-16.09.09:878][963]LogModuleManager: Shutting down and abandoning module DerivedDataCache (144)
[2017.09.11-16.09.09:903][963]LogDerivedDataCache: Shutdown
[2017.09.11-16.09.09:903][963]LogModuleManager: Shutting down and abandoning module TargetPlatform (142)
[2017.09.11-16.09.09:903][963]LogModuleManager: Shutting down and abandoning module VulkanShaderFormat (141)
[2017.09.11-16.09.09:903][963]LogModuleManager: Shutting down and abandoning module ShaderFormatVectorVM (139)
[2017.09.11-16.09.09:903][963]LogModuleManager: Shutting down and abandoning module ShaderFormatOpenGL (137)
[2017.09.11-16.09.09:903][963]LogModuleManager: Shutting down and abandoning module ShaderFormatD3D (135)
[2017.09.11-16.09.09:903][963]LogModuleManager: Shutting down and abandoning module MetalShaderFormat (133)
[2017.09.11-16.09.09:903][963]LogModuleManager: Shutting down and abandoning module TextureFormatUncompressed (131)
[2017.09.11-16.09.09:903][963]LogModuleManager: Shutting down and abandoning module TextureFormatPVR (129)
[2017.09.11-16.09.09:904][963]LogModuleManager: Shutting down and abandoning module TextureFormatDXT (127)
[2017.09.11-16.09.09:904][963]LogModuleManager: Shutting down and abandoning module TextureFormatIntelISPCTexComp (125)
[2017.09.11-16.09.09:904][963]LogModuleManager: Shutting down and abandoning module TextureFormatASTC (123)
[2017.09.11-16.09.09:904][963]LogModuleManager: Shutting down and abandoning module ImageWrapper (122)
[2017.09.11-16.09.09:904][963]LogModuleManager: Shutting down and abandoning module TextureFormatAndroid (119)
[2017.09.11-16.09.09:904][963]LogModuleManager: Shutting down and abandoning module AudioFormatOpus (117)
[2017.09.11-16.09.09:904][963]LogModuleManager: Shutting down and abandoning module AudioFormatOgg (115)
[2017.09.11-16.09.09:904][963]LogModuleManager: Shutting down and abandoning module AudioFormatADPCM (113)
[2017.09.11-16.09.09:904][963]LogModuleManager: Shutting down and abandoning module LinuxTargetPlatform (111)
[2017.09.11-16.09.09:904][963]LogModuleManager: Shutting down and abandoning module LinuxServerTargetPlatform (109)
[2017.09.11-16.09.09:904][963]LogModuleManager: Shutting down and abandoning module LinuxNoEditorTargetPlatform (107)
[2017.09.11-16.09.09:904][963]LogModuleManager: Shutting down and abandoning module LinuxClientTargetPlatform (105)
[2017.09.11-16.09.09:904][963]LogModuleManager: Shutting down and abandoning module TVOSTargetPlatform (103)
[2017.09.11-16.09.09:904][963]LogModuleManager: Shutting down and abandoning module Messaging (101)
[2017.09.11-16.09.09:904][963]LogModuleManager: Shutting down and abandoning module IOSTargetPlatform (99)
[2017.09.11-16.09.09:904][963]LogModuleManager: Shutting down and abandoning module HTML5TargetPlatform (97)
[2017.09.11-16.09.09:904][963]LogModuleManager: Shutting down and abandoning module Android_PVRTCTargetPlatform (95)
[2017.09.11-16.09.09:904][963]LogModuleManager: Shutting down and abandoning module Android_MultiTargetPlatform (93)
[2017.09.11-16.09.09:904][963]LogModuleManager: Shutting down and abandoning module Android_ETC2TargetPlatform (91)
[2017.09.11-16.09.09:904][963]LogModuleManager: Shutting down and abandoning module Android_ETC1TargetPlatform (89)
[2017.09.11-16.09.09:904][963]LogModuleManager: Shutting down and abandoning module Android_DXTTargetPlatform (87)
[2017.09.11-16.09.09:904][963]LogModuleManager: Shutting down and abandoning module Android_ATCTargetPlatform (85)
[2017.09.11-16.09.09:904][963]LogModuleManager: Shutting down and abandoning module Android_ASTCTargetPlatform (83)
[2017.09.11-16.09.09:904][963]LogModuleManager: Shutting down and abandoning module AndroidTargetPlatform (81)
[2017.09.11-16.09.09:904][963]LogModuleManager: Shutting down and abandoning module WindowsTargetPlatform (79)
[2017.09.11-16.09.09:904][963]LogModuleManager: Shutting down and abandoning module WindowsServerTargetPlatform (77)
[2017.09.11-16.09.09:904][963]LogModuleManager: Shutting down and abandoning module WindowsNoEditorTargetPlatform (75)
[2017.09.11-16.09.09:904][963]LogModuleManager: Shutting down and abandoning module WindowsClientTargetPlatform (73)
[2017.09.11-16.09.09:904][963]LogModuleManager: Shutting down and abandoning module MacTargetPlatform (71)
[2017.09.11-16.09.09:905][963]LogModuleManager: Shutting down and abandoning module MacServerTargetPlatform (69)
[2017.09.11-16.09.09:905][963]LogModuleManager: Shutting down and abandoning module MacNoEditorTargetPlatform (67)
[2017.09.11-16.09.09:905][963]LogModuleManager: Shutting down and abandoning module MacClientTargetPlatform (65)
[2017.09.11-16.09.09:905][963]LogModuleManager: Shutting down and abandoning module AllDesktopTargetPlatform (63)
[2017.09.11-16.09.09:905][963]LogModuleManager: Shutting down and abandoning module InputCore (60)
[2017.09.11-16.09.09:905][963]LogModuleManager: Shutting down and abandoning module Settings (58)
[2017.09.11-16.09.09:905][963]LogModuleManager: Shutting down and abandoning module OculusRift (56)
[2017.09.11-16.09.09:905][963]LogModuleManager: Shutting down and abandoning module GearVRController (54)
[2017.09.11-16.09.09:905][963]LogModuleManager: Shutting down and abandoning module GearVR (52)
[2017.09.11-16.09.09:905][963]LogModuleManager: Shutting down and abandoning module ExampleDeviceProfileSelector (50)
[2017.09.11-16.09.09:905][963]LogModuleManager: Shutting down and abandoning module OnlineBlueprintSupport (48)
[2017.09.11-16.09.09:905][963]LogModuleManager: Shutting down and abandoning module OnlineSubsystem (44)
[2017.09.11-16.09.09:905][963]LogOnline:Display: Unloading online subsystem: NULL
[2017.09.11-16.09.09:905][963]LogModuleManager: Shutting down and abandoning module XMPP (43)
[2017.09.11-16.09.09:905][963]LogModuleManager: Shutting down and abandoning module HTTP (41)
[2017.09.11-16.09.09:905][963]LogHttp:Display: Http module shutting down, but needs to wait on 1 outstanding Http requests:
[2017.09.11-16.09.09:905][963]LogHttp:Display: 	verb=[POST] url=[https://datarouter.ol.epicgames.com/datarouter/api/v1/public/data?SessionID=%7B3004068A-494F-A4D7-36F0-5FA1FAC62A7F%7D&AppID=UEEditor.Rocket.Release&AppVersion=4.16.3-3561208%2B%2B%2BUE4%2BRelease-4.16&UserID=d3d293ad40312bdc250f82878f9e3990%7Cb3dfd9ddead147e5bbf052f9b537a3d1%7C2b8d88d0-c30e-43a8-bfdf-7e19d93dabe6&AppEnvironment=datacollector-binary&UploadType=eteventstream] status=Processing
[2017.09.11-16.09.09:916][963]LogModuleManager: Shutting down and abandoning module SSL (40)
[2017.09.11-16.09.09:920][963]LogModuleManager: Shutting down and abandoning module HTTPChunkInstaller (36)
[2017.09.11-16.09.09:920][963]LogModuleManager: Shutting down and abandoning module AnimationModifiers (34)
[2017.09.11-16.09.09:920][963]LogModuleManager: Shutting down and abandoning module PropertyEditor (33)
[2017.09.11-16.09.09:921][963]LogModuleManager: Shutting down and abandoning module AudioEditor (30)
[2017.09.11-16.09.09:921][963]LogModuleManager: Shutting down and abandoning module TextureCompressor (28)
[2017.09.11-16.09.09:921][963]LogModuleManager: Shutting down and abandoning module ShaderCore (26)
[2017.09.11-16.09.09:921][963]LogModuleManager: Shutting down and abandoning module Landscape (24)
[2017.09.11-16.09.09:921][963]LogModuleManager: Shutting down and abandoning module SlateRHIRenderer (22)
[2017.09.11-16.09.09:923][963]LogModuleManager: Shutting down and abandoning module OpenGLDrv (20)
[2017.09.11-16.09.09:923][963]LogModuleManager: Shutting down and abandoning module D3D11RHI (18)
[2017.09.11-16.09.09:923][963]LogModuleManager: Shutting down and abandoning module AnimGraphRuntime (16)
[2017.09.11-16.09.09:923][963]LogModuleManager: Shutting down and abandoning module Renderer (14)
[2017.09.11-16.09.09:923][963]LogModuleManager: Shutting down and abandoning module Engine (12)
[2017.09.11-16.09.09:923][963]LogModuleManager: Shutting down and abandoning module CoreUObject (10)
[2017.09.11-16.09.09:923][963]LogModuleManager: Shutting down and abandoning module NetworkFile (8)
[2017.09.11-16.09.09:923][963]LogModuleManager: Shutting down and abandoning module StreamingFile (6)
[2017.09.11-16.09.09:923][963]LogModuleManager: Shutting down and abandoning module SandboxFile (4)
[2017.09.11-16.09.09:923][963]LogModuleManager: Shutting down and abandoning module PakFile (2)
[2017.09.11-16.09.09:926][963]LogExit: Exiting.
[2017.09.11-16.09.09:965][963]Log file closed, 09/11/17 11:09:09
